-1
-1
-1
-1
-1
-1
-1
-1
0
Schwarz 黑黑 of.manufacture@was.taken 1
-1
-1
-1
-1
-1
0
0
0
-1
-1
0
0
Ptilopsis 白面鸮 this.distinctive@feature.it 2
-1
-1
-1
-1
Liskarm 雷蛇 well.as.against@its.reactionar 1
Bibeak 柏喙 the.bourgeoisie@possesses.howe 1
0
0
Shamare 巫恋 rising.Even@manufacture.no 1
0
Magallan 麦哲 existing.societies@is.the 1
-1
Ambriel 安比尔 millionaires@the.leaders 1
Cliffheart 崖心 in.London.and@sketched.the 1
Skyfire 天火 published.in@the.English 1
Sideroca 铸铁 rising.bourgeoisie@The.EastInd 1
Mostima 莫斯提马 of.the.earliest@towns.From 2
Sesa 慑砂 element.in@the.tottering 1
Courier 讯使 publish.their@views.their 1
Franka 芙兰 of.division@of.labour 1
Swire 诗怀 the.place.of@the.industrial 1
Hung 吽吽 itself.a.Power@II.It 1
0
0
-1
Saria 塞雷娅 in.the.common@ruin.of 1
-1
-1
Bison 拜松 classes.again@subordinate.grad 1
-1
Lappland 拉普兰德 manifold.gradation@of.social 1
Eyjafjalla 艾雅法拉 its.place.The@guildmasters.wer 2
0
-1
Leizi 惊蛰 this.spectre@Pope.and 1
-1
Ptilopsis 白面鸮 this.distinctive@feature.it 2
Cutter 刻刀 antagonisms@Society.as 1
0
0
0
0
0
Vermeil 红云 production@The.place 1
Gravel 砾砾 that.each.time@ended.either 1
0
-1
Steward 史都华德 society.at@large.or 1
-1
0
0
0
0
-1
Gitano 远山 sprang.the@chartered.burghers 1
Chen 陈陈 into.various@orders.a 2
Dobermann 杜宾 in.a.word.oppressor@and.oppres 1
Ifrit 伊芙利特 one.another@carried.on 2
-1
Purestream 清流 party.itself@To.this 1
0
0
0
Elysium 极境 has.simplified@the.class 3
Sora 空空 have.patricians@knights.plebei 1
Leizi 惊蛰 this.spectre@Pope.and 1
Manticore 狮蝎 not.hurled@back.the 2
0
Eyjafjalla 艾雅法拉 its.place.The@guildmasters.wer 2
Sora 空空 have.patricians@knights.plebei 1
0
0
-1
Durin 杜林 feudal.society@a.rapid 1
0
Hibiscus 芙蓉 Communistic@by.its 1
Saria 塞雷娅 in.the.common@ruin.of 1
0
Gitano 远山 sprang.the@chartered.burghers 1
ProjeKTRed 红红 everywhere@a.complicated 1
Magallan 麦哲 existing.societies@is.the 1
Sesa 慑砂 This.market@has.given 1
0
0
Hung 吽吽 itself.a.Power@II.It 1
0
0
1
IHEARDthatyouask 广东省云浮市 07-25 19:00 -> 四川省彭州市 07-25 23:13 20 91153
Nightmare 夜魔 policespies@Where.is 3
0
1
INSCRIPTIONS 江苏省扬州市 07-24 08:17 -> 新疆米泉市 07-24 14:38 650 70655
Swire 诗怀 the.place.of@the.industrial 1
6941800
Istina 真理 for.which.the@discovery.of 1
Hung 吽吽 itself.a.Power@II.It 1
29231652
1
INSCRIPTIONS 黑龙江省五大连池市 07-03 19:22 -> 新疆米泉市 07-04 14:38 1706 65691
5
[success] LeavesofGrass 湖南省衡阳市 07-03 16:20 -> 福建省建阳市 07-03 21:14 1134 4875
[success] LeavesofGrass 河南省偃师市 07-05 03:31 -> 浙江省慈溪市 07-05 09:48 665 10586
[success] LeavesofGrass 浙江省平湖市 08-01 08:59 -> 辽宁省抚顺市 08-01 14:21 802 492
[success] LeavesofGrass 湖南省衡阳市 07-11 16:20 -> 宁夏石嘴山市 07-11 19:18 734 16255
[success] LeavesofGrass 湖南省衡阳市 07-04 16:20 -> 黑龙江省海林市 07-04 22:46 1148 23554
1
LeavesofGrass 陕西省安康市 07-23 17:25 -> 福建省建阳市 07-23 21:14 646 69425
3639497
1
IHEARDthatyouask 新疆吐鲁番市 07-08 05:55 -> 广东省云浮市 07-08 18:52 725 91153
queue
Cardigan 卡缇 the.markets@kept.ever 1
ShiraYuki 白雪 and.Danish@languages.I 3
1
IHEARDthatyouask 天津市 07-25 06:35 -> 广东省云浮市 07-25 18:52 229 91153
1
INSCRIPTIONS 黑龙江省五大连池市 06-27 19:22 -> 新疆米泉市 06-28 14:38 1706 53412
1393048
5905872
10302026
Purestream 清流 party.itself@To.this 1
-1
Meteorite 陨星 thereby.to@the.revolutionary 3
1
INSCRIPTIONS 贵州省清镇市 08-18 16:24 -> 江苏省扬州市 08-19 08:14 1229 70655
ProjeKTRed 红红 everywhere@a.complicated 1
1
LeavesofGrass 新疆塔城市 07-26 07:38 -> 辽宁省抚顺市 07-26 14:21 1093 61000
Cliffheart 崖心 in.London.and@sketched.the 1
-1
0
-1
4158616
1
INSCRIPTIONS 贵州省清镇市 07-14 16:24 -> 新疆米泉市 07-15 14:38 1879 68489
queue
17467450
-1
Courier 讯使 publish.their@views.their 1
1
IHEARDthatyouask 新疆吐鲁番市 08-02 05:55 -> 四川省彭州市 08-02 23:13 745 91153
1
INSCRIPTIONS 云南省安宁市 07-15 20:50 -> 北京市 07-16 06:40 700 70655
1
IHEARDthatyouask 天津市 07-16 06:35 -> 广东省云浮市 07-16 18:52 229 91153
1
LeavesofGrass 新疆塔城市 07-14 07:38 -> 福建省建阳市 07-14 21:14 2472 1723
Phantom 傀影 not.done.away@with.class 1
Silence 赫默 stood.in.constant@opposition.t 1
-1
FEater 食铁兽 an.uninterrupted@now.hidden 1
1
IHEARDthatyouask 天津市 07-23 06:35 -> 广东省云浮市 07-23 18:52 229 91153
23130400
1
INSCRIPTIONS 广东省惠阳市 08-03 01:41 -> 湖北省枣阳市 08-03 11:59 1099 69170
-1
Croissant 可颂 French.German@Italian.Flemish 1
0
0
18282155
-1
1
IHEARDthatyouask 天津市 07-09 06:35 -> 广东省云浮市 07-09 18:52 229 91153
304660
0
Nearl 临光 history.we@find.almost 1
Bibeak 柏喙 the.bourgeoisie@possesses.howe 1
220584
63240
Rangers 巡林 arrangement@of.society 3
Ansel 安赛尔 now.open.fight@a.fight 2
1
INSCRIPTIONS 黑龙江省五大连池市 07-19 19:22 -> 云南省安宁市 07-19 20:42 156 63020
328100
Lava 炎熔 modern.bourgeois@Modern.indust 1
2
[success] INSCRIPTIONS 云南省安宁市 07-23 20:50 -> 广东省高要市 07-23 21:36 136 10243
[pending] LeavesofGrass 新疆塔城市 07-13 07:38 -> 广东省花都市 07-14 01:39 3100 14050
Mayer 梅尔 colonisation@of.America 1
Perfumer 调香师 the.earlier@epochs.of 1
-1
0
1
INSCRIPTIONS 江苏省扬州市 08-06 08:17 -> 新疆米泉市 08-06 14:38 650 70655
Ifrit 伊芙利特 one.another@carried.on 2
Istina 真理 communication@by.land 1
Gitano 远山 sprang.the@chartered.burghers 1
1
INSCRIPTIONS 广东省惠阳市 07-02 01:41 -> 湖北省枣阳市 07-02 11:59 1099 61778
1
INSCRIPTIONS 贵州省清镇市 07-27 16:24 -> 新疆米泉市 07-28 14:38 1879 70655
7989082
3146437
33100466
84620
10457160
1219274
WaaiFu 槐琥 French.Radicals@and.German 2
Grani 格拉尼 serfs.of.the@Middle.Ages 1
0
Warfarin 华法琳 the.different@corporate.guilds 1
Reed 苇草 has.established@the.worldmarke 2
155354
1
LeavesofGrass 陕西省安康市 07-06 17:25 -> 新疆伊宁市 07-07 08:52 2101 39713
0
1
LeavesofGrass 河北省河间市 08-03 18:11 -> 宁夏石嘴山市 08-03 19:18 221 47463
Texas 德克萨斯 of.whole.industrial@armies.the 1
24148430
0
1
INSCRIPTIONS 黑龙江省五大连池市 07-10 19:22 -> 湖北省枣阳市 07-11 11:59 1544 64018
1930722
1
INSCRIPTIONS 黑龙江省五大连池市 08-11 19:22 -> 江苏省扬州市 08-12 08:14 1056 70655
1
[success] IHEARDthatyouask 天津市 08-01 06:35 -> 广东省云浮市 08-01 18:52 229 15893
Franka 芙兰 of.division@of.labour 1
-1
Meteorite 陨星 thereby.to@the.revolutionary 3
Rangers 巡林 arrangement@of.society 3
1
INSCRIPTIONS 黑龙江省五大连池市 08-13 19:22 -> 云南省安宁市 08-13 20:42 156 70655
-1
Cardigan 卡缇 the.markets@kept.ever 1
Conviction 断罪 vanished.in@the.face 2
2185971
8918700
1
IHEARDthatyouask 新疆吐鲁番市 07-18 05:55 -> 四川省彭州市 07-18 23:13 745 82374
Shaw 阿消 new.conditions@of.oppression 1
2163876
Estelle 艾丝黛尔 This.development@has.in 3
Fang 芬芬 sufficed.for@the.growing 1
1
LeavesofGrass 浙江省杭州市 08-02 11:52 -> 新疆博乐市 08-03 06:04 2834 98306
-1
0
0
12763218
23055876
Midnight 月见夜 longer.sufficed@Thereupon.stea 1
Texas 德克萨斯 of.whole.industrial@armies.the 1
1
IHEARDthatyouask 天津市 07-30 06:35 -> 四川省彭州市 07-30 23:13 249 91153
5100517
1
LeavesofGrass 福建省建阳市 07-20 21:19 -> 浙江省慈溪市 07-21 09:48 1525 68100
10626863
1
LeavesofGrass 浙江省平湖市 07-22 08:59 -> 河北省河间市 07-22 18:01 1560 63856
Earthspirit 地灵 I.Communism@is.already 3
-1
Angelina 安洁莉娜 two.great.classes@directly.fac 1
-1
4922025
Jessica 杰西卡 has.not.been@decried.as 2
-1
1
INSCRIPTIONS 广东省高要市 08-02 21:40 -> 湖北省枣阳市 08-03 11:59 1252 69170
1
IHEARDthatyouask 新疆吐鲁番市 08-05 05:55 -> 广东省云浮市 08-05 18:52 725 91153
1
LeavesofGrass 宁夏石嘴山市 08-04 19:25 -> 新疆伊宁市 08-05 08:52 1855 89270
Midnight 月见夜 longer.sufficed@Thereupon.stea 1
0
-1
73485500
781550
0
0
-1
20460434
W 达不溜 in.each.single@workshop.Meanti 1
-1
5759861
Chen 陈陈 into.various@orders.a 2
526201
8503285
4447887
Utage 宴宴 and.machinery@revolutionised.i 2
-1
queue
7999418
1
LeavesofGrass 广东省四会市 07-03 15:39 -> 河南省灵宝市 07-03 23:39 1888 40095
queue
1813212
14836675
Cutter 刻刀 antagonisms@Society.as 1
Snowsant 雪雉 new.forms.of@struggle.in 2
1
IHEARDthatyouask 新疆吐鲁番市 07-28 05:55 -> 四川省彭州市 07-28 23:13 745 91153
-1
1
IHEARDthatyouask 新疆吐鲁番市 07-23 05:55 -> 四川省彭州市 07-23 23:13 745 91153
1
LeavesofGrass 湖南省衡阳市 07-18 16:20 -> 黑龙江省海林市 07-18 22:46 1148 72653
1
IHEARDthatyouask 天津市 07-13 06:35 -> 广东省云浮市 07-13 18:52 229 91153
0
5551620
1
INSCRIPTIONS 贵州省清镇市 08-11 16:24 -> 湖北省枣阳市 08-12 11:59 1717 70655
Ambriel 安比尔 millionaires@the.leaders 1
1
LeavesofGrass 浙江省杭州市 07-30 11:52 -> 广东省四会市 07-30 15:34 407 70028
-1
1
IHEARDthatyouask 天津市 07-18 06:35 -> 四川省彭州市 07-18 23:13 249 82374
5695742
29990259
queue
1
IHEARDthatyouask 新疆吐鲁番市 08-06 05:55 -> 天津市 08-06 06:30 496 91153
1
LeavesofGrass 浙江省平湖市 07-24 08:59 -> 广东省花都市 07-25 01:39 2809 21953
736250
1
IHEARDthatyouask 天津市 07-20 06:35 -> 四川省彭州市 07-20 23:13 249 91153
1
INSCRIPTIONS 贵州省清镇市 08-14 16:24 -> 江苏省扬州市 08-15 08:14 1229 25214
1
INSCRIPTIONS 黑龙江省五大连池市 07-13 19:22 -> 新疆米泉市 07-14 14:38 1706 41613
Magallan 麦哲 existing.societies@is.the 1
1
INSCRIPTIONS 云南省安宁市 08-01 20:50 -> 北京市 08-02 06:40 700 65647
2844754
Phantom 傀影 not.done.away@with.class 1
Nightingale 夜莺 a.whole.is@more.and 1
Earthspirit 地灵 I.Communism@is.already 3
14710826
1
INSCRIPTIONS 广东省惠阳市 08-16 01:41 -> 北京市 08-16 06:40 411 70655
Plume 翎羽 serf.guildmaster@and.journeyma 2
38772864
4242912
Hoshiguma 星熊 is.high.time@that.Communists 2
-1
0
Skadi 斯卡蒂 slaves.in.the@Middle.Ages 2
Eyjafjalla 艾雅法拉 its.place.The@guildmasters.wer 2
Plume 翎羽 serf.guildmaster@and.journeyma 2
queue
4871243
1
IHEARDthatyouask 天津市 07-07 06:35 -> 四川省彭州市 07-07 23:13 249 91153
23503068
16325840
1
LeavesofGrass 新疆塔城市 07-13 07:38 -> 河北省河间市 07-13 18:01 1851 2951
38571195
Skyfire 天火 published.in@the.English 1
Sora 空空 have.patricians@knights.plebei 1
-1
Istina 真理 communication@by.land 1
5
[success] LeavesofGrass 福建省建阳市 07-04 21:19 -> 广东省花都市 07-05 01:39 628 6622
[success] LeavesofGrass 浙江省杭州市 07-17 11:52 -> 广东省四会市 07-17 15:34 407 14511
[success] LeavesofGrass 广东省四会市 06-29 15:39 -> 河南省灵宝市 06-29 23:39 1888 23219
[success] LeavesofGrass 浙江省平湖市 07-29 08:59 -> 福建省建阳市 07-29 21:14 2181 17394
[success] LeavesofGrass 辽宁省抚顺市 07-10 14:24 -> 黑龙江省海林市 07-10 22:46 1393 4130
6952632
315666
10653440
1
INSCRIPTIONS 黑龙江省五大连池市 07-08 19:22 -> 云南省安宁市 07-08 20:42 156 70655
13777112
Gummy 古米 commerce.to@navigation.to 1
-1
Frostleaf 霜叶 aims.their@tendencies.and 1
1
INSCRIPTIONS 江苏省扬州市 07-11 08:17 -> 湖北省枣阳市 07-11 11:59 488 64018
1
LeavesofGrass 浙江省平湖市 07-24 08:59 -> 浙江省慈溪市 07-25 09:48 3706 21953
-1
1
INSCRIPTIONS 贵州省清镇市 06-24 16:24 -> 云南省安宁市 06-24 20:42 329 70655
10620352
1
INSCRIPTIONS 江苏省扬州市 06-26 08:17 -> 新疆米泉市 06-26 14:38 650 70655
3
[success] LeavesofGrass 河北省河间市 07-07 18:11 -> 黑龙江省海林市 07-07 22:46 635 13391
[success] IHEARDthatyouask 新疆吐鲁番市 08-03 05:55 -> 广东省云浮市 08-03 18:52 725 1078
[success] LeavesofGrass 浙江省杭州市 07-29 11:52 -> 河南省灵宝市 07-29 23:39 2295 10916
1
INSCRIPTIONS 黑龙江省五大连池市 06-25 19:22 -> 北京市 06-26 06:40 856 67721
6448204
Grani 格拉尼 serfs.of.the@Middle.Ages 1
2486940
1
LeavesofGrass 广东省四会市 07-10 15:39 -> 湖南省衡阳市 07-10 16:17 240 46544
5782953
1
INSCRIPTIONS 黑龙江省五大连池市 06-23 19:22 -> 新疆米泉市 06-24 14:38 1706 70655
queue
1
IHEARDthatyouask 天津市 07-09 06:35 -> 四川省彭州市 07-09 23:13 249 91153
Firewatch 守林人 opponents.in@power.Where 2
1
LeavesofGrass 新疆塔城市 06-28 07:38 -> 新疆伊宁市 06-29 08:52 3927 13411
1
INSCRIPTIONS 云南省安宁市 07-30 20:50 -> 江苏省扬州市 07-31 08:14 900 70655
1
INSCRIPTIONS 贵州省清镇市 08-15 16:24 -> 广东省高要市 08-15 21:36 465 70655
1
LeavesofGrass 广东省四会市 08-04 15:39 -> 广东省花都市 08-05 01:39 2002 82134
1
IHEARDthatyouask 天津市 07-23 06:35 -> 广东省云浮市 07-23 18:52 229 91153
Vulcan 火神 commodities@generally.gave 2
1386035
603159
queue
10201040
1
INSCRIPTIONS 广东省高要市 07-08 21:40 -> 新疆米泉市 07-09 14:38 1414 70655
21195530
1
INSCRIPTIONS 广东省高要市 08-10 21:40 -> 江苏省扬州市 08-11 08:14 764 64411
18510977
1
LeavesofGrass 宁夏石嘴山市 07-08 19:25 -> 浙江省慈溪市 07-09 09:48 1925 72917
49500
1
LeavesofGrass 河北省河间市 07-30 18:11 -> 福建省建阳市 07-30 21:14 621 38200
Ceylon 锡兰 the.contending@classes.In 1
1
IHEARDthatyouask 天津市 07-10 06:35 -> 四川省彭州市 07-10 23:13 249 91153
2291832
1
LeavesofGrass 河北省河间市 07-30 18:11 -> 福建省建阳市 07-30 21:14 621 38200
3
[success] LeavesofGrass 河北省河间市 07-02 18:11 -> 广东省花都市 07-03 01:39 1249 16970
[success] LeavesofGrass 辽宁省抚顺市 07-15 14:24 -> 黑龙江省海林市 07-15 22:46 1393 995
[success] LeavesofGrass 辽宁省抚顺市 07-03 14:24 -> 宁夏石嘴山市 07-03 19:18 979 5907
9
[success] INSCRIPTIONS 贵州省清镇市 07-19 16:24 -> 黑龙江省五大连池市 07-19 19:12 173 898
[success] LeavesofGrass 浙江省平湖市 07-24 08:59 -> 黑龙江省海林市 07-24 22:46 2195 8329
[success] LeavesofGrass 浙江省杭州市 08-01 11:52 -> 浙江省慈溪市 08-02 09:48 3306 8842
[success] LeavesofGrass 宁夏石嘴山市 06-29 19:25 -> 广东省花都市 06-30 01:39 1028 7096
[success] LeavesofGrass 浙江省杭州市 07-24 11:52 -> 福建省建阳市 07-24 21:14 1781 13587
[success] LeavesofGrass 宁夏石嘴山市 07-16 19:25 -> 河南省灵宝市 07-16 23:39 914 6784
[success] INSCRIPTIONS 贵州省清镇市 08-21 16:24 -> 新疆米泉市 08-22 14:38 1879 9465
[success] LeavesofGrass 浙江省杭州市 07-13 11:52 -> 新疆伊宁市 07-14 08:52 3236 11558
[success] LeavesofGrass 陕西省安康市 07-24 17:25 -> 福建省建阳市 07-24 21:14 646 13763
1
LeavesofGrass 辽宁省抚顺市 07-14 14:24 -> 河南省偃师市 07-15 03:28 2239 1723
1
IHEARDthatyouask 新疆吐鲁番市 07-11 05:55 -> 天津市 07-11 06:30 496 71238
190580
NoirCorne 黑角 its.time.reacted@on.the 1
Swire 诗怀 the.place.of@the.industrial 1
1
INSCRIPTIONS 贵州省清镇市 08-13 16:24 -> 广东省高要市 08-13 21:36 465 70655
1
INSCRIPTIONS 云南省安宁市 07-12 20:50 -> 广东省高要市 07-12 21:36 136 70655
3695988
queue
Exusiai 能天使 of.America@the.rounding 1
1
LeavesofGrass 湖南省衡阳市 08-02 16:20 -> 广东省花都市 08-03 01:39 1762 95925
Manticore 狮蝎 not.hurled@back.the 2
1
LeavesofGrass 宁夏石嘴山市 07-15 19:25 -> 新疆伊宁市 07-16 08:52 1855 38486
Hellagur 赫拉格 The.manufacturing@system.took 1
1
INSCRIPTIONS 黑龙江省五大连池市 07-13 19:22 -> 湖北省枣阳市 07-14 11:59 1544 41613
Hibiscus 芙蓉 Communistic@by.its 1
1
LeavesofGrass 广东省四会市 06-28 15:39 -> 新疆博乐市 06-29 06:04 2427 13411
1
INSCRIPTIONS 广东省惠阳市 06-23 01:41 -> 北京市 06-23 06:40 411 70655
1
LeavesofGrass 浙江省杭州市 06-28 11:52 -> 新疆博乐市 06-29 06:04 2834 13411
-1
Pramanix 初雪 means.of.exchange@and.in 1
1
LeavesofGrass 辽宁省抚顺市 07-21 14:24 -> 湖南省衡阳市 07-21 16:17 245 98306
4797092
-1
1
INSCRIPTIONS 贵州省清镇市 08-20 16:24 -> 黑龙江省五大连池市 08-20 19:12 173 70655
9640008
0
0
0
1782688
Leizi 惊蛰 this.spectre@Pope.and 1
Shamare 巫恋 rising.Even@manufacture.no 1
Bagpipe 风笛 following.Manifesto@to.be 2
queue
1
LeavesofGrass 湖南省衡阳市 08-01 16:20 -> 河北省河间市 08-01 18:01 513 54717
1
IHEARDthatyouask 新疆吐鲁番市 07-30 05:55 -> 广东省云浮市 07-30 18:52 725 68880
1
LeavesofGrass 广东省四会市 07-01 15:39 -> 河南省灵宝市 07-01 23:39 1888 25788
1060270
1
INSCRIPTIONS 北京市 07-27 06:46 -> 新疆米泉市 07-27 14:38 850 70655
1
IHEARDthatyouask 天津市 08-05 06:35 -> 四川省彭州市 08-05 23:13 249 91153
Gravel 砾砾 that.each.time@ended.either 1
16147710
1
IHEARDthatyouask 新疆吐鲁番市 07-14 05:55 -> 广东省云浮市 07-14 18:52 725 91153
-1
1
LeavesofGrass 辽宁省抚顺市 07-26 14:24 -> 新疆伊宁市 07-27 08:52 2834 27148
-1
17108840
34381980
1
LeavesofGrass 湖南省衡阳市 07-12 16:20 -> 河北省河间市 07-12 18:01 513 34598
1
IHEARDthatyouask 新疆吐鲁番市 07-29 05:55 -> 天津市 07-29 06:30 496 84364
Estelle 艾丝黛尔 This.development@has.in 3
-1
2062398
1
IHEARDthatyouask 新疆吐鲁番市 07-08 05:55 -> 四川省彭州市 07-08 23:13 745 81145
queue
-1
27910062
-1
Saria 塞雷娅 in.the.common@ruin.of 1
Siege 推进之王 monopolised@by.closed 1
1
INSCRIPTIONS 云南省安宁市 06-25 20:50 -> 广东省高要市 06-25 21:36 136 67721
1
INSCRIPTIONS 黑龙江省五大连池市 07-05 19:22 -> 湖北省枣阳市 07-06 11:59 1544 61288
5
[success] LeavesofGrass 辽宁省抚顺市 07-10 14:24 -> 黑龙江省海林市 07-10 22:46 1393 23762
[success] IHEARDthatyouask 广东省云浮市 08-04 19:00 -> 四川省彭州市 08-04 23:13 20 3162
[success] LeavesofGrass 陕西省安康市 08-04 17:25 -> 河北省河间市 08-04 18:01 25 469
[success] LeavesofGrass 广东省四会市 07-02 15:39 -> 浙江省慈溪市 07-03 09:48 2899 23767
[refunded] LeavesofGrass 浙江省杭州市 07-22 11:52 -> 辽宁省抚顺市 07-22 14:21 402 9807
0
1
LeavesofGrass 河南省偃师市 07-22 03:31 -> 浙江省慈溪市 07-22 09:48 665 98306
Cardigan 卡缇 the.markets@kept.ever 1
4201463
Aak 阿阿 in.almost.all@of.these 1
Steward 史都华德 society.at@large.or 1
Broca 布洛卡 branding.reproach@of.Communism 1
Ambriel 安比尔 millionaires@the.leaders 1
7687576
Meteorite 陨星 thereby.to@the.revolutionary 3
ProjeKTRed 红红 everywhere@a.complicated 1
11
[success] INSCRIPTIONS 贵州省清镇市 06-24 16:24 -> 湖北省枣阳市 06-25 11:59 1717 10781
[pending] LeavesofGrass 河南省灵宝市 07-04 23:45 -> 广东省花都市 07-05 01:39 114 23649
[success] LeavesofGrass 浙江省平湖市 07-31 08:59 -> 宁夏石嘴山市 07-31 19:18 1781 16839
[success] INSCRIPTIONS 黑龙江省五大连池市 07-13 19:22 -> 云南省安宁市 07-13 20:42 156 13871
[success] INSCRIPTIONS 黑龙江省五大连池市 07-18 19:22 -> 北京市 07-19 06:40 856 10381
[success] LeavesofGrass 陕西省安康市 07-31 17:25 -> 广东省花都市 08-01 01:39 1274 21139
[success] LeavesofGrass 黑龙江省海林市 07-19 22:56 -> 浙江省慈溪市 07-20 09:48 1511 21903
[success] LeavesofGrass 广东省四会市 07-28 15:39 -> 宁夏石嘴山市 07-28 19:18 974 12046
[success] LeavesofGrass 浙江省平湖市 07-06 08:59 -> 广东省四会市 07-06 15:34 807 3065
[success] LeavesofGrass 陕西省安康市 07-11 17:25 -> 河南省灵宝市 07-11 23:39 1160 10737
[success] LeavesofGrass 福建省建阳市 07-04 21:19 -> 广东省花都市 07-05 01:39 628 22385
1
IHEARDthatyouask 广东省云浮市 07-13 19:00 -> 四川省彭州市 07-13 23:13 20 91153
Grani 格拉尼 serfs.of.the@Middle.Ages 1
Ambriel 安比尔 millionaires@the.leaders 1
5746600
10382000
Ansel 安赛尔 now.open.fight@a.fight 2
1
LeavesofGrass 宁夏石嘴山市 07-12 19:25 -> 新疆博乐市 07-13 06:04 1453 24464
8574510
1
INSCRIPTIONS 黑龙江省五大连池市 07-16 19:22 -> 广东省高要市 07-16 21:36 292 70655
3
[success] IHEARDthatyouask 天津市 08-03 06:35 -> 广东省云浮市 08-03 18:52 229 18528
[success] INSCRIPTIONS 云南省安宁市 07-23 20:50 -> 广东省高要市 07-23 21:36 136 10243
[pending] LeavesofGrass 新疆塔城市 07-13 07:38 -> 广东省花都市 07-14 01:39 3100 14050
1
IHEARDthatyouask 新疆吐鲁番市 07-30 05:55 -> 四川省彭州市 07-30 23:13 745 68880
queue
58648590
-1
3431874
Orchid 梓兰 middle.class@by.industrial 1
0
17120274
1
IHEARDthatyouask 新疆吐鲁番市 07-19 05:55 -> 广东省云浮市 07-19 18:52 725 91153
1
INSCRIPTIONS 贵州省清镇市 07-23 16:24 -> 云南省安宁市 07-23 20:42 329 70655
7513112
-1
12595300
1
LeavesofGrass 广东省四会市 07-14 15:39 -> 黑龙江省海林市 07-14 22:46 1388 1723
Texas 德克萨斯 of.whole.industrial@armies.the 1
Istina 真理 commerce.navigation@railways.e 1
Vermeil 红云 production@The.place 1
23553800
14730603
1
LeavesofGrass 福建省建阳市 07-04 21:19 -> 浙江省慈溪市 07-05 09:48 1525 273
Saria 塞雷娅 in.the.common@ruin.of 1
10599439
0
Steward 史都华德 society.at@large.or 1
0
4197570
1
IHEARDthatyouask 新疆吐鲁番市 07-22 05:55 -> 广东省云浮市 07-22 18:52 725 91153
1
LeavesofGrass 浙江省平湖市 08-01 08:59 -> 陕西省安康市 08-01 17:15 1535 54225
-1
1
LeavesofGrass 黑龙江省海林市 06-30 22:56 -> 河南省偃师市 07-01 03:28 846 88268
4614820
Midnight 月见夜 longer.sufficed@Thereupon.stea 1
0
Durin 杜林 feudal.society@a.rapid 1
0
1
IHEARDthatyouask 新疆吐鲁番市 07-18 05:55 -> 四川省彭州市 07-18 23:13 745 82374
-1
W 达不溜 in.each.single@workshop.Meanti 1
Texas 德克萨斯 of.whole.industrial@armies.the 1
7383495
1
IHEARDthatyouask 天津市 07-08 06:35 -> 四川省彭州市 07-08 23:13 249 62798
1
INSCRIPTIONS 云南省安宁市 06-30 20:50 -> 江苏省扬州市 07-01 08:14 900 70655
14131250
1
INSCRIPTIONS 黑龙江省五大连池市 08-14 19:22 -> 广东省惠阳市 08-15 01:32 445 25214
1
INSCRIPTIONS 云南省安宁市 06-21 20:50 -> 新疆米泉市 06-22 14:38 1550 60969
Gravel 砾砾 that.each.time@ended.either 1
1
IHEARDthatyouask 新疆吐鲁番市 07-23 05:55 -> 四川省彭州市 07-23 23:13 745 88678
Durin 杜林 feudal.society@a.rapid 1
queue
1
LeavesofGrass 黑龙江省海林市 07-17 22:56 -> 广东省花都市 07-18 01:39 614 98306
197020
1
INSCRIPTIONS 广东省惠阳市 06-17 01:41 -> 江苏省扬州市 06-17 08:14 611 69102
25976702
6575904
0
0
9834661
Swire 诗怀 the.place.of@the.industrial 1
28929675
Ifrit 伊芙利特 one.another@carried.on 2
Nightingale 夜莺 a.whole.is@more.and 1
1
LeavesofGrass 浙江省平湖市 07-19 08:59 -> 陕西省安康市 07-19 17:15 1535 83000
0
976952
1
IHEARDthatyouask 天津市 08-03 06:35 -> 四川省彭州市 08-03 23:13 249 71547
1
INSCRIPTIONS 云南省安宁市 08-01 20:50 -> 广东省高要市 08-01 21:36 136 65647
6102624
2756268
1784252
0
10179078
1
LeavesofGrass 福建省建阳市 06-29 21:19 -> 新疆博乐市 06-30 06:04 1053 25555
0
1
LeavesofGrass 辽宁省抚顺市 07-03 14:24 -> 新疆博乐市 07-04 06:04 2432 40095
1
IHEARDthatyouask 新疆吐鲁番市 07-15 05:55 -> 四川省彭州市 07-15 23:13 745 80293
1
IHEARDthatyouask 广东省云浮市 07-25 19:00 -> 四川省彭州市 07-25 23:13 20 91153
10724945
-1
Dobermann 杜宾 in.a.word.oppressor@and.oppres 1
1
LeavesofGrass 河北省河间市 07-21 18:11 -> 黑龙江省海林市 07-21 22:46 635 98306
1
LeavesofGrass 浙江省杭州市 07-01 11:52 -> 宁夏石嘴山市 07-01 19:18 1381 25788
Aak 阿阿 in.almost.all@of.these 1
Greyy 格雷伊 bourgeoisie@developed.increase 4
1
INSCRIPTIONS 广东省惠阳市 07-29 01:41 -> 江苏省扬州市 07-29 08:14 611 64876
7163597
1
INSCRIPTIONS 广东省惠阳市 07-31 01:41 -> 北京市 07-31 06:40 411 70655
-1
2383281
Gravel 砾砾 that.each.time@ended.either 1
132175
1
INSCRIPTIONS 广东省高要市 08-12 21:40 -> 北京市 08-13 06:40 564 63023
Bison 拜松 classes.again@subordinate.grad 1
0
1
LeavesofGrass 浙江省平湖市 07-20 08:59 -> 福建省建阳市 07-20 21:14 2181 63037
-1
784020
Istina 真理 commerce.navigation@railways.e 1
1
IHEARDthatyouask 新疆吐鲁番市 08-01 05:55 -> 广东省云浮市 08-01 18:52 725 75260
Reed 苇草 has.established@the.worldmarke 2
8514961
1
LeavesofGrass 湖南省衡阳市 07-14 16:20 -> 陕西省安康市 07-14 17:15 488 1723
41139319
1
LeavesofGrass 陕西省安康市 07-08 17:25 -> 河南省偃师市 07-09 03:28 1506 72917
1
INSCRIPTIONS 黑龙江省五大连池市 08-13 19:22 -> 湖北省枣阳市 08-14 11:59 1544 70655
1
LeavesofGrass 黑龙江省海林市 07-22 22:56 -> 浙江省慈溪市 07-23 09:48 1511 22025
12808796
Nightmare 夜魔 policespies@Where.is 3
Phantom 傀影 not.done.away@with.class 1
Skadi 斯卡蒂 slaves.in.the@Middle.Ages 2
-1
1
INSCRIPTIONS 黑龙江省五大连池市 06-16 19:22 -> 北京市 06-17 06:40 856 57846
1
IHEARDthatyouask 新疆吐鲁番市 07-10 05:55 -> 四川省彭州市 07-10 23:13 745 81302
5
[success] INSCRIPTIONS 云南省安宁市 06-15 20:50 -> 新疆米泉市 06-16 14:38 1550 475
[success] LeavesofGrass 河北省河间市 08-01 18:11 -> 福建省建阳市 08-01 21:14 621 23783
[success] LeavesofGrass 辽宁省抚顺市 07-23 14:24 -> 河南省灵宝市 07-23 23:39 1893 6029
[success] LeavesofGrass 辽宁省抚顺市 07-29 14:24 -> 广东省花都市 07-30 01:39 2007 17588
[success] LeavesofGrass 浙江省杭州市 07-30 11:52 -> 浙江省慈溪市 07-31 09:48 3306 20674
Pramanix 初雪 means.of.exchange@and.in 1
Bibeak 柏喙 into.the.background@every.clas 1
-1
0
Executor 送葬人 history.of@all.hitherto 1
54657801
5980390
Sora 空空 have.patricians@knights.plebei 1
-1
0
3662361
33300004
-1
1
LeavesofGrass 宁夏石嘴山市 07-12 19:25 -> 新疆伊宁市 07-13 08:52 1855 24464
NoirCorne 黑角 its.time.reacted@on.the 1
0
Yato 夜刀 meet.this.nursery@tale.of 3
1
LeavesofGrass 黑龙江省海林市 07-04 22:56 -> 河南省灵宝市 07-04 23:39 500 2467
1
LeavesofGrass 湖南省衡阳市 07-01 16:20 -> 河南省偃师市 07-02 03:28 1994 25788
1
IHEARDthatyouask 新疆吐鲁番市 08-07 05:55 -> 广东省云浮市 08-07 18:52 725 91153
1
INSCRIPTIONS 云南省安宁市 08-12 20:50 -> 广东省高要市 08-12 21:36 136 63023
1
INSCRIPTIONS 黑龙江省五大连池市 07-10 19:22 -> 广东省高要市 07-10 21:36 292 70655
Cardigan 卡缇 the.markets@kept.ever 1
1
INSCRIPTIONS 贵州省清镇市 08-08 16:24 -> 北京市 08-09 06:40 1029 44079
Zima 凛冬 industrial@production.was 2
1
IHEARDthatyouask 新疆吐鲁番市 07-14 05:55 -> 天津市 07-14 06:30 496 91153
0
1
INSCRIPTIONS 广东省惠阳市 07-13 01:41 -> 新疆米泉市 07-13 14:38 1261 61281
0
0
Orchid 梓兰 middle.class@by.industrial 1
0
2955276
14151888
851139
Flamebringer 炎客 nationalities@have.assembled 2
1
LeavesofGrass 辽宁省抚顺市 08-04 14:24 -> 浙江省慈溪市 08-05 09:48 2904 75607
-1
1
IHEARDthatyouask 新疆吐鲁番市 07-29 05:55 -> 广东省云浮市 07-29 18:52 725 84364
-1
1
INSCRIPTIONS 云南省安宁市 07-19 20:50 -> 新疆米泉市 07-20 14:38 1550 63020
1535611
1
puzzletheNewWorld 北京市 06-13 02:54 -> 河南省登封市 06-13 09:52 455 47885
1
LeavesofGrass 辽宁省抚顺市 07-20 14:24 -> 广东省花都市 07-21 01:39 2007 40348
1289369
FEater 食铁兽 an.uninterrupted@now.hidden 1
Purestream 清流 party.itself@To.this 1
6190415
13965025
Jessica 杰西卡 has.not.been@decried.as 2
Executor 送葬人 history.of@all.hitherto 1
-1
0
3
[success] INSCRIPTIONS 贵州省清镇市 07-07 16:24 -> 广东省高要市 07-07 21:36 465 3606
[success] LeavesofGrass 浙江省平湖市 07-16 08:59 -> 福建省建阳市 07-16 21:14 2181 20628
[success] LeavesofGrass 浙江省杭州市 07-20 11:52 -> 宁夏石嘴山市 07-20 19:18 1381 1987
Jessica 杰西卡 has.not.been@decried.as 2
10475226
5121127
1
puzzletheNewWorld 河南省登封市 07-03 09:56 -> 四川省绵竹市 07-03 14:44 299 47885
12500159
-1
queue
1
LeavesofGrass 宁夏石嘴山市 06-30 19:25 -> 福建省建阳市 06-30 21:14 400 71016
196587
1
INSCRIPTIONS 广东省高要市 06-27 21:40 -> 广东省惠阳市 06-28 01:32 153 53412
1
IHEARDthatyouask 新疆吐鲁番市 07-15 05:55 -> 四川省彭州市 07-15 23:13 745 80293
2193396
1
puzzletheNewWorld 辽宁省辽阳市 07-11 13:05 -> 黑龙江省尚志市 07-11 20:04 805 47885
4774400
7338110
4500537
1933920
1
INSCRIPTIONS 广东省惠阳市 08-06 01:41 -> 北京市 08-06 06:40 411 70655
1
puzzletheNewWorld 黑龙江省尚志市 08-13 20:11 -> 河南省登封市 08-14 09:52 614 47885
1
IHEARDthatyouask 广东省云浮市 08-03 19:00 -> 四川省彭州市 08-03 23:13 20 91153
Steward 史都华德 society.at@large.or 1
queue
2039056
5969583
Courier 讯使 publish.their@views.their 1
0
1
IHEARDthatyouask 新疆吐鲁番市 07-10 05:55 -> 天津市 07-10 06:30 496 91153
3
[success] INSCRIPTIONS 贵州省清镇市 07-07 16:24 -> 广东省高要市 07-07 21:36 465 3606
[success] LeavesofGrass 浙江省平湖市 07-16 08:59 -> 福建省建阳市 07-16 21:14 2181 20628
[success] LeavesofGrass 浙江省杭州市 07-20 11:52 -> 宁夏石嘴山市 07-20 19:18 1381 1987
307260
15943875
Firewatch 守林人 opponents.in@power.Where 2
1
INSCRIPTIONS 云南省安宁市 07-02 20:50 -> 北京市 07-03 06:40 700 65873
1
LeavesofGrass 浙江省杭州市 07-29 11:52 -> 宁夏石嘴山市 07-29 19:18 1381 2735
1
puzzletheNewWorld 黑龙江省尚志市 07-14 20:11 -> 北京市 07-15 02:45 159 47885
1
LeavesofGrass 宁夏石嘴山市 07-14 19:25 -> 河南省偃师市 07-15 03:28 1260 54700
9748384
0
Sussurro 苏苏 to.industry@an.impulse 2
-1
0
9514536
1
IHEARDthatyouask 天津市 07-26 06:35 -> 广东省云浮市 07-26 18:52 229 91153
queue
queue
24173335
Weedy 温蒂 development@The.feudal 2
-1
3290329
1
INSCRIPTIONS 贵州省清镇市 08-08 16:24 -> 云南省安宁市 08-08 20:42 329 58876
2381020
0
3841240
Shining 闪灵 the.Spectre@of.Communism 2
1
LeavesofGrass 陕西省安康市 07-15 17:25 -> 浙江省慈溪市 07-16 09:48 2171 16930
-1
1
LeavesofGrass 湖南省衡阳市 07-11 16:20 -> 广东省花都市 07-12 01:39 1762 2725
0
1600500
Texas 德克萨斯 of.whole.industrial@armies.the 1
puzzletheNewWorld O
辽宁省辽阳市 xx-xx xx:xx -> 08-12 13:05 0 47885
湖南省岳阳市 08-12 16:56 -> 08-12 17:01 379 47885
黑龙江省尚志市 08-12 20:04 -> 08-12 20:11 805 47885
北京市 08-13 02:45 -> 08-13 02:54 964 47885
河南省登封市 08-13 09:52 -> 08-13 09:56 1419 47885
四川省绵竹市 08-13 14:44 -> xx-xx xx:xx 1718 x
17841294
378556
1
IHEARDthatyouask 新疆吐鲁番市 07-18 05:55 -> 四川省彭州市 07-18 23:13 745 82374
0
1
INSCRIPTIONS 云南省安宁市 07-29 20:50 -> 北京市 07-30 06:40 700 64748
-1
1
INSCRIPTIONS 湖北省枣阳市 07-17 12:03 -> 新疆米泉市 07-17 14:38 162 70655
13944492
1
LeavesofGrass 辽宁省抚顺市 06-28 14:24 -> 黑龙江省海林市 06-28 22:46 1393 29816
1
puzzletheNewWorld 黑龙江省尚志市 07-18 20:11 -> 四川省绵竹市 07-19 14:44 913 47885
3950604
Cutter 刻刀 antagonisms@Society.as 1
-1
Pramanix 初雪 means.of.exchange@and.in 1
-1
-1
11121536
0
4291124
-1
33153400
Croissant 可颂 French.German@Italian.Flemish 1
0
Beehunter 猎蜂 these.burgesses@the.first 2
1
LeavesofGrass 河北省河间市 07-30 18:11 -> 河南省偃师市 07-31 03:28 1481 2370
1758900
Cutter 刻刀 antagonisms@Society.as 1
0
queue
Myrtle 桃金娘 in.proportion@as.industry 1
14244438
Angelina 安洁莉娜 two.great.classes@directly.fac 1
Ansel 安赛尔 now.open.fight@a.fight 2
897840
1
LeavesofGrass 辽宁省抚顺市 07-30 14:24 -> 河北省河间市 07-30 18:01 758 70028
1
LeavesofGrass 河南省灵宝市 07-21 23:45 -> 河南省偃师市 07-22 03:28 346 93617
1
LeavesofGrass 新疆塔城市 07-11 07:38 -> 河南省偃师市 07-12 03:28 3332 2725
1
puzzletheNewWorld 湖南省岳阳市 08-06 17:01 -> 黑龙江省尚志市 08-06 20:04 426 47885
FEater 食铁兽 an.uninterrupted@now.hidden 1
queue
Orchid 梓兰 middle.class@by.industrial 1
-1
1
puzzletheNewWorld 北京市 06-30 02:54 -> 四川省绵竹市 06-30 14:44 754 47885
1
puzzletheNewWorld 湖南省岳阳市 06-24 17:01 -> 黑龙江省尚志市 06-24 20:04 426 47885
-1
1
[success] LeavesofGrass 黑龙江省海林市 07-04 22:56 -> 浙江省慈溪市 07-05 09:48 1511 21600
8
[pending] LeavesofGrass 浙江省杭州市 07-07 11:52 -> 广东省花都市 07-08 01:39 2409 15419
[success] LeavesofGrass 浙江省杭州市 07-20 11:52 -> 广东省花都市 07-21 01:39 2409 22689
[success] INSCRIPTIONS 广东省高要市 08-08 21:40 -> 新疆米泉市 08-09 14:38 1414 14797
[success] INSCRIPTIONS 云南省安宁市 06-19 20:50 -> 北京市 06-20 06:40 700 42
[success] INSCRIPTIONS 贵州省清镇市 08-06 16:24 -> 北京市 08-07 06:40 1029 17460
[success] LeavesofGrass 浙江省杭州市 07-05 11:52 -> 宁夏石嘴山市 07-05 19:18 1381 18329
[success] LeavesofGrass 河北省河间市 07-10 18:11 -> 河南省偃师市 07-11 03:28 1481 11152
[success] LeavesofGrass 浙江省平湖市 07-17 08:59 -> 河北省河间市 07-17 18:01 1560 22056
Hoshiguma 星熊 is.high.time@that.Communists 2
9
[success] INSCRIPTIONS 黑龙江省五大连池市 06-21 19:22 -> 云南省安宁市 06-21 20:42 156 11275
[success] INSCRIPTIONS 贵州省清镇市 07-19 16:24 -> 新疆米泉市 07-20 14:38 1879 12865
[success] LeavesofGrass 河南省偃师市 08-02 03:31 -> 新疆伊宁市 08-02 08:52 595 7756
[success] LeavesofGrass 浙江省平湖市 08-03 08:59 -> 陕西省安康市 08-03 17:15 1535 5586
[success] LeavesofGrass 广东省四会市 07-10 15:39 -> 宁夏石嘴山市 07-10 19:18 974 5900
[success] IHEARDthatyouask 天津市 07-15 06:35 -> 广东省云浮市 07-15 18:52 229 10860
[success] LeavesofGrass 广东省四会市 07-09 15:39 -> 浙江省慈溪市 07-10 09:48 2899 13305
[success] LeavesofGrass 陕西省安康市 07-25 17:25 -> 福建省建阳市 07-25 21:14 646 12383
[success] LeavesofGrass 湖南省衡阳市 07-27 16:20 -> 河南省偃师市 07-28 03:28 1994 10261
1
puzzletheNewWorld 辽宁省辽阳市 07-27 13:05 -> 黑龙江省尚志市 07-27 20:04 805 47885
1
puzzletheNewWorld 北京市 07-28 02:54 -> 河南省登封市 07-28 09:52 455 47885
1
LeavesofGrass 湖南省衡阳市 07-05 16:20 -> 福建省建阳市 07-05 21:14 1134 8492
-1
-1
1
puzzletheNewWorld 辽宁省辽阳市 07-03 13:05 -> 北京市 07-04 02:45 964 47885
1
IHEARDthatyouask 天津市 07-13 06:35 -> 四川省彭州市 07-13 23:13 249 87957
1
LeavesofGrass 浙江省杭州市 07-25 11:52 -> 河北省河间市 07-25 18:01 1160 12950
484866
13087022
Scavenger 清道夫 division.of@labour.between 1
1
puzzletheNewWorld 辽宁省辽阳市 07-12 13:05 -> 黑龙江省尚志市 07-12 20:04 805 47885
1
puzzletheNewWorld 辽宁省辽阳市 06-15 13:05 -> 北京市 06-16 02:45 964 47885
1
puzzletheNewWorld 黑龙江省尚志市 08-13 20:11 -> 北京市 08-14 02:45 159 47885
0
Leizi 惊蛰 this.spectre@Pope.and 1
Platinum 白金 handed.down@from.the 2
Swire 诗怀 the.place.of@the.industrial 1
-1
1
INSCRIPTIONS 云南省安宁市 06-30 20:50 -> 湖北省枣阳市 07-01 11:59 1388 70655
612464
-1
-1
3682448
1
puzzletheNewWorld 湖南省岳阳市 08-10 17:01 -> 四川省绵竹市 08-11 14:44 1339 47885
queue
302000
2939415
-1
1893367
1
puzzletheNewWorld 黑龙江省尚志市 06-30 20:11 -> 四川省绵竹市 07-01 14:44 913 47885
Gitano 远山 sprang.the@chartered.burghers 1
FEater 食铁兽 an.uninterrupted@now.hidden 1
1
LeavesofGrass 辽宁省抚顺市 07-26 14:24 -> 新疆博乐市 07-27 06:04 2432 27148
1
INSCRIPTIONS 北京市 07-05 06:46 -> 江苏省扬州市 07-05 08:14 200 57684
15447301
-1
4354347
10416700
1
IHEARDthatyouask 天津市 08-02 06:35 -> 广东省云浮市 08-02 18:52 229 64160
Plume 翎羽 serf.guildmaster@and.journeyma 2
1
puzzletheNewWorld 辽宁省辽阳市 07-04 13:05 -> 河南省登封市 07-05 09:52 1419 47885
1
puzzletheNewWorld 辽宁省辽阳市 07-22 13:05 -> 黑龙江省尚志市 07-22 20:04 805 47885
1
IHEARDthatyouask 新疆吐鲁番市 07-07 05:55 -> 天津市 07-07 06:30 496 91153
1
[success] LeavesofGrass 广东省四会市 07-29 15:39 -> 河南省偃师市 07-30 03:28 2234 599
1
IHEARDthatyouask 新疆吐鲁番市 07-14 05:55 -> 广东省云浮市 07-14 18:52 725 91153
1
INSCRIPTIONS 黑龙江省五大连池市 08-04 19:22 -> 北京市 08-05 06:40 856 70655
1
INSCRIPTIONS 北京市 07-28 06:46 -> 江苏省扬州市 07-28 08:14 200 70655
1
LeavesofGrass 浙江省杭州市 07-17 11:52 -> 新疆博乐市 07-18 06:04 2834 61739
19747933
1
LeavesofGrass 浙江省平湖市 06-29 08:59 -> 河南省灵宝市 06-29 23:39 2695 21485
Bibeak 柏喙 into.the.background@every.clas 1
510774
Mostima 莫斯提马 of.the.earliest@towns.From 2
1
LeavesofGrass 陕西省安康市 06-28 17:25 -> 新疆博乐市 06-29 06:04 1699 13411
W 达不溜 in.each.single@workshop.Meanti 1
Bison 拜松 classes.again@subordinate.grad 1
1
IHEARDthatyouask 广东省云浮市 08-07 19:00 -> 四川省彭州市 08-07 23:13 20 91153
-1
17761766
1
puzzletheNewWorld 北京市 07-19 02:54 -> 四川省绵竹市 07-19 14:44 754 47885
Pramanix 初雪 means.of.exchange@and.in 1
2190300
1
LeavesofGrass 新疆塔城市 07-12 07:38 -> 辽宁省抚顺市 07-12 14:21 1093 81818
1
LeavesofGrass 广东省四会市 08-01 15:39 -> 浙江省慈溪市 08-02 09:48 2899 40703
1
LeavesofGrass 广东省四会市 07-25 15:39 -> 新疆博乐市 07-26 06:04 2427 12950
1
INSCRIPTIONS 云南省安宁市 08-17 20:50 -> 北京市 08-18 06:40 700 70655
4788768
Grani 格拉尼 serfs.of.the@Middle.Ages 1
-1
Phantom 傀影 not.done.away@with.class 1
queue
1
INSCRIPTIONS 黑龙江省五大连池市 08-14 19:22 -> 广东省高要市 08-14 21:36 292 38819
queue
ShiraYuki 白雪 and.Danish@languages.I 3
14095458
158284
1
puzzletheNewWorld 辽宁省辽阳市 07-25 13:05 -> 河南省登封市 07-26 09:52 1419 47885
Dobermann 杜宾 in.a.word.oppressor@and.oppres 1
Vermeil 红云 production@The.place 1
Cliffheart 崖心 in.London.and@sketched.the 1
1
LeavesofGrass 黑龙江省海林市 07-05 22:56 -> 河南省偃师市 07-06 03:28 846 50544
0
0
-1
Saria 塞雷娅 in.the.common@ruin.of 1
1797903
2893204
Swire 诗怀 the.place.of@the.industrial 1
1
puzzletheNewWorld 辽宁省辽阳市 08-08 13:05 -> 湖南省岳阳市 08-08 16:56 379 47885
Skyfire 天火 published.in@the.English 1
Glaucus 格劳克斯 the.increase@in.the 2
816672
0
1
puzzletheNewWorld 辽宁省辽阳市 08-18 13:05 -> 湖南省岳阳市 08-18 16:56 379 47885
19597104
0
Nian 年年 wants.of.the@new.markets 1
1
INSCRIPTIONS 广东省惠阳市 08-06 01:41 -> 北京市 08-06 06:40 411 70655
8270592
1
LeavesofGrass 河北省河间市 06-28 18:11 -> 河南省灵宝市 06-28 23:39 1135 21762
1
LeavesofGrass 广东省四会市 07-26 15:39 -> 广东省花都市 07-27 01:39 2002 27148
1
LeavesofGrass 黑龙江省海林市 07-09 22:56 -> 河南省偃师市 07-10 03:28 846 56660
1
INSCRIPTIONS 云南省安宁市 08-22 20:50 -> 湖北省枣阳市 08-23 11:59 1388 65949
1
puzzletheNewWorld 辽宁省辽阳市 07-29 13:05 -> 河南省登封市 07-30 09:52 1419 47885
1
INSCRIPTIONS 湖北省枣阳市 07-08 12:03 -> 新疆米泉市 07-08 14:38 162 70655
Aak 阿阿 in.almost.all@of.these 1
-1
-1
4924920
5636624
1184550
1
LeavesofGrass 广东省四会市 07-19 15:39 -> 河南省灵宝市 07-19 23:39 1888 69342
Estelle 艾丝黛 Middle.Ages@We.see 3
Durnar 坚雷 adversaries@Two.things 1
ShiraYuki 白雪 and.Danish@languages.I 3
10856140
Ptilopsis 白面鸮 this.distinctive@feature.it 2
1
LeavesofGrass 辽宁省抚顺市 07-08 14:24 -> 黑龙江省海林市 07-08 22:46 1393 72229
Purestream 清流 party.itself@To.this 1
3
[success] LeavesofGrass 浙江省平湖市 07-24 08:59 -> 新疆伊宁市 07-25 08:52 3636 6341
[success] LeavesofGrass 陕西省安康市 08-03 17:25 -> 福建省建阳市 08-03 21:14 646 12367
[success] LeavesofGrass 新疆塔城市 07-05 07:38 -> 新疆伊宁市 07-06 08:52 3927 16537
1
puzzletheNewWorld 湖南省岳阳市 07-19 17:01 -> 北京市 07-20 02:45 585 47885
4911556
Myrtle 桃金娘 in.proportion@as.industry 1
1
INSCRIPTIONS 黑龙江省五大连池市 07-28 19:22 -> 北京市 07-29 06:40 856 62191
Blaze 煌煌 therefore.how@the.modern 4
Durin 杜林 feudal.society@a.rapid 1
58963156
Hoshiguma 星熊 is.high.time@that.Communists 2
1
LeavesofGrass 浙江省杭州市 07-03 11:52 -> 浙江省慈溪市 07-04 09:48 3306 11396
6175650
-1
Ambriel 安比尔 millionaires@the.leaders 1
4244050
7581050
1
puzzletheNewWorld 湖南省岳阳市 06-11 17:01 -> 河南省登封市 06-12 09:52 1040 47885
11170800
-1
5
[success] INSCRIPTIONS 江苏省扬州市 08-16 08:17 -> 湖北省枣阳市 08-16 11:59 488 7546
[success] LeavesofGrass 河北省河间市 08-02 18:11 -> 宁夏石嘴山市 08-02 19:18 221 2381
[success] INSCRIPTIONS 黑龙江省五大连池市 07-06 19:22 -> 新疆米泉市 07-07 14:38 1706 14155
[success] LeavesofGrass 浙江省杭州市 07-03 11:52 -> 河北省河间市 07-03 18:01 1160 19940
[success] LeavesofGrass 广东省四会市 07-27 15:39 -> 广东省花都市 07-28 01:39 2002 8725
359445
1
IHEARDthatyouask 新疆吐鲁番市 07-10 05:55 -> 广东省云浮市 07-10 18:52 725 91153
1
puzzletheNewWorld 辽宁省辽阳市 08-05 13:05 -> 北京市 08-06 02:45 964 46686
0
Meteorite 陨星 thereby.to@the.revolutionary 3
1
puzzletheNewWorld 河南省登封市 07-01 09:56 -> 四川省绵竹市 07-01 14:44 299 47885
queue
-1
-1
1
LeavesofGrass 辽宁省抚顺市 07-25 14:24 -> 陕西省安康市 07-25 17:15 733 25333
0
0
0
2368236
1
IHEARDthatyouask 天津市 07-28 06:35 -> 广东省云浮市 07-28 18:52 229 91153
955200
Plume 翎羽 serf.guildmaster@and.journeyma 2
34669176
-1
1
INSCRIPTIONS 贵州省清镇市 06-24 16:24 -> 云南省安宁市 06-24 20:42 329 44693
1547582
6351897
BluePoison 蓝毒 that.has.sprouted@from.the 1
1
INSCRIPTIONS 广东省高要市 07-04 21:40 -> 江苏省扬州市 07-05 08:14 764 57684
6541304
queue
0
1
INSCRIPTIONS 贵州省清镇市 08-13 16:24 -> 广东省惠阳市 08-14 01:32 618 67526
Schwarz 黑黑 of.manufacture@was.taken 1
ShiraYuki 白雪 and.Danish@languages.I 3
1
puzzletheNewWorld 河南省登封市 08-12 09:56 -> 四川省绵竹市 08-12 14:44 299 47885
Estelle 艾丝黛 Middle.Ages@We.see 3
Midnight 月见夜 longer.sufficed@Thereupon.stea 1
Glaucus 格劳克斯 the.increase@in.the 2
Conviction 断罪 vanished.in@the.face 2
9790544
Yato 夜刀 meet.this.nursery@tale.of 3
1
puzzletheNewWorld 湖南省岳阳市 08-01 17:01 -> 河南省登封市 08-02 09:52 1040 47885
4172780
1
LeavesofGrass 河北省河间市 07-19 18:11 -> 黑龙江省海林市 07-19 22:46 635 78417
931801
9339656
41912849
12843067
1
LeavesofGrass 浙江省杭州市 07-09 11:52 -> 宁夏石嘴山市 07-09 19:18 1381 33996
1
LeavesofGrass 浙江省杭州市 07-12 11:52 -> 宁夏石嘴山市 07-12 19:18 1381 34598
1
LeavesofGrass 湖南省衡阳市 08-01 16:20 -> 广东省花都市 08-02 01:39 1762 40703
9071940
-1
1
IHEARDthatyouask 新疆吐鲁番市 08-06 05:55 -> 天津市 08-06 06:30 496 91153
5167838
1
LeavesofGrass 广东省花都市 07-17 01:43 -> 新疆伊宁市 07-17 08:52 827 83607
392673
3804216
1
puzzletheNewWorld 辽宁省辽阳市 08-08 13:05 -> 湖南省岳阳市 08-08 16:56 379 47885
1
LeavesofGrass 浙江省平湖市 07-22 08:59 -> 广东省四会市 07-22 15:34 807 65653
Hibiscus 芙蓉 Communistic@by.its 1
1836960
1
puzzletheNewWorld 辽宁省辽阳市 07-06 13:05 -> 河南省登封市 07-07 09:52 1419 47885
1
LeavesofGrass 福建省建阳市 07-17 21:19 -> 浙江省慈溪市 07-18 09:48 1525 98306
1
IHEARDthatyouask 天津市 07-10 06:35 -> 广东省云浮市 07-10 18:52 229 91153
Platinum 白金 handed.down@from.the 2
0
11218158
0
0
1
INSCRIPTIONS 贵州省清镇市 08-04 16:24 -> 湖北省枣阳市 08-05 11:59 1717 70655
1
puzzletheNewWorld 河南省登封市 07-07 09:56 -> 四川省绵竹市 07-07 14:44 299 47885
13619648
3163545
1
LeavesofGrass 湖南省衡阳市 07-19 16:20 -> 新疆伊宁市 07-20 08:52 2589 53182
3065168
Gummy 古米 commerce.to@navigation.to 1
1
LeavesofGrass 河北省河间市 08-04 18:11 -> 新疆伊宁市 08-05 08:52 2076 80761
Skadi 斯卡蒂 slaves.in.the@Middle.Ages 2
1
LeavesofGrass 辽宁省抚顺市 07-27 14:24 -> 宁夏石嘴山市 07-27 19:18 979 64311
1774780
1
INSCRIPTIONS 黑龙江省五大连池市 08-11 19:22 -> 广东省惠阳市 08-12 01:32 445 70655
Grani 格拉尼 serfs.of.the@Middle.Ages 1
9826608
1
LeavesofGrass 浙江省杭州市 07-21 11:52 -> 辽宁省抚顺市 07-21 14:21 402 98306
8227100
23929591
2011890
Plume 翎羽 serf.guildmaster@and.journeyma 2
Aak 阿阿 in.almost.all@of.these 1
1
whatyouwanted 四川省华蓥市 07-11 09:39 -> 内蒙东胜市 07-11 20:46 2267 30519
-1
1
whatyouwanted 广东省揭阳市 07-27 06:37 -> 广东省高州市 07-27 10:58 868 30519
1
LeavesofGrass 河南省灵宝市 07-04 23:45 -> 浙江省慈溪市 07-05 09:48 1011 192
-1
0
1706070
1
INSCRIPTIONS 广东省高要市 07-13 21:40 -> 江苏省扬州市 07-14 08:14 764 55484
1
LeavesofGrass 陕西省安康市 07-04 17:25 -> 福建省建阳市 07-04 21:14 646 21287
1
IHEARDthatyouask 新疆吐鲁番市 07-16 05:55 -> 天津市 07-16 06:30 496 91153
10057267
1
whatyouwanted 山东省莱州市 07-10 10:08 -> 吉林省双辽市 07-10 14:29 405 30519
2073084
23217076
1
whatyouwanted 山东省乳山市 07-22 04:53 -> 安徽省阜阳市 07-22 08:17 674 30519
-1
3110366
1
LeavesofGrass 陕西省安康市 07-12 17:25 -> 河南省偃师市 07-13 03:28 1506 24464
1
IHEARDthatyouask 新疆吐鲁番市 08-06 05:55 -> 天津市 08-06 06:30 496 91153
queue
1
LeavesofGrass 广东省四会市 06-28 15:39 -> 湖南省衡阳市 06-28 16:17 240 49313
1291979
Mayer 梅尔 colonisation@of.America 1
Durin 杜林 feudal.society@a.rapid 1
0
queue
1809584
-1
2895560
7035574
1561000
1
INSCRIPTIONS 云南省安宁市 08-18 20:50 -> 北京市 08-19 06:40 700 69011
0
10622656
9438282
1
whatyouwanted 甘肃省兰州市 07-28 21:27 -> 四川省华蓥市 07-29 09:33 1434 30519
5001168
1
IHEARDthatyouask 天津市 07-07 06:35 -> 四川省彭州市 07-07 23:13 249 91153
1
LeavesofGrass 陕西省安康市 07-31 17:25 -> 广东省花都市 08-01 01:39 1274 4397
1997936
-1
1
IHEARDthatyouask 新疆吐鲁番市 07-24 05:55 -> 天津市 07-24 06:30 496 69741
-1
1
puzzletheNewWorld 辽宁省辽阳市 07-10 13:05 -> 黑龙江省尚志市 07-10 20:04 805 47885
Greyy 格雷伊 bourgeoisie@developed.increase 4
Mousse 慕斯 history.of@class.struggles 1
0
W 达不溜 in.each.single@workshop.Meanti 1
16476720
Snowsant 雪雉 new.forms.of@struggle.in 2
0
10698324
Steward 史都华德 society.at@large.or 1
0
3849588
32332770
BluePoison 蓝毒 that.has.sprouted@from.the 1
619404
2000635
12531189
Earthspirit 地灵 I.Communism@is.already 3
Shining 闪灵 the.Spectre@of.Communism 2
NoirCorne 黑角 its.time.reacted@on.the 1
-1
5599308
1
INSCRIPTIONS 江苏省扬州市 07-01 08:17 -> 新疆米泉市 07-01 14:38 650 70655
0
1939399
Ambriel 安比尔 millionaires@the.leaders 1
23890824
1
whatyouwanted 福建省建阳市 07-20 00:03 -> 内蒙东胜市 07-20 20:46 3494 30519
1
LeavesofGrass 河北省河间市 08-02 18:11 -> 新疆伊宁市 08-03 08:52 2076 58844
1
puzzletheNewWorld 辽宁省辽阳市 06-11 13:05 -> 河南省登封市 06-12 09:52 1419 47885
Mayer 梅尔 colonisation@of.America 1
14446160
1
INSCRIPTIONS 云南省安宁市 07-11 20:50 -> 广东省惠阳市 07-12 01:32 289 45249
4888000
1
puzzletheNewWorld 湖南省岳阳市 07-10 17:01 -> 河南省登封市 07-11 09:52 1040 47885
Hellagur 赫拉格 The.manufacturing@system.took 1
0
1
LeavesofGrass 陕西省安康市 07-13 17:25 -> 广东省花都市 07-14 01:39 1274 5148
2379442
1
IHEARDthatyouask 天津市 07-26 06:35 -> 四川省彭州市 07-26 23:13 249 91153
24272427
queue
5991000
10060449
5767375
13101140
11418464
1
LeavesofGrass 黑龙江省海林市 07-29 22:56 -> 新疆博乐市 07-30 06:04 1039 47178
5088716
1
INSCRIPTIONS 黑龙江省五大连池市 07-05 19:22 -> 北京市 07-06 06:40 856 45203
Estelle 艾丝黛 Middle.Ages@We.see 3
32761264
1
IHEARDthatyouask 新疆吐鲁番市 08-03 05:55 -> 天津市 08-03 06:30 496 90075
16191216
1
whatyouwanted 四川省华蓥市 08-04 09:39 -> 内蒙东胜市 08-04 20:46 2267 30519
1
puzzletheNewWorld 黑龙江省尚志市 07-21 20:11 -> 北京市 07-22 02:45 159 47885
1163565
Franka 芙兰 of.division@of.labour 1
0
Platinum 白金 handed.down@from.the 2
1
IHEARDthatyouask 天津市 07-14 06:35 -> 广东省云浮市 07-14 18:52 229 78448
1
INSCRIPTIONS 广东省惠阳市 06-28 01:41 -> 湖北省枣阳市 06-28 11:59 1099 53412
queue
1
INSCRIPTIONS 黑龙江省五大连池市 07-05 19:22 -> 广东省惠阳市 07-06 01:32 445 45203
Catapult 空爆 two.great.hostile@camps.into 1
Sideroca 铸铁 rising.bourgeoisie@The.EastInd 1
15
[success] INSCRIPTIONS 贵州省清镇市 07-13 16:24 -> 云南省安宁市 07-13 20:42 329 9454
[success] puzzletheNewWorld 北京市 06-20 02:54 -> 河南省登封市 06-20 09:52 455 10824
[success] IHEARDthatyouask 新疆吐鲁番市 08-02 05:55 -> 天津市 08-02 06:30 496 4111
[pending] LeavesofGrass 河北省河间市 07-31 18:11 -> 新疆伊宁市 08-01 08:52 2076 7118
[success] IHEARDthatyouask 天津市 08-02 06:35 -> 广东省云浮市 08-02 18:52 229 22363
[success] LeavesofGrass 河北省河间市 07-22 18:11 -> 广东省花都市 07-23 01:39 1249 20798
[success] IHEARDthatyouask 天津市 07-12 06:35 -> 广东省云浮市 07-12 18:52 229 18330
[success] LeavesofGrass 广东省四会市 07-29 15:39 -> 新疆伊宁市 07-30 08:52 2829 5207
[success] IHEARDthatyouask 天津市 07-08 06:35 -> 广东省云浮市 07-08 18:52 229 10008
[success] LeavesofGrass 辽宁省抚顺市 07-06 14:24 -> 福建省建阳市 07-06 21:14 1379 4676
[success] INSCRIPTIONS 黑龙江省五大连池市 07-15 19:22 -> 湖北省枣阳市 07-16 11:59 1544 4503
[success] LeavesofGrass 湖南省衡阳市 07-31 16:20 -> 新疆伊宁市 08-01 08:52 2589 14976
[success] IHEARDthatyouask 广东省云浮市 07-21 19:00 -> 四川省彭州市 07-21 23:13 20 4231
[success] LeavesofGrass 广东省花都市 07-07 01:43 -> 新疆博乐市 07-07 06:04 425 772
[success] LeavesofGrass 河北省河间市 07-28 18:11 -> 新疆博乐市 07-29 06:04 1674 3528
1
IHEARDthatyouask 新疆吐鲁番市 08-03 05:55 -> 天津市 08-03 06:30 496 90075
1
INSCRIPTIONS 江苏省扬州市 07-21 08:17 -> 湖北省枣阳市 07-21 11:59 488 61097
1
whatyouwanted 甘肃省兰州市 07-12 21:27 -> 福建省建阳市 07-12 23:59 207 30519
1
puzzletheNewWorld 河南省登封市 07-30 09:56 -> 四川省绵竹市 07-30 14:44 299 47885
-1
Zima 凛冬 industrial@production.was 2
2356122
Reed 苇草 has.established@the.worldmarke 2
-1
4759165
8730904
1
puzzletheNewWorld 湖南省岳阳市 06-17 17:01 -> 北京市 06-18 02:45 585 47885
Specter 幽灵鲨 and.plebeian@lord.and 1
1865383
queue
-1
1
whatyouwanted 甘肃省兰州市 07-07 21:27 -> 四川省华蓥市 07-08 09:33 1434 30519
1
LeavesofGrass 河南省灵宝市 07-16 23:45 -> 广东省花都市 07-17 01:39 114 83607
0
Gravel 砾砾 that.each.time@ended.either 1
8253048
-1
126140
Pramanix 初雪 means.of.exchange@and.in 1
1
puzzletheNewWorld 河南省登封市 07-25 09:56 -> 四川省绵竹市 07-25 14:44 299 47885
Gummy 古米 commerce.to@navigation.to 1
Myrtle 桃金娘 in.proportion@as.industry 1
-1
Gravel 砾砾 that.each.time@ended.either 1
Shining 闪灵 the.Spectre@of.Communism 2
1
whatyouwanted 甘肃省兰州市 07-28 21:27 -> 四川省华蓥市 07-29 09:33 1434 30519
Kroos 克洛丝 extension.of@industry.and 1
8605170
1
whatyouwanted 辽宁省盖州市 08-07 20:30 -> 北京市 08-08 02:07 1076 30519
ProjeKTRed 红红 everywhere@a.complicated 1
1
IHEARDthatyouask 新疆吐鲁番市 07-29 05:55 -> 天津市 07-29 06:30 496 84364
0
Flamebringer 炎客 nationalities@have.assembled 2
Angelina 安洁莉 two.great.classes@directly.fac 1
Nightmare 夜魔 policespies@Where.is 3
13226590
Cliffheart 崖心 in.London.and@sketched.the 1
1
LeavesofGrass 浙江省平湖市 07-26 08:59 -> 陕西省安康市 07-26 17:15 1535 39803
1617278
Franka 芙兰 of.division@of.labour 1
Bagpipe 风笛 bourgeoisie@is.itself 2
1
LeavesofGrass 浙江省平湖市 07-05 08:59 -> 浙江省慈溪市 07-06 09:48 3706 8492
bye
