-1
-1
-1
-1
-1
-1
-1
-1
0
-1
-1
-1
-1
0
Vigna 红豆 the.manufacturing@middle.class 1
-1
-1
-1
Skadi 斯卡 slaves.in.the@Middle.Ages 2
Shamare 巫恋 rising.Even@manufacture.no 1
-1
-1
-1
Bibeak 柏喙 into.the.background@every.clas 1
-1
Ifrit 伊芙利特 one.another@carried.on 2
-1
0
-1
ProjeKTRed 红红 everywhere@a.complicated 1
Yato 夜刀 meet.this.nursery@tale.of 3
0
-1
0
-1
-1
-1
Weedy 温蒂 development@The.feudal 2
-1
0
-1
0
Ambriel 安比尔 millionaires@the.leaders 1
Cuora 蛇屠箱 trade.with@the.colonies 1
ProjeKTRed 红红 everywhere@a.complicated 1
-1
-1
Mostima 莫斯提马 of.the.earliest@towns.From 2
Scavenger 清道夫 division.of@labour.between 1
-1
-1
Specter 幽灵鲨 and.plebeian@lord.and 1
Blaze 煌煌 of.a.series@of.revolutions 4
-1
0
Purestream 清流 party.itself@To.this 1
-1
0
Sesa 慑砂 This.market@has.given 1
Siege 推进之王 monopolised@by.closed 1
Myrtle 桃金娘 in.proportion@as.industry 1
-1
Hung 吽吽 itself.a.Power@II.It 1
Conviction 断罪 vanished.in@the.face 2
Nearl 临光 history.we@find.almost 1
Provence 普罗旺 face.of.the@whole.world 1
-1
-1
-1
0
0
-1
-1
Vermeil 红云 production@The.place 1
0
Firewatch 守林人 opponents.in@power.Where 2
0
-1
Matoimaru 缠丸 in.the.same@proportion.the 1
-1
0
Sussurro 苏苏 to.industry@an.impulse 2
Myrtle 桃金娘 in.proportion@as.industry 1
Sussurro 苏苏 to.industry@an.impulse 2
Schwarz 黑黑 of.manufacture@was.taken 1
0
0
-1
-1
-1
Bibeak 柏喙 into.the.background@every.clas 1
Steward 史都华德 society.at@large.or 1
-1
Glaucus 格劳克斯 the.increase@in.the 2
-1
-1
Cardigan 卡缇 the.markets@kept.ever 1
Gitano 远山 sprang.the@chartered.burghers 1
0
Catapult 空爆 two.great.hostile@camps.into 1
0
0
6744800
-1
7428184
-1
1
whatyouwanted 山东省莱州市 07-15 10:08 -> 江西省高安市 07-15 17:46 1248 30519
Bison 拜松 classes.again@subordinate.grad 1
1
puzzletheNewWorld 黑龙江省尚志市 07-10 20:11 -> 四川省绵竹市 07-11 14:44 913 47885
Haze 夜烟 result.from@this.fact 1
-1
-1
-1
0
Orchid 梓兰 and.of.exchange@Each.step 1
Glaucus 格劳克斯 the.increase@in.the 2
-1
-1
4981980
-1
7379775
1
puzzletheNewWorld 湖南省岳阳市 07-20 17:01 -> 河南省登封市 07-21 09:52 1040 47885
1
LeavesofGrass 宁夏石嘴山市 07-06 19:25 -> 新疆伊宁市 07-07 08:52 1855 8018
1
puzzletheNewWorld 辽宁省辽阳市 07-04 13:05 -> 四川省绵竹市 07-05 14:44 1718 47885
1
whatyouwanted 山东省莱州市 08-04 10:08 -> 广东省高州市 08-04 10:58 176 30519
1
LeavesofGrass 浙江省平湖市 07-21 08:59 -> 宁夏石嘴山市 07-21 19:18 1781 93617
1
LeavesofGrass 宁夏石嘴山市 06-28 19:25 -> 新疆伊宁市 06-29 08:52 1855 8355
15418256
-1
0
1
puzzletheNewWorld 黑龙江省尚志市 06-20 20:11 -> 四川省绵竹市 06-21 14:44 913 47885
5014132
3908970
1
whatyouwanted 福建省建阳市 07-22 00:03 -> 湖北省松滋市 07-22 21:35 3707 30519
1
whatyouwanted 安徽省阜阳市 07-14 08:24 -> 山东省莱州市 07-14 10:04 486 30519
11156300
1
puzzletheNewWorld 湖南省岳阳市 07-23 17:01 -> 北京市 07-24 02:45 585 47885
-1
5452128
9339450
queue
10913488
1
LeavesofGrass 河南省灵宝市 07-11 23:45 -> 浙江省慈溪市 07-12 09:48 1011 41253
Matterhorn 角峰 an.immense@development.to 1
1
whatyouwanted 山东省乳山市 07-28 04:53 -> 广东省揭阳市 07-28 06:33 468 30519
0
1
whatyouwanted 山东省乳山市 08-09 04:53 -> 新疆阿克苏市 08-09 15:55 1916 30519
-1
1
[success] LeavesofGrass 新疆塔城市 07-14 07:38 -> 河北省河间市 07-14 18:01 1851 23933
25960075
1
AndtodefineAmeric 河南省周口市 07-18 06:54 -> 湖南省吉首市 07-18 11:01 601 80198
2454642
0
-1
21493981
-1
Ansel 安赛尔 now.open.fight@a.fight 2
1
puzzletheNewWorld 湖南省岳阳市 07-12 17:01 -> 四川省绵竹市 07-13 14:44 1339 47885
Hibiscus 芙蓉 Communistic@by.its 1
248248
Earthspirit 地灵 I.Communism@is.already 3
1
LeavesofGrass 新疆塔城市 08-04 07:38 -> 湖南省衡阳市 08-04 16:17 1338 76234
1
AndtodefineAmeric 辽宁省朝阳市 08-01 18:50 -> 吉林省榆树市 08-02 03:30 647 80198
2782512
Exusiai 能天使 of.America@the.rounding 1
1
AndtodefineAmeric 北京市 07-01 22:48 -> 湖北省黄冈市 07-02 01:07 50 80198
68469600
1
INSCRIPTIONS 黑龙江省五大连池市 08-06 19:22 -> 广东省高要市 08-06 21:36 292 47554
5201443
Leizi 惊蛰 this.spectre@Pope.and 1
-1
-1
Beagle 米格 Europethe.spectre@of.Communism 4
1
whatyouwanted 甘肃省兰州市 07-28 21:27 -> 新疆阿克苏市 07-29 15:55 2657 30519
1
IHEARDthatyouask 天津市 07-12 06:35 -> 四川省彭州市 07-12 23:13 249 72823
13
[success] INSCRIPTIONS 湖北省枣阳市 07-11 12:03 -> 新疆米泉市 07-11 14:38 162 17176
[success] LeavesofGrass 陕西省安康市 07-22 17:25 -> 河南省偃师市 07-23 03:28 1506 3718
[success] puzzletheNewWorld 湖南省岳阳市 06-30 17:01 -> 黑龙江省尚志市 06-30 20:04 426 1454
[pending] LeavesofGrass 浙江省杭州市 07-13 11:52 -> 河南省偃师市 07-14 03:28 2641 11233
[success] LeavesofGrass 福建省建阳市 07-24 21:19 -> 浙江省慈溪市 07-25 09:48 1525 10455
[success] LeavesofGrass 广东省四会市 07-06 15:39 -> 河南省偃师市 07-07 03:28 2234 14906
[success] INSCRIPTIONS 贵州省清镇市 08-06 16:24 -> 新疆米泉市 08-07 14:38 1879 5641
[success] INSCRIPTIONS 黑龙江省五大连池市 06-17 19:22 -> 湖北省枣阳市 06-18 11:59 1544 8923
[success] LeavesofGrass 河南省灵宝市 07-15 23:45 -> 广东省花都市 07-16 01:39 114 2769
[success] LeavesofGrass 广东省四会市 07-12 15:39 -> 新疆博乐市 07-13 06:04 2427 9684
[pending] LeavesofGrass 湖南省衡阳市 07-14 16:20 -> 新疆博乐市 07-15 06:04 2187 24112
[success] INSCRIPTIONS 广东省惠阳市 07-13 01:41 -> 湖北省枣阳市 07-13 11:59 1099 9374
[success] INSCRIPTIONS 黑龙江省五大连池市 06-18 19:22 -> 江苏省扬州市 06-19 08:14 1056 8250
-1
1
LeavesofGrass 广东省花都市 07-19 01:43 -> 浙江省慈溪市 07-19 09:48 897 90620
7200440
34227333
Rope 暗索 pushed.on.one@side.by 1
Matterhorn 角峰 an.immense@development.to 1
-1
1
IHEARDthatyouask 新疆吐鲁番市 07-23 05:55 -> 天津市 07-23 06:30 496 80974
4152457
Reed 苇草 has.established@the.worldmarke 2
-1
Firewatch 守林人 opponents.in@power.Where 2
-1
-1
-1
1
AndtodefineAmeric 天津市 06-29 08:57 -> 山西省榆次市 06-29 16:11 1942 80198
6462400
Pramanix 初雪 means.of.exchange@and.in 1
1
LeavesofGrass 福建省建阳市 07-20 21:19 -> 新疆博乐市 07-21 06:04 1053 31829
1936116
9796530
0
3551451
1
LeavesofGrass 辽宁省抚顺市 07-29 14:24 -> 福建省建阳市 07-29 21:14 1379 2735
1
whatyouwanted 广东省高州市 07-22 11:08 -> 吉林省四平市 07-22 18:18 1489 30519
1
puzzletheNewWorld 河南省登封市 07-03 09:56 -> 四川省绵竹市 07-03 14:44 299 47885
Sora 空空 have.patricians@knights.plebei 1
947760
queue
Bibeak 柏喙 in.the.development@of.the 1
0
Breeze 微风 America.paved@the.way 1
-1
-1
-1
1
puzzletheNewWorld 北京市 08-09 02:54 -> 河南省登封市 08-09 09:52 455 47885
14763665
1
INSCRIPTIONS 黑龙江省五大连池市 08-03 19:22 -> 广东省高要市 08-03 21:36 292 53166
-1
1
INSCRIPTIONS 黑龙江省五大连池市 06-25 19:22 -> 湖北省枣阳市 06-26 11:59 1544 56817
Hellagur 赫拉格 The.manufacturing@system.took 1
1
LeavesofGrass 河南省灵宝市 07-05 23:45 -> 浙江省慈溪市 07-06 09:48 1011 50544
1
LeavesofGrass 宁夏石嘴山市 06-29 19:25 -> 河南省灵宝市 06-29 23:39 914 21712
1
INSCRIPTIONS 广东省高要市 08-07 21:40 -> 广东省惠阳市 08-08 01:32 153 56762
queue
1
INSCRIPTIONS 贵州省清镇市 07-23 16:24 -> 新疆米泉市 07-24 14:38 1879 58536
1
LeavesofGrass 黑龙江省海林市 07-20 22:56 -> 河南省偃师市 07-21 03:28 846 31829
Lava 炎熔 modern.bourgeois@Modern.indust 1
Scavenger 清道夫 division.of@labour.between 1
1
IHEARDthatyouask 天津市 07-15 06:35 -> 广东省云浮市 07-15 18:52 229 80293
1
puzzletheNewWorld 北京市 06-12 02:54 -> 河南省登封市 06-12 09:52 455 47885
5782942
-1
1
puzzletheNewWorld 湖南省岳阳市 07-17 17:01 -> 河南省登封市 07-18 09:52 1040 47885
1
IHEARDthatyouask 广东省云浮市 08-04 19:00 -> 四川省彭州市 08-04 23:13 20 87991
1
IHEARDthatyouask 新疆吐鲁番市 07-20 05:55 -> 广东省云浮市 07-20 18:52 725 91153
1
INSCRIPTIONS 广东省高要市 08-01 21:40 -> 广东省惠阳市 08-02 01:32 153 60484
1
AndtodefineAmeric 山西省榆次市 08-26 16:15 -> 河南省周口市 08-27 06:51 1082 80198
1
whatyouwanted 广东省揭阳市 07-13 06:37 -> 山东省莱州市 07-13 10:04 692 30519
1
whatyouwanted 辽宁省盖州市 07-08 20:30 -> 湖北省利川市 07-08 22:24 503 30519
Ethan 伊桑 acknowledged@by.all 3
251620
-1
1128400
-1
1
IHEARDthatyouask 新疆吐鲁番市 07-14 05:55 -> 广东省云浮市 07-14 18:52 725 78448
Courier 讯使 publish.their@views.their 1
-1
1
INSCRIPTIONS 广东省高要市 08-06 21:40 -> 新疆米泉市 08-07 14:38 1414 47554
13369000
-1
1
puzzletheNewWorld 辽宁省辽阳市 06-27 13:05 -> 河南省登封市 06-28 09:52 1419 47885
Warfarin 华法琳 the.different@corporate.guilds 1
-1
5134941
1
AndtodefineAmeric 山东省高密市 07-09 13:02 -> 湖北省黄冈市 07-10 01:07 1500 80198
Nian 年年 wants.of.the@new.markets 1
12334078
-1
Cuora 蛇屠箱 trade.with@the.colonies 1
1
AndtodefineAmeric 北京市 07-23 22:48 -> 湖南省吉首市 07-24 11:01 1042 80198
-1
Lappland 拉普兰德 manifold.gradation@of.social 1
1
IHEARDthatyouask 天津市 07-28 06:35 -> 四川省彭州市 07-28 23:13 249 75790
1121120
1
INSCRIPTIONS 贵州省清镇市 08-01 16:24 -> 湖北省枣阳市 08-02 11:59 1717 60484
-1
2132190
Warfarin 华法琳 the.different@corporate.guilds 1
1
IHEARDthatyouask 广东省云浮市 07-14 19:00 -> 四川省彭州市 07-14 23:13 20 78448
Angelina 安洁莉 two.great.classes@directly.fac 1
1
puzzletheNewWorld 辽宁省辽阳市 08-04 13:05 -> 黑龙江省尚志市 08-04 20:04 805 47885
9731800
801560
8584938
1
IHEARDthatyouask 天津市 07-18 06:35 -> 广东省云浮市 07-18 18:52 229 82374
0
Matoimaru 缠丸 in.the.same@proportion.the 1
1
IHEARDthatyouask 新疆吐鲁番市 07-31 05:55 -> 广东省云浮市 07-31 18:52 725 71921
-1
-1
1
whatyouwanted 辽宁省盖州市 07-08 20:30 -> 北京市 07-09 02:07 1076 30519
0
Meteorite 陨星 bourgeoisie@was.accompanied 3
Chen 陈陈 into.various@orders.a 2
0
0
-1
-1
1
whatyouwanted 北京市 07-24 02:12 -> 湖北省松滋市 07-24 21:35 3269 30519
33940
0
18414000
0
11072704
1
whatyouwanted 河南省洛阳市 07-13 13:03 -> 新疆阿克苏市 07-13 15:55 417 30519
-1
1
AndtodefineAmeric 广东省高明市 07-16 13:35 -> 吉林省榆树市 07-17 03:30 1427 80198
1
LeavesofGrass 辽宁省抚顺市 07-03 14:24 -> 黑龙江省海林市 07-03 22:46 1393 11396
1
IHEARDthatyouask 新疆吐鲁番市 07-21 05:55 -> 广东省云浮市 07-21 18:52 725 70205
1
LeavesofGrass 福建省建阳市 07-08 21:19 -> 河南省灵宝市 07-08 23:39 514 75785
Rangers 巡林 arrangement@of.society 3
Glaucus 格劳克斯 the.increase@in.the 2
-1
-1
225885
1
LeavesofGrass 湖南省衡阳市 07-28 16:20 -> 福建省建阳市 07-28 21:14 1134 5509
9551943
1
puzzletheNewWorld 辽宁省辽阳市 07-01 13:05 -> 北京市 07-02 02:45 964 47885
-1
0
Lava 炎熔 modern.bourgeois@Modern.indust 1
1
puzzletheNewWorld 辽宁省辽阳市 06-17 13:05 -> 四川省绵竹市 06-18 14:44 1718 47885
1
puzzletheNewWorld 河南省登封市 06-15 09:56 -> 四川省绵竹市 06-15 14:44 299 47885
6
[success] INSCRIPTIONS 黑龙江省五大连池市 07-17 19:22 -> 江苏省扬州市 07-18 08:14 1056 7832
[success] INSCRIPTIONS 广东省高要市 06-17 21:40 -> 北京市 06-18 06:40 564 1448
[success] LeavesofGrass 新疆塔城市 07-09 07:38 -> 浙江省杭州市 07-09 11:46 691 10367
[pending] LeavesofGrass 新疆塔城市 07-31 07:38 -> 浙江省慈溪市 08-01 09:48 3997 22374
[success] IHEARDthatyouask 新疆吐鲁番市 07-11 05:55 -> 四川省彭州市 07-11 23:13 745 19915
[success] LeavesofGrass 黑龙江省海林市 07-30 22:56 -> 广东省花都市 07-31 01:39 614 20787
Shamare 巫恋 rising.Even@manufacture.no 1
1
INSCRIPTIONS 云南省安宁市 07-22 20:50 -> 广东省惠阳市 07-23 01:32 289 70655
1
INSCRIPTIONS 黑龙江省五大连池市 07-26 19:22 -> 广东省惠阳市 07-27 01:32 445 65676
ProjeKTRed 红红 everywhere@a.complicated 1
Meteorite 陨星 bourgeoisie@was.accompanied 3
-1
Schwarz 黑黑 of.manufacture@was.taken 1
Executor 送葬人 history.of@all.hitherto 1
Silence 赫默 stood.in.constant@opposition.t 1
1338324
1
IHEARDthatyouask 新疆吐鲁番市 07-30 05:55 -> 广东省云浮市 07-30 18:52 725 68880
11
[success] INSCRIPTIONS 北京市 07-19 06:46 -> 江苏省扬州市 07-19 08:14 200 4776
[success] INSCRIPTIONS 贵州省清镇市 08-21 16:24 -> 江苏省扬州市 08-22 08:14 1229 12569
[success] INSCRIPTIONS 北京市 07-05 06:46 -> 湖北省枣阳市 07-05 11:59 688 1305
[success] INSCRIPTIONS 广东省高要市 08-10 21:40 -> 北京市 08-11 06:40 564 3889
[success] LeavesofGrass 广东省花都市 07-03 01:43 -> 新疆博乐市 07-03 06:04 425 8326
[success] LeavesofGrass 辽宁省抚顺市 07-13 14:24 -> 浙江省慈溪市 07-14 09:48 2904 16399
[success] LeavesofGrass 河北省河间市 07-27 18:11 -> 河南省偃师市 07-28 03:28 1481 13901
[success] LeavesofGrass 宁夏石嘴山市 07-29 19:25 -> 黑龙江省海林市 07-29 22:46 414 5204
[success] LeavesofGrass 浙江省杭州市 08-03 11:52 -> 宁夏石嘴山市 08-03 19:18 1381 21107
[success] LeavesofGrass 辽宁省抚顺市 07-06 14:24 -> 河北省河间市 07-06 18:01 758 8673
[success] LeavesofGrass 福建省建阳市 07-30 21:19 -> 黑龙江省海林市 07-30 22:46 14 2433
Vermeil 红云 production@The.place 1
1
LeavesofGrass 新疆伊宁市 07-13 08:57 -> 浙江省慈溪市 07-13 09:48 70 79931
1
AndtodefineAmeric 山东省高密市 07-23 13:02 -> 江西省吉安市 07-23 21:09 1185 80198
8317080
1
IHEARDthatyouask 新疆吐鲁番市 07-23 05:55 -> 天津市 07-23 06:30 496 80974
1
whatyouwanted 福建省建阳市 07-21 00:03 -> 湖北省松滋市 07-21 21:35 3707 30519
8665200
-1
1
INSCRIPTIONS 广东省高要市 06-22 21:40 -> 湖北省枣阳市 06-23 11:59 1252 70655
1
INSCRIPTIONS 广东省惠阳市 08-10 01:41 -> 江苏省扬州市 08-10 08:14 611 56479
0
1
LeavesofGrass 辽宁省抚顺市 07-31 14:24 -> 浙江省慈溪市 08-01 09:48 2904 4397
1
AndtodefineAmeric 江苏省吴江市 08-07 17:00 -> 江西省南康市 08-08 05:58 769 80198
20400
-1
-1
3348840
11729536
-1
1
whatyouwanted 福建省建阳市 07-28 00:03 -> 湖北省松滋市 07-28 21:35 3707 30519
13342844
Estelle 艾丝黛 Middle.Ages@We.see 3
queue
3901752
1
LeavesofGrass 新疆塔城市 07-27 07:38 -> 河南省偃师市 07-28 03:28 3332 28381
1
puzzletheNewWorld 北京市 08-05 02:54 -> 河南省登封市 08-05 09:52 455 47885
900900
1
LeavesofGrass 浙江省平湖市 07-20 08:59 -> 浙江省慈溪市 07-21 09:48 3706 21438
Yato 夜刀 meet.this.nursery@tale.of 3
Warfarin 华法琳 the.different@corporate.guilds 1
0
3858384
-1
-1
1
AndtodefineAmeric 辽宁省朝阳市 06-21 18:50 -> 吉林省榆树市 06-22 03:30 647 80198
-1
Ptilopsis 白面鸮 this.distinctive@feature.it 2
-1
Firewatch 守林人 opponents.in@power.Where 2
11172600
1
whatyouwanted 河南省洛阳市 07-11 13:03 -> 吉林省四平市 07-11 18:18 1326 30519
GreyThroat 灰喉 Freeman.and@slave.patrician 1
1
INSCRIPTIONS 贵州省清镇市 08-07 16:24 -> 新疆米泉市 08-08 14:38 1879 55683
-1
Matterhorn 角峰 an.immense@development.to 1
1
INSCRIPTIONS 贵州省清镇市 07-31 16:24 -> 广东省惠阳市 08-01 01:32 618 70655
1
LeavesofGrass 辽宁省抚顺市 07-26 14:24 -> 新疆伊宁市 07-27 08:52 2834 27148
Elysium 极境 has.simplified@the.class 3
-1
8621700
18060224
5299532
8431150
Ansel 安赛尔 now.open.fight@a.fight 2
queue
46963952
Exusiai 能天使 of.America@the.rounding 1
2070618
-1
0
23942215
-1
1
INSCRIPTIONS 黑龙江省五大连池市 06-17 19:22 -> 湖北省枣阳市 06-18 11:59 1544 47268
-1
1
AndtodefineAmeric 江苏省吴江市 07-01 17:00 -> 湖南省吉首市 07-02 11:01 1543 74617
1
LeavesofGrass 辽宁省抚顺市 07-27 14:24 -> 广东省花都市 07-28 01:39 2007 28381
Nightingale 夜莺 of.that.class@An.oppressed 1
-1
-1
1
IHEARDthatyouask 新疆吐鲁番市 07-19 05:55 -> 四川省彭州市 07-19 23:13 745 75765
56574988
-1
Silence 赫默 stood.in.constant@opposition.t 1
1
IHEARDthatyouask 天津市 07-17 06:35 -> 四川省彭州市 07-17 23:13 249 91153
Ambriel 安比尔 millionaires@the.leaders 1
-1
Ethan 伊桑 acknowledged@by.all 3
1
whatyouwanted 福建省建阳市 07-09 00:03 -> 广东省高州市 07-09 10:58 1870 30519
-1
Saria 塞雷娅 in.the.common@ruin.of 1
1
puzzletheNewWorld 河南省登封市 06-22 09:56 -> 四川省绵竹市 06-22 14:44 299 47885
SilverAsh 银灰 feudal.lords@vassals.guildmast 1
1836126
1
INSCRIPTIONS 江苏省扬州市 06-26 08:17 -> 湖北省枣阳市 06-26 11:59 488 59751
1
AndtodefineAmeric 云南省保山市 06-21 09:33 -> 江西省吉安市 06-21 21:09 1918 80198
41385536
1
AndtodefineAmeric 山东省乐陵市 06-24 14:14 -> 吉林省榆树市 06-25 03:30 963 80198
-1
1
LeavesofGrass 浙江省平湖市 07-20 08:59 -> 福建省建阳市 07-20 21:14 2181 21438
1
INSCRIPTIONS 贵州省清镇市 07-28 16:24 -> 云南省安宁市 07-28 20:42 329 62191
-1
queue
Shaw 阿消 new.conditions@of.oppression 1
8491320
queue
16135560
568425
4227522
-1
802287
1
AndtodefineAmeric 天津市 08-24 08:57 -> 山东省高密市 08-24 12:55 1133 80198
1
IHEARDthatyouask 新疆吐鲁番市 08-01 05:55 -> 天津市 08-01 06:30 496 59067
1
IHEARDthatyouask 新疆吐鲁番市 08-02 05:55 -> 四川省彭州市 08-02 23:13 745 64160
Skadi 斯卡 slaves.in.the@Middle.Ages 2
1
LeavesofGrass 河北省河间市 07-10 18:11 -> 黑龙江省海林市 07-10 22:46 635 6034
-1
1
puzzletheNewWorld 河南省登封市 08-13 09:56 -> 四川省绵竹市 08-13 14:44 299 47885
queue
1
AndtodefineAmeric 云南省保山市 07-21 09:33 -> 河南省周口市 07-22 06:51 2624 80198
16039175
Purestream 清流 party.itself@To.this 1
Bison 拜松 classes.again@subordinate.grad 1
1
AndtodefineAmeric 天津市 07-10 08:57 -> 江苏省吴江市 07-10 16:50 2082 80198
-1
-1
1
whatyouwanted 广东省揭阳市 08-06 06:37 -> 内蒙东胜市 08-06 20:46 2492 30519
WaaiFu 槐琥 French.Radicals@and.German 2
1
IHEARDthatyouask 天津市 07-09 06:35 -> 广东省云浮市 07-09 18:52 229 32053
439939
1
whatyouwanted 湖北省利川市 08-03 22:30 -> 广东省揭阳市 08-04 06:33 1137 23354
1
AndtodefineAmeric 天津市 07-17 08:57 -> 湖南省吉首市 07-18 11:01 3625 80198
10079884
5068695
5
[success] LeavesofGrass 陕西省安康市 07-11 17:25 -> 黑龙江省海林市 07-11 22:46 660 1436
[success] INSCRIPTIONS 广东省惠阳市 06-29 01:41 -> 北京市 06-29 06:40 411 8641
[success] LeavesofGrass 辽宁省抚顺市 07-23 14:24 -> 河南省灵宝市 07-23 23:39 1893 18081
[success] LeavesofGrass 广东省四会市 07-28 15:39 -> 陕西省安康市 07-28 17:15 728 341
[success] LeavesofGrass 宁夏石嘴山市 07-19 19:25 -> 福建省建阳市 07-19 21:14 400 16862
2099994
1
puzzletheNewWorld 黑龙江省尚志市 08-02 20:11 -> 北京市 08-03 02:45 159 47885
1
whatyouwanted 北京市 07-22 02:12 -> 四川省华蓥市 07-22 09:33 789 30519
Fang 芬芬 sufficed.for@the.growing 1
10672
1
IHEARDthatyouask 新疆吐鲁番市 07-17 05:55 -> 四川省彭州市 07-17 23:13 745 91153
-1
62160714
1
whatyouwanted 山东省乳山市 07-07 04:53 -> 山东省莱州市 07-07 10:04 1160 30519
Shining 闪灵 the.Spectre@of.Communism 2
-1
38882770
29785470
-1
Ethan 伊桑 acknowledged@by.all 3
1
AndtodefineAmeric 云南省保山市 07-01 09:33 -> 吉林省榆树市 07-02 03:30 2368 74617
-1
2316069
1
puzzletheNewWorld 辽宁省辽阳市 08-13 13:05 -> 河南省登封市 08-14 09:52 1419 47885
Istina 真理 commerce.navigation@railways.e 1
3563042
0
-1
3410512
-1
2205670
1
whatyouwanted 安徽省阜阳市 07-29 08:24 -> 新疆阿克苏市 07-29 15:55 1242 30519
13695738
-1
1
LeavesofGrass 河南省灵宝市 08-04 23:45 -> 新疆博乐市 08-05 06:04 539 55962
1
puzzletheNewWorld 辽宁省辽阳市 07-13 13:05 -> 黑龙江省尚志市 07-13 20:04 805 47885
-1
-1
1
puzzletheNewWorld 北京市 06-14 02:54 -> 河南省登封市 06-14 09:52 455 47885
16251807
1
whatyouwanted 安徽省阜阳市 07-17 08:24 -> 山东省莱州市 07-17 10:04 486 30519
1929936
10697232
1
AndtodefineAmeric 辽宁省朝阳市 08-08 18:50 -> 湖北省黄冈市 08-09 01:07 512 80198
1
whatyouwanted 甘肃省兰州市 07-05 21:27 -> 新疆阿克苏市 07-06 15:55 2657 30519
0
1
whatyouwanted 河南省洛阳市 08-07 13:03 -> 吉林省双辽市 08-07 14:29 66 30519
7318629
1
INSCRIPTIONS 贵州省清镇市 06-14 16:24 -> 云南省安宁市 06-14 20:42 329 54547
1
LeavesofGrass 浙江省平湖市 07-31 08:59 -> 新疆博乐市 08-01 06:04 3234 4397
2734550
1
LeavesofGrass 辽宁省抚顺市 07-29 14:24 -> 新疆博乐市 07-30 06:04 2432 2735
-1
170404
Orchid 梓兰 and.of.exchange@Each.step 1
0
5635784
1
AndtodefineAmeric 天津市 08-25 08:57 -> 湖北省孝感市 08-26 09:22 3174 80198
7940596
1
AndtodefineAmeric 吉林省榆树市 07-23 03:33 -> 河南省周口市 07-23 06:51 256 80198
-1
35759020
queue
1
puzzletheNewWorld 辽宁省辽阳市 06-26 13:05 -> 四川省绵竹市 06-27 14:44 1718 47885
Gitano 远山 sprang.the@chartered.burghers 1
1
whatyouwanted 甘肃省兰州市 07-10 21:27 -> 河南省洛阳市 07-11 12:55 2240 30519
1
whatyouwanted 辽宁省盖州市 08-09 20:30 -> 北京市 08-10 02:07 1076 30519
Sideroca 铸铁 rising.bourgeoisie@The.EastInd 1
GreyThroat 灰喉 Freeman.and@slave.patrician 1
Blaze 煌煌 of.a.series@of.revolutions 4
Vigna 红豆 the.manufacturing@middle.class 1
Istina 真理 commerce.navigation@railways.e 1
9
[success] LeavesofGrass 新疆塔城市 07-09 07:38 -> 宁夏石嘴山市 07-09 19:18 2072 22666
[success] whatyouwanted 山东省乳山市 07-31 04:53 -> 吉林省四平市 07-31 18:18 2825 3306
[success] INSCRIPTIONS 广东省高要市 07-19 21:40 -> 江苏省扬州市 07-20 08:14 764 6563
[success] INSCRIPTIONS 湖北省枣阳市 07-28 12:03 -> 新疆米泉市 07-28 14:38 162 2993
[pending] LeavesofGrass 新疆塔城市 07-11 07:38 -> 福建省建阳市 07-11 21:14 2472 8643
[success] INSCRIPTIONS 云南省安宁市 07-11 20:50 -> 广东省高要市 07-11 21:36 136 13108
[success] LeavesofGrass 河北省河间市 07-02 18:11 -> 广东省花都市 07-03 01:39 1249 16970
[success] LeavesofGrass 辽宁省抚顺市 07-15 14:24 -> 黑龙江省海林市 07-15 22:46 1393 995
[success] LeavesofGrass 辽宁省抚顺市 07-03 14:24 -> 宁夏石嘴山市 07-03 19:18 979 5907
-1
Vermeil 红云 production@The.place 1
queue
Spot 斑点 with.a.Manifesto@of.the 1
3334500
Estelle 艾丝黛 Middle.Ages@We.see 3
6623438
-1
Texas 德克萨斯 of.whole.industrial@armies.the 1
1
LeavesofGrass 浙江省平湖市 07-23 08:59 -> 浙江省杭州市 07-23 11:46 400 98306
0
queue
1
IHEARDthatyouask 天津市 08-02 06:35 -> 广东省云浮市 08-02 18:52 229 64160
Sora 空空 have.patricians@knights.plebei 1
33801070
841940
515146
21776876
1
puzzletheNewWorld 黑龙江省尚志市 06-18 20:11 -> 河南省登封市 06-19 09:52 614 47885
0
1
whatyouwanted 甘肃省兰州市 07-29 21:27 -> 广东省揭阳市 07-30 06:33 1209 30519
1
AndtodefineAmeric 山东省胶州市 08-26 12:18 -> 江西省吉安市 08-26 21:09 1451 80198
1
puzzletheNewWorld 北京市 06-13 02:54 -> 四川省绵竹市 06-13 14:44 754 47885
SilverAsh 银灰 feudal.lords@vassals.guildmast 1
queue
17038080
-1
7693
-1
Weedy 温蒂 development@The.feudal 2
1
whatyouwanted 北京市 07-16 02:12 -> 内蒙东胜市 07-16 20:46 3056 30519
5
[success] INSCRIPTIONS 广东省高要市 08-15 21:40 -> 江苏省扬州市 08-16 08:14 764 4012
[success] LeavesofGrass 浙江省杭州市 07-23 11:52 -> 河南省偃师市 07-24 03:28 2641 1580
[success] LeavesofGrass 浙江省平湖市 07-24 08:59 -> 新疆伊宁市 07-25 08:52 3636 6341
[success] LeavesofGrass 陕西省安康市 08-03 17:25 -> 福建省建阳市 08-03 21:14 646 12367
[success] LeavesofGrass 新疆塔城市 07-05 07:38 -> 新疆伊宁市 07-06 08:52 3927 16537
4196196
Pramanix 初雪 means.of.exchange@and.in 1
1
LeavesofGrass 新疆塔城市 07-16 07:38 -> 广东省四会市 07-16 15:34 1098 61708
1
INSCRIPTIONS 广东省高要市 07-13 21:40 -> 新疆米泉市 07-14 14:38 1414 55484
673275
11144400
1
IHEARDthatyouask 天津市 07-21 06:35 -> 四川省彭州市 07-21 23:13 249 70205
Phantom 傀影 not.done.away@with.class 1
-1
1532856
0
1
INSCRIPTIONS 贵州省清镇市 08-06 16:24 -> 广东省惠阳市 08-07 01:32 618 47554
1
AndtodefineAmeric 吉林省图们市 06-18 10:50 -> 广东省高明市 06-18 13:28 567 80198
0
Yato 夜刀 meet.this.nursery@tale.of 3
Breeze 微风 America.paved@the.way 1
-1
Beagle 米格 Europethe.spectre@of.Communism 4
1
INSCRIPTIONS 黑龙江省五大连池市 06-28 19:22 -> 江苏省扬州市 06-29 08:14 1056 53237
1
LeavesofGrass 陕西省安康市 06-30 17:25 -> 福建省建阳市 06-30 21:14 646 43008
1
IHEARDthatyouask 新疆吐鲁番市 08-01 05:55 -> 天津市 08-01 06:30 496 59067
0
1
INSCRIPTIONS 北京市 07-19 06:46 -> 新疆米泉市 07-19 14:38 850 65879
0
queue
2209150
1585152
-1
Midnight 月见夜 longer.sufficed@Thereupon.stea 1
queue
1
IHEARDthatyouask 新疆吐鲁番市 08-04 05:55 -> 四川省彭州市 08-04 23:13 745 64941
1
AndtodefineAmeric 江西省吉安市 08-05 21:19 -> 江西省南康市 08-06 05:58 533 80198
3360422
3172218
1
TOTHEEOLDCAUSE 山东省聊城市 06-09 13:46 -> 安徽省桐城市 06-10 11:13 1900 33971
25510155
queue
Myrtle 桃金娘 in.proportion@as.industry 1
4657120
0
1
TOTHEEOLDCAUSE 山东省聊城市 07-29 13:46 -> 山东省滕州市 07-30 01:56 977 33971
1
puzzletheNewWorld 辽宁省辽阳市 07-19 13:05 -> 北京市 07-20 02:45 964 47885
Catapult 空爆 two.great.hostile@camps.into 1
Executor 送葬人 history.of@all.hitherto 1
1
puzzletheNewWorld 北京市 07-10 02:54 -> 四川省绵竹市 07-10 14:44 754 47885
-1
0
0
1
puzzletheNewWorld 黑龙江省尚志市 08-07 20:11 -> 四川省绵竹市 08-08 14:44 913 47885
1
INSCRIPTIONS 黑龙江省五大连池市 06-15 19:22 -> 江苏省扬州市 06-16 08:14 1056 67686
1
INSCRIPTIONS 贵州省清镇市 07-16 16:24 -> 湖北省枣阳市 07-17 11:59 1717 58244
499735
9900394
1
TOFOREIGNLANDS 河北省张家口市 06-21 22:51 -> 辽宁省铁岭市 06-22 12:11 1385 92870
5554172
2
[success] IHEARDthatyouask 新疆吐鲁番市 08-01 05:55 -> 天津市 08-01 06:30 496 22003
[success] LeavesofGrass 福建省建阳市 07-13 21:19 -> 河南省偃师市 07-14 03:28 860 5793
0
1
TOFOREIGNLANDS 河北省张家口市 07-19 22:51 -> 北京市 07-20 02:50 500 92870
Mostima 莫斯提马 of.the.earliest@towns.From 2
1
puzzletheNewWorld 黑龙江省尚志市 08-02 20:11 -> 北京市 08-03 02:45 159 47885
1
whatyouwanted 安徽省阜阳市 07-11 08:24 -> 山东省莱州市 07-11 10:04 486 30519
1
TOFOREIGNLANDS 江西省鹰潭市 07-09 08:47 -> 甘肃省敦煌市 07-09 20:48 1642 92870
1
INSCRIPTIONS 云南省安宁市 07-25 20:50 -> 新疆米泉市 07-26 14:38 1550 48525
14116212
7847840
Skyfire 天火 published.in@the.English 1
-1
1
whatyouwanted 广东省高州市 08-07 11:08 -> 江西省高安市 08-07 17:46 1072 30519
1
LeavesofGrass 广东省四会市 07-08 15:39 -> 河北省河间市 07-08 18:01 753 64781
850335
Bibeak 柏喙 in.the.development@of.the 1
-1
1
LeavesofGrass 河北省河间市 06-30 18:11 -> 浙江省慈溪市 07-01 09:48 2146 43008
Ethan 伊桑 acknowledged@by.all 3
Cardigan 卡缇 the.markets@kept.ever 1
1
AndtodefineAmeric 江苏省吴江市 08-03 17:00 -> 北京市 08-03 22:38 501 80198
-1
1
TOFOREIGNLANDS 河北省张家口市 07-09 22:51 -> 四川省攀枝花市 07-10 20:01 2268 92870
Eyjafjalla 艾雅法拉 its.place.The@guildmasters.wer 2
Ambriel 安比尔 millionaires@the.leaders 1
9
[success] LeavesofGrass 新疆塔城市 07-09 07:38 -> 宁夏石嘴山市 07-09 19:18 2072 22666
[success] whatyouwanted 山东省乳山市 07-31 04:53 -> 吉林省四平市 07-31 18:18 2825 3306
[success] INSCRIPTIONS 广东省高要市 07-19 21:40 -> 江苏省扬州市 07-20 08:14 764 6563
[success] INSCRIPTIONS 湖北省枣阳市 07-28 12:03 -> 新疆米泉市 07-28 14:38 162 2993
[pending] LeavesofGrass 新疆塔城市 07-11 07:38 -> 福建省建阳市 07-11 21:14 2472 8643
[success] INSCRIPTIONS 云南省安宁市 07-11 20:50 -> 广东省高要市 07-11 21:36 136 13108
[success] LeavesofGrass 河北省河间市 07-02 18:11 -> 广东省花都市 07-03 01:39 1249 16970
[success] LeavesofGrass 辽宁省抚顺市 07-15 14:24 -> 黑龙江省海林市 07-15 22:46 1393 995
[success] LeavesofGrass 辽宁省抚顺市 07-03 14:24 -> 宁夏石嘴山市 07-03 19:18 979 5907
10513225
17711331
27771016
1
TOTHEEOLDCAUSE 河北省唐山市 08-01 15:34 -> 河南省周口市 08-01 23:49 829 33971
23563100
Silence 赫默 stood.in.constant@opposition.t 1
1
INSCRIPTIONS 云南省安宁市 08-21 20:50 -> 湖北省枣阳市 08-22 11:59 1388 16919
Skyfire 天火 published.in@the.English 1
10900784
10925050
1
puzzletheNewWorld 辽宁省辽阳市 08-11 13:05 -> 河南省登封市 08-12 09:52 1419 47885
1
puzzletheNewWorld 北京市 06-20 02:54 -> 四川省绵竹市 06-20 14:44 754 37061
-1
Hellagur 赫拉格 The.manufacturing@system.took 1
queue
1
LeavesofGrass 浙江省平湖市 07-08 08:59 -> 陕西省安康市 07-08 17:15 1535 64781
-1
Nian 年年 wants.of.the@new.markets 1
1
TOFOREIGNLANDS 江苏省淮安市 06-24 19:20 -> 四川省攀枝花市 06-24 20:01 231 92870
1254240
1
INSCRIPTIONS 云南省安宁市 06-20 20:50 -> 广东省惠阳市 06-21 01:32 289 65844
0
5124085
1
TOFOREIGNLANDS 河北省张家口市 07-13 22:51 -> 江苏省淮安市 07-14 19:12 2037 92870
1
TOFOREIGNLANDS 湖南省常宁市 06-08 02:20 -> 江苏省淮安市 06-08 19:12 1598 92870
0
-1
5734400
Meteor 流星 but.established@new.classes 1
1
AndtodefineAmeric 天津市 06-28 08:57 -> 湖北省黄冈市 06-29 01:07 2633 80198
0
Indra 因陀罗 ruins.of.feudal@society.has 1
10484390
Haze 夜烟 result.from@this.fact 1
-1
1
puzzletheNewWorld 黑龙江省尚志市 08-09 20:11 -> 河南省登封市 08-10 09:52 614 47885
-1
1
INSCRIPTIONS 广东省惠阳市 08-21 01:41 -> 江苏省扬州市 08-21 08:14 611 59500
ProjeKTRed 红红 everywhere@a.complicated 1
8800257
1
TOTHEEOLDCAUSE 山西省太原市 07-16 07:56 -> 四川省绵阳市 07-16 17:54 708 33971
23116366
-1
1
AndtodefineAmeric 山东省高密市 07-08 13:02 -> 广东省高明市 07-08 13:28 208 80198
-1
453152
Cuora 蛇屠箱 trade.with@the.colonies 1
1
IHEARDthatyouask 新疆吐鲁番市 07-28 05:55 -> 四川省彭州市 07-28 23:13 745 71499
-1
1
TOFOREIGNLANDS 湖南省常宁市 07-16 02:20 -> 甘肃省敦煌市 07-16 20:48 2016 92870
Silence 赫默 stood.in.constant@opposition.t 1
4
[success] AndtodefineAmeric 云南省保山市 07-24 09:33 -> 吉林省榆树市 07-25 03:30 2368 17477
[success] LeavesofGrass 浙江省杭州市 08-01 11:52 -> 福建省建阳市 08-01 21:14 1781 7628
[success] LeavesofGrass 辽宁省抚顺市 07-15 14:24 -> 河南省偃师市 07-16 03:28 2239 19633
[success] LeavesofGrass 湖南省衡阳市 07-07 16:20 -> 宁夏石嘴山市 07-07 19:18 734 3232
2188648
6355512
459200
1
TOTHEEOLDCAUSE 山西省太原市 06-15 07:56 -> 四川省绵阳市 06-15 17:54 708 33971
1
TOFOREIGNLANDS 浙江省临安市 06-10 21:04 -> 河北省张家口市 06-10 22:48 412 92870
Steward 史都华德 society.at@large.or 1
54870
0
-1
-1
22
[success] whatyouwanted 新疆阿克苏市 08-04 15:58 -> 湖北省松滋市 08-04 21:35 1257 7001
[success] LeavesofGrass 新疆塔城市 07-21 07:38 -> 宁夏石嘴山市 07-21 19:18 2072 13403
[success] IHEARDthatyouask 天津市 08-06 06:35 -> 四川省彭州市 08-06 23:13 249 3415
[success] INSCRIPTIONS 北京市 07-01 06:46 -> 湖北省枣阳市 07-01 11:59 688 2304
[pending] LeavesofGrass 浙江省平湖市 07-29 08:59 -> 黑龙江省海林市 07-29 22:46 2195 19208
[success] LeavesofGrass 陕西省安康市 08-04 17:25 -> 广东省花都市 08-05 01:39 1274 14176
[success] LeavesofGrass 陕西省安康市 06-29 17:25 -> 福建省建阳市 06-29 21:14 646 19093
[success] LeavesofGrass 河南省偃师市 07-16 03:31 -> 浙江省慈溪市 07-16 09:48 665 22201
[success] INSCRIPTIONS 黑龙江省五大连池市 08-01 19:22 -> 江苏省扬州市 08-02 08:14 1056 5163
[success] IHEARDthatyouask 新疆吐鲁番市 07-25 05:55 -> 四川省彭州市 07-25 23:13 745 18745
[success] LeavesofGrass 新疆塔城市 07-04 07:38 -> 河北省河间市 07-04 18:01 1851 5208
[success] INSCRIPTIONS 北京市 06-17 06:46 -> 湖北省枣阳市 06-17 11:59 688 1553
[success] INSCRIPTIONS 云南省安宁市 07-05 20:50 -> 广东省惠阳市 07-06 01:32 289 9367
[pending] LeavesofGrass 浙江省平湖市 07-04 08:59 -> 陕西省安康市 07-04 17:15 1535 23018
[success] LeavesofGrass 新疆塔城市 07-25 07:38 -> 广东省四会市 07-25 15:34 1098 2919
[success] LeavesofGrass 河北省河间市 07-29 18:11 -> 宁夏石嘴山市 07-29 19:18 221 13309
[success] INSCRIPTIONS 贵州省清镇市 07-13 16:24 -> 北京市 07-14 06:40 1029 15171
[success] LeavesofGrass 广东省花都市 07-29 01:43 -> 新疆伊宁市 07-29 08:52 827 16611
[success] LeavesofGrass 浙江省杭州市 07-23 11:52 -> 黑龙江省海林市 07-23 22:46 1795 13472
[success] LeavesofGrass 河南省灵宝市 06-28 23:45 -> 新疆博乐市 06-29 06:04 539 22553
[success] INSCRIPTIONS 贵州省清镇市 08-12 16:24 -> 新疆米泉市 08-13 14:38 1879 7632
[success] LeavesofGrass 广东省四会市 07-05 15:39 -> 福建省建阳市 07-05 21:14 1374 21326
4710016
queue
1
whatyouwanted 北京市 07-24 02:12 -> 吉林省四平市 07-24 18:18 2921 30519
Snowsant 雪雉 new.forms.of@struggle.in 2
1
LeavesofGrass 河南省偃师市 07-19 03:31 -> 新疆博乐市 07-19 06:04 193 59205
-1
1
whatyouwanted 山东省莱州市 07-14 10:08 -> 吉林省双辽市 07-14 14:29 405 30519
19477824
1
TOTHEEOLDCAUSE 新疆奎屯市 06-26 11:20 -> 吉林省长春市 06-27 04:46 1257 33971
1
TOFOREIGNLANDS 北京市 07-23 02:59 -> 四川省攀枝花市 07-23 20:01 1768 92870
1
ThereforeIsendyou 天津市 07-13 17:39 -> 浙江省舟山市 07-14 10:35 1141 3759
1
puzzletheNewWorld 辽宁省辽阳市 07-11 13:05 -> 黑龙江省尚志市 07-11 20:04 805 41203
1
whatyouwanted 安徽省阜阳市 07-07 08:24 -> 吉林省四平市 07-07 18:18 2151 30519
-1
1
IHEARDthatyouask 新疆吐鲁番市 07-28 05:55 -> 广东省云浮市 07-28 18:52 725 71499
-1
-1
4761900
Fang 芬芬 sufficed.for@the.growing 1
6151465
Nian 年年 wants.of.the@new.markets 1
Manticore 狮蝎 not.hurled@back.the 2
1
whatyouwanted 湖北省利川市 07-13 22:30 -> 山东省莱州市 07-14 10:04 1829 30519
1
LeavesofGrass 浙江省平湖市 07-29 08:59 -> 辽宁省抚顺市 07-29 14:21 802 69996
29441412
1300622
1
whatyouwanted 内蒙东胜市 07-06 20:49 -> 湖北省松滋市 07-06 21:35 213 30519
6112000
11685877
1056080
1
ThereforeIsendyou 湖南省汩罗市 07-10 22:12 -> 新疆喀什市 07-11 02:43 498 3759
1
TOFOREIGNLANDS 江西省鹰潭市 08-01 08:47 -> 辽宁省铁岭市 08-01 12:11 572 92870
1
whatyouwanted 广东省高州市 07-26 11:08 -> 吉林省四平市 07-26 18:18 1489 28519
1
LeavesofGrass 浙江省杭州市 07-06 11:52 -> 浙江省慈溪市 07-07 09:48 3306 6595
1
TOTHEEOLDCAUSE 新疆奎屯市 07-02 11:20 -> 宁夏银川市 07-03 14:45 2067 33971
1
LeavesofGrass 浙江省平湖市 07-14 08:59 -> 广东省四会市 07-14 15:34 807 3571
0
-1
Phantom 傀影 not.done.away@with.class 1
10536000
1
LeavesofGrass 浙江省平湖市 07-20 08:59 -> 河南省灵宝市 07-20 23:39 2695 21438
-1
1
AndtodefineAmeric 湖北省黄冈市 06-16 01:14 -> 湖南省吉首市 06-16 11:01 992 80198
FEater 食铁兽 an.uninterrupted@now.hidden 1
8
[success] IHEARDthatyouask 新疆吐鲁番市 08-06 05:55 -> 广东省云浮市 08-06 18:52 725 14501
[success] LeavesofGrass 浙江省杭州市 07-03 11:52 -> 河北省河间市 07-03 18:01 1160 14688
[pending] LeavesofGrass 湖南省衡阳市 07-31 16:20 -> 河北省河间市 07-31 18:01 513 21726
[success] LeavesofGrass 河南省灵宝市 07-04 23:45 -> 新疆伊宁市 07-05 08:52 941 2194
[success] INSCRIPTIONS 贵州省清镇市 07-24 16:24 -> 新疆米泉市 07-25 14:38 1879 12953
[success] LeavesofGrass 浙江省杭州市 07-28 11:52 -> 黑龙江省海林市 07-28 22:46 1795 14021
[success] LeavesofGrass 浙江省杭州市 07-23 11:52 -> 福建省建阳市 07-23 21:14 1781 6199
[success] LeavesofGrass 浙江省平湖市 07-20 08:59 -> 浙江省杭州市 07-20 11:46 400 16446
1
TOFOREIGNLANDS 北京市 07-25 02:59 -> 江西省鹰潭市 07-25 08:37 313 92870
1
INSCRIPTIONS 广东省惠阳市 08-22 01:41 -> 江苏省扬州市 08-22 08:14 611 16919
-1
1
TOFOREIGNLANDS 浙江省临安市 06-25 21:04 -> 湖南省常宁市 06-26 02:11 851 92870
-1
-1
1
INSCRIPTIONS 江苏省扬州市 07-12 08:17 -> 新疆米泉市 07-12 14:38 650 62825
-1
0
17054145
Meteorite 陨星 bourgeoisie@was.accompanied 3
9
[pending] LeavesofGrass 新疆塔城市 07-12 07:38 -> 湖南省衡阳市 07-12 16:17 1338 23030
[success] LeavesofGrass 辽宁省抚顺市 07-19 14:24 -> 河北省河间市 07-19 18:01 758 13298
[success] LeavesofGrass 浙江省杭州市 07-01 11:52 -> 新疆伊宁市 07-02 08:52 3236 17483
[pending] LeavesofGrass 新疆塔城市 07-11 07:38 -> 福建省建阳市 07-11 21:14 2472 11252
[success] LeavesofGrass 陕西省安康市 07-12 17:25 -> 河南省偃师市 07-13 03:28 1506 6505
[success] INSCRIPTIONS 江苏省扬州市 07-07 08:17 -> 湖北省枣阳市 07-07 11:59 488 14755
[pending] LeavesofGrass 辽宁省抚顺市 07-06 14:24 -> 广东省花都市 07-07 01:39 2007 10068
[success] LeavesofGrass 辽宁省抚顺市 07-25 14:24 -> 广东省花都市 07-26 01:39 2007 12999
[success] LeavesofGrass 浙江省杭州市 07-13 11:52 -> 湖南省衡阳市 07-13 16:17 647 13484
1
TOFOREIGNLANDS 浙江省临安市 07-26 21:04 -> 甘肃省敦煌市 07-27 20:48 2867 92870
Vigna 红豆 the.manufacturing@middle.class 1
Snowsant 雪雉 new.forms.of@struggle.in 2
1
INSCRIPTIONS 黑龙江省五大连池市 07-19 19:22 -> 湖北省枣阳市 07-20 11:59 1544 50155
1
INSCRIPTIONS 云南省安宁市 07-29 20:50 -> 湖北省枣阳市 07-30 11:59 1388 47975
Greyy 格雷伊 bourgeoisie@developed.increase 4
14282000
Nearl 临光 history.we@find.almost 1
1
ThereforeIsendyou 天津市 07-03 17:39 -> 山东省胶南市 07-04 10:01 1074 3759
1
IHEARDthatyouask 天津市 07-20 06:35 -> 广东省云浮市 07-20 18:52 229 91153
1
puzzletheNewWorld 辽宁省辽阳市 07-28 13:05 -> 四川省绵竹市 07-29 14:44 1718 47885
Exusiai 能天使 of.America@the.rounding 1
-1
1
TOTHEEOLDCAUSE 山东省聊城市 07-26 13:46 -> 山东省滕州市 07-27 01:56 977 33971
Plume 翎羽 serf.guildmaster@and.journeyma 2
1
TOFOREIGNLANDS 甘肃省敦煌市 07-24 20:57 -> 重庆市江津市 07-25 00:04 486 92870
-1
FEater 食铁兽 an.uninterrupted@now.hidden 1
0
1
TOTHEEOLDCAUSE 山东省滕州市 06-27 02:06 -> 广东省湛江市 06-27 19:57 1443 33971
1
TOFOREIGNLANDS 湖南省常宁市 06-12 02:20 -> 北京市 06-12 02:50 61 92870
4152883
22239879
1
whatyouwanted 四川省华蓥市 07-07 09:39 -> 广东省高州市 07-07 10:58 643 30519
Beagle 米格 Europethe.spectre@of.Communism 4
1
TOFOREIGNLANDS 浙江省临安市 07-18 21:04 -> 浙江省乐清市 07-19 16:23 2075 92870
1
ThereforeIsendyou 湖南省汩罗市 07-05 22:12 -> 新疆喀什市 07-06 02:43 498 3759
1
ThereforeIsendyou 新疆喀什市 07-21 02:53 -> 河南省驻马店市 07-21 13:30 789 3759
queue
1
LeavesofGrass 新疆塔城市 07-17 07:38 -> 辽宁省抚顺市 07-17 14:21 1093 61739
-1
-1
1
ThereforeIsendyou 山东省胶南市 07-18 10:07 -> 安徽省宁国市 07-18 19:16 632 3759
-1
-1
1717569
9247104
1
AndtodefineAmeric 山东省胶州市 06-15 12:18 -> 江苏省吴江市 06-15 16:50 1215 80198
7545392
-1
6432300
1
INSCRIPTIONS 贵州省清镇市 07-22 16:24 -> 湖北省枣阳市 07-23 11:59 1717 70655
1
TOTHEEOLDCAUSE 河南省周口市 07-24 23:57 -> 四川省绵阳市 07-25 17:54 1267 33971
11281516
43828629
1
ThereforeIsendyou 天津市 07-11 17:39 -> 新疆喀什市 07-12 02:43 729 3759
1140300
1952544
1
INSCRIPTIONS 广东省惠阳市 07-27 01:41 -> 湖北省枣阳市 07-27 11:59 1099 51365
Frostleaf 霜叶 class.under@the.sway 1
Aak 阿阿 in.almost.all@of.these 1
0
7078192
13149882
4207072
queue
Vermeil 红云 production@The.place 1
1
TOFOREIGNLANDS 河北省张家口市 07-27 22:51 -> 北京市 07-28 02:50 500 92870
1
puzzletheNewWorld 辽宁省辽阳市 07-14 13:05 -> 北京市 07-15 02:45 964 47885
1
IHEARDthatyouask 新疆吐鲁番市 07-08 05:55 -> 广东省云浮市 07-08 18:52 725 45820
9793751
SilverAsh 银灰 feudal.lords@vassals.guildmast 1
queue
4234292
1404548
1
LeavesofGrass 广东省四会市 07-09 15:39 -> 黑龙江省海林市 07-09 22:46 1388 1206
queue
1
LeavesofGrass 湖南省衡阳市 07-09 16:20 -> 河南省灵宝市 07-09 23:39 1648 1206
12599860
Istina 真理 commerce.navigation@railways.e 1
1
AndtodefineAmeric 云南省保山市 07-24 09:33 -> 北京市 07-24 22:38 2183 62721
1
IHEARDthatyouask 天津市 07-14 06:35 -> 四川省彭州市 07-14 23:13 249 78448
1
ThereforeIsendyou 湖南省汩罗市 07-14 22:12 -> 新疆喀什市 07-15 02:43 498 3759
Scavenger 清道夫 division.of@labour.between 1
1
INSCRIPTIONS 江苏省扬州市 07-24 08:17 -> 湖北省枣阳市 07-24 11:59 488 58179
queue
7981185
26325026
1
IHEARDthatyouask 新疆吐鲁番市 07-15 05:55 -> 广东省云浮市 07-15 18:52 725 80293
1
puzzletheNewWorld 辽宁省辽阳市 06-29 13:05 -> 湖南省岳阳市 06-29 16:56 379 47885
1
whatyouwanted 辽宁省盖州市 07-27 20:30 -> 新疆阿克苏市 07-28 15:55 3088 30519
9224039
1
ThereforeIsendyou 天津市 07-06 17:39 -> 河南省驻马店市 07-07 13:30 1518 3759
5551105
Broca 布洛卡 branding.reproach@of.Communism 1
-1
Warfarin 华法琳 the.different@corporate.guilds 1
queue
980800
4
[success] whatyouwanted 北京市 07-26 02:12 -> 内蒙东胜市 07-26 20:46 3056 2000
[success] LeavesofGrass 广东省花都市 07-05 01:43 -> 河南省偃师市 07-05 03:28 232 46
[pending] LeavesofGrass 宁夏石嘴山市 06-28 19:25 -> 新疆博乐市 06-29 06:04 1453 16354
[success] INSCRIPTIONS 广东省惠阳市 07-02 01:41 -> 江苏省扬州市 07-02 08:14 611 8513
1
INSCRIPTIONS 北京市 08-05 06:46 -> 湖北省枣阳市 08-05 11:59 688 68919
Cutter 刻刀 antagonisms@Society.as 1
1699101
1
TOFOREIGNLANDS 浙江省临安市 06-16 21:04 -> 河北省张家口市 06-16 22:48 412 92870
1
TOTHEEOLDCAUSE 山东省滕州市 07-10 02:06 -> 广东省湛江市 07-10 19:57 1443 33971
1
INSCRIPTIONS 贵州省清镇市 07-13 16:24 -> 江苏省扬州市 07-14 08:14 1229 32159
1
whatyouwanted 四川省华蓥市 07-31 09:39 -> 江西省高安市 07-31 17:46 1715 27213
1
AndtodefineAmeric 湖北省孝感市 07-22 09:27 -> 湖南省吉首市 07-22 11:01 451 80198
Liskarm 雷蛇 well.as.against@its.reactionar 1
14910700
1
whatyouwanted 北京市 08-03 02:12 -> 河南省洛阳市 08-03 12:55 1595 30519
1
INSCRIPTIONS 黑龙江省五大连池市 08-08 19:22 -> 江苏省扬州市 08-09 08:14 1056 44079
-1
queue
Rangers 巡林 arrangement@of.society 3
-1
queue
33320
Courier 讯使 publish.their@views.their 1
1
ThereforeIsendyou 山东省胶南市 07-22 10:07 -> 安徽省宁国市 07-22 19:16 632 3759
1
TOTHEEOLDCAUSE 河南省周口市 07-14 23:57 -> 四川省绵阳市 07-15 17:54 1267 33971
1
TOTHEEOLDCAUSE 湖北省麻城市 06-18 20:21 -> 宁夏银川市 06-19 14:45 1324 33971
0
16924596
8442060
-1
11087712
17
[success] INSCRIPTIONS 黑龙江省五大连池市 07-19 19:22 -> 新疆米泉市 07-20 14:38 1706 2482
[success] INSCRIPTIONS 黑龙江省五大连池市 07-28 19:22 -> 湖北省枣阳市 07-29 11:59 1544 9250
[success] LeavesofGrass 陕西省安康市 07-03 17:25 -> 新疆博乐市 07-04 06:04 1699 6416
[success] puzzletheNewWorld 辽宁省辽阳市 06-26 13:05 -> 河南省登封市 06-27 09:52 1419 9948
[success] puzzletheNewWorld 黑龙江省尚志市 07-06 20:11 -> 河南省登封市 07-07 09:52 614 5473
[success] IHEARDthatyouask 天津市 07-17 06:35 -> 广东省云浮市 07-17 18:52 229 18324
[success] IHEARDthatyouask 新疆吐鲁番市 07-19 05:55 -> 天津市 07-19 06:30 496 3891
[success] LeavesofGrass 黑龙江省海林市 07-11 22:56 -> 新疆伊宁市 07-12 08:52 1441 20670
[success] INSCRIPTIONS 贵州省清镇市 07-23 16:24 -> 黑龙江省五大连池市 07-23 19:12 173 2543
[success] IHEARDthatyouask 天津市 07-08 06:35 -> 四川省彭州市 07-08 23:13 249 16978
[success] INSCRIPTIONS 云南省安宁市 07-23 20:50 -> 湖北省枣阳市 07-24 11:59 1388 9613
[success] INSCRIPTIONS 黑龙江省五大连池市 07-17 19:22 -> 江苏省扬州市 07-18 08:14 1056 7832
[success] INSCRIPTIONS 广东省高要市 06-17 21:40 -> 北京市 06-18 06:40 564 1448
[success] LeavesofGrass 新疆塔城市 07-09 07:38 -> 浙江省杭州市 07-09 11:46 691 10367
[pending] LeavesofGrass 新疆塔城市 07-31 07:38 -> 浙江省慈溪市 08-01 09:48 3997 22374
[success] IHEARDthatyouask 新疆吐鲁番市 07-11 05:55 -> 四川省彭州市 07-11 23:13 745 19915
[success] LeavesofGrass 黑龙江省海林市 07-30 22:56 -> 广东省花都市 07-31 01:39 614 20787
Vermeil 红云 production@The.place 1
-1
864200
13077388
12729873
Savage 暴行 guilds.now@no.longer 2
Shaw 阿消 new.conditions@of.oppression 1
1
IHEARDthatyouask 天津市 08-04 06:35 -> 广东省云浮市 08-04 18:52 229 64941
Mayer 梅尔 colonisation@of.America 1
1
TOTHEEOLDCAUSE 山东省聊城市 08-03 13:46 -> 新疆库尔勒市 08-03 16:31 470 33971
8047868
1
INSCRIPTIONS 北京市 07-02 06:46 -> 新疆米泉市 07-02 14:38 850 35458
Executor 送葬人 history.of@all.hitherto 1
1
puzzletheNewWorld 黑龙江省尚志市 08-03 20:11 -> 河南省登封市 08-04 09:52 614 46807
-1
-1
24624810
ProjeKTRed 红红 everywhere@a.complicated 1
Nian 年年 wants.of.the@new.markets 1
1
ThereforeIsendyou 天津市 07-12 17:39 -> 浙江省舟山市 07-13 10:35 1141 3759
-1
Liskarm 雷蛇 of.the.feudal@nobility.an 1
17550301
0
Nightmare 夜魔 policespies@Where.is 3
Nearl 临光 history.we@find.almost 1
ShiraYuki 白雪 and.Danish@languages.I 3
Orchid 梓兰 and.of.exchange@Each.step 1
4979125
0
1
ThereforeIsendyou 新疆喀什市 07-31 02:53 -> 安徽省宁国市 07-31 19:16 977 3759
-1
1640015
Popukar 泡普卡 and.Chinese@markets.the 4
Istina 真理 commerce.navigation@railways.e 1
1
puzzletheNewWorld 湖南省岳阳市 07-22 17:01 -> 黑龙江省尚志市 07-22 20:04 426 47885
128304
1
LeavesofGrass 广东省四会市 07-05 15:39 -> 陕西省安康市 07-05 17:15 728 22265
1094800
30055740
381365
1
puzzletheNewWorld 北京市 07-12 02:54 -> 四川省绵竹市 07-12 14:44 754 47885
1
IHEARDthatyouask 新疆吐鲁番市 07-11 05:55 -> 天津市 07-11 06:30 496 71238
1
INSCRIPTIONS 黑龙江省五大连池市 08-12 19:22 -> 江苏省扬州市 08-13 08:14 1056 36274
1636164
Ptilopsis 白面鸮 this.distinctive@feature.it 2
SilverAsh 银灰 feudal.lords@vassals.guildmast 1
1
INSCRIPTIONS 黑龙江省五大连池市 08-02 19:22 -> 广东省高要市 08-02 21:36 292 70655
5
[pending] LeavesofGrass 辽宁省抚顺市 07-29 14:24 -> 河南省偃师市 07-30 03:28 2239 22742
[success] LeavesofGrass 辽宁省抚顺市 07-05 14:24 -> 广东省四会市 07-05 15:34 5 10974
[success] LeavesofGrass 黑龙江省海林市 07-27 22:56 -> 新疆伊宁市 07-28 08:52 1441 12291
[success] LeavesofGrass 浙江省平湖市 08-01 08:59 -> 河南省灵宝市 08-01 23:39 2695 3708
[success] LeavesofGrass 宁夏石嘴山市 07-29 19:25 -> 广东省花都市 07-30 01:39 1028 6585
1
ThereforeIsendyou 山东省胶南市 07-06 10:07 -> 浙江省舟山市 07-06 10:35 67 3759
Istina 真理 commerce.navigation@railways.e 1
-1
Rope 暗索 pushed.on.one@side.by 1
0
1
TOTHEEOLDCAUSE 山东省滕州市 06-22 02:06 -> 吉林省长春市 06-22 04:46 146 33971
0
85136
0
queue
Grani 格拉尼 serfs.of.the@Middle.Ages 1
Phantom 傀影 not.done.away@with.class 1
1
whatyouwanted 北京市 07-16 02:12 -> 河南省洛阳市 07-16 12:55 1595 30519
Myrtle 桃金娘 in.proportion@as.industry 1
Flamebringer 炎客 nationalities@have.assembled 2
Dobermann 杜宾 in.a.word.oppressor@and.oppres 1
0
Firewatch 守林人 opponents.in@power.Where 2
1
IHEARDthatyouask 天津市 07-12 06:35 -> 广东省云浮市 07-12 18:52 229 62110
Midnight 月见夜 longer.sufficed@Thereupon.stea 1
1
TOTHEEOLDCAUSE 山东省聊城市 07-16 13:46 -> 山西省太原市 07-17 07:46 1531 30641
2141100
17962950
3093432
915239
Firewatch 守林人 opponents.in@power.Where 2
16980626
11835264
0
6
[success] puzzletheNewWorld 湖南省岳阳市 08-04 17:01 -> 河南省登封市 08-05 09:52 1040 7546
[pending] LeavesofGrass 宁夏石嘴山市 07-03 19:25 -> 河南省偃师市 07-04 03:28 1260 20736
[success] whatyouwanted 山东省乳山市 08-09 04:53 -> 四川省华蓥市 08-09 09:33 693 1300
[success] INSCRIPTIONS 江苏省扬州市 08-08 08:17 -> 新疆米泉市 08-08 14:38 650 14972
[success] INSCRIPTIONS 云南省安宁市 07-08 20:50 -> 北京市 07-09 06:40 700 9232
[success] LeavesofGrass 新疆塔城市 07-14 07:38 -> 河北省河间市 07-14 18:01 1851 23933
14437596
1
LeavesofGrass 辽宁省抚顺市 06-28 14:24 -> 陕西省安康市 06-28 17:15 733 8268
1
IHEARDthatyouask 天津市 07-14 06:35 -> 四川省彭州市 07-14 23:13 249 78448
10778922
1
LeavesofGrass 辽宁省抚顺市 07-12 14:24 -> 陕西省安康市 07-12 17:15 733 5104
15029630
-1
41613264
1
TOFOREIGNLANDS 湖南省常宁市 06-16 02:20 -> 海南省通什市 06-16 13:23 976 92870
-1
-1
1
TOTHEEOLDCAUSE 湖北省麻城市 07-20 20:21 -> 河南省周口市 07-20 23:49 363 33971
0
-1
1
whatyouwanted 山东省乳山市 08-04 04:53 -> 吉林省双辽市 08-04 14:29 1565 23354
8
[success] puzzletheNewWorld 河南省登封市 07-04 09:56 -> 四川省绵竹市 07-04 14:44 299 3061
[success] whatyouwanted 辽宁省盖州市 08-03 20:30 -> 安徽省阜阳市 08-04 08:17 1846 7165
[success] LeavesofGrass 湖南省衡阳市 07-18 16:20 -> 福建省建阳市 07-18 21:14 1134 8323
[pending] LeavesofGrass 陕西省安康市 07-11 17:25 -> 新疆博乐市 07-12 06:04 1699 6348
[success] INSCRIPTIONS 云南省安宁市 07-25 20:50 -> 新疆米泉市 07-26 14:38 1550 8126
[success] IHEARDthatyouask 天津市 07-08 06:35 -> 广东省云浮市 07-08 18:52 229 18347
[success] LeavesofGrass 陕西省安康市 07-02 17:25 -> 河南省灵宝市 07-02 23:39 1160 9184
[success] INSCRIPTIONS 广东省惠阳市 07-24 01:41 -> 湖北省枣阳市 07-24 11:59 1099 2863
1
IHEARDthatyouask 广东省云浮市 08-04 19:00 -> 四川省彭州市 08-04 23:13 20 87991
1
AndtodefineAmeric 天津市 06-26 08:57 -> 北京市 06-26 22:38 2583 80198
10340186
9556928
Savage 暴行 guilds.now@no.longer 2
2379000
14695976
queue
26366243
1
TOFOREIGNLANDS 湖南省常宁市 08-09 02:20 -> 北京市 08-09 02:50 61 92870
0
queue
46363616
Fang 芬芬 sufficed.for@the.growing 1
5648316
12390775
Catapult 空爆 two.great.hostile@camps.into 1
13001784
0
Mayer 梅尔 colonisation@of.America 1
1
TOFOREIGNLANDS 浙江省临安市 07-13 21:04 -> 辽宁省铁岭市 07-14 12:11 1797 92870
5524640
Platinum 白金 handed.down@from.the 2
4418850
2376038
1
IHEARDthatyouask 新疆吐鲁番市 07-07 05:55 -> 四川省彭州市 07-07 23:13 745 91153
1
TOTHEEOLDCAUSE 山东省聊城市 06-11 13:46 -> 河北省唐山市 06-11 15:26 143 33971
1
ThereforeIsendyou 新疆喀什市 07-27 02:53 -> 山东省胶南市 07-27 10:01 345 3759
9396240
0
-1
0
1
puzzletheNewWorld 辽宁省辽阳市 07-31 13:05 -> 北京市 08-01 02:45 964 47885
4321094
Purestream 清流 party.itself@To.this 1
queue
20273680
13
[success] TOFOREIGNLANDS 河北省张家口市 07-07 22:51 -> 四川省攀枝花市 07-08 20:01 2268 18348
[success] LeavesofGrass 辽宁省抚顺市 06-28 14:24 -> 黑龙江省海林市 06-28 22:46 1393 1233
[success] TOFOREIGNLANDS 浙江省临安市 07-28 21:04 -> 湖北省洪湖市 07-29 11:19 1713 12983
[success] IHEARDthatyouask 天津市 08-03 06:35 -> 广东省云浮市 08-03 18:52 229 9042
[success] LeavesofGrass 新疆塔城市 07-22 07:38 -> 浙江省杭州市 07-22 11:46 691 1160
[success] INSCRIPTIONS 江苏省扬州市 08-05 08:17 -> 新疆米泉市 08-05 14:38 650 1736
[success] INSCRIPTIONS 贵州省清镇市 08-03 16:24 -> 江苏省扬州市 08-04 08:14 1229 17489
[success] puzzletheNewWorld 湖南省岳阳市 07-11 17:01 -> 北京市 07-12 02:45 585 6682
[success] INSCRIPTIONS 北京市 08-22 06:46 -> 江苏省扬州市 08-22 08:14 200 16819
[success] LeavesofGrass 辽宁省抚顺市 07-22 14:24 -> 河南省灵宝市 07-22 23:39 1893 23313
[success] LeavesofGrass 浙江省杭州市 07-03 11:52 -> 河北省河间市 07-03 18:01 1160 1135
[success] LeavesofGrass 广东省四会市 07-22 15:39 -> 福建省建阳市 07-22 21:14 1374 1717
[success] LeavesofGrass 黑龙江省海林市 07-06 22:56 -> 广东省花都市 07-07 01:39 614 12429
-1
0
4784332
-1
Scavenger 清道夫 division.of@labour.between 1
Durin 杜林 armed.and.selfgoverning@associ 1
1
IHEARDthatyouask 天津市 07-21 06:35 -> 广东省云浮市 07-21 18:52 229 70205
2324096
-1
-1
Leizi 惊蛰 this.spectre@Pope.and 1
Lappland 拉普兰德 the.mediaeval@commune.here 1
1
puzzletheNewWorld 湖南省岳阳市 07-24 17:01 -> 四川省绵竹市 07-25 14:44 1339 37782
1
IHEARDthatyouask 天津市 07-08 06:35 -> 广东省云浮市 07-08 18:52 229 45820
1
ThereforeIsendyou 天津市 07-17 17:39 -> 湖南省汩罗市 07-17 22:09 231 3759
-1
Elysium 极境 has.simplified@the.class 3
Istina 真理 commerce.navigation@railways.e 1
-1
1
IHEARDthatyouask 广东省云浮市 08-02 19:00 -> 四川省彭州市 08-02 23:13 20 91153
6459264
0
-1
0
15374350
4399715
1
IHEARDthatyouask 新疆吐鲁番市 07-20 05:55 -> 广东省云浮市 07-20 18:52 725 91153
Manticore 狮蝎 not.hurled@back.the 2
1
TOTHEEOLDCAUSE 河北省唐山市 07-10 15:34 -> 吉林省长春市 07-11 04:46 980 33971
15769299
13039188
1
IHEARDthatyouask 新疆吐鲁番市 07-27 05:55 -> 天津市 07-27 06:30 496 45843
Gummy 古米 commerce.to@navigation.to 1
-1
-1
1
whatyouwanted 甘肃省兰州市 07-30 21:27 -> 山东省乳山市 07-31 04:49 741 30519
10077694
1
INSCRIPTIONS 云南省安宁市 07-21 20:50 -> 广东省惠阳市 07-22 01:32 289 70655
queue
queue
Meteor 流星 but.established@new.classes 1
1
IHEARDthatyouask 天津市 07-20 06:35 -> 四川省彭州市 07-20 23:13 249 91153
14
[success] INSCRIPTIONS 广东省惠阳市 06-18 01:41 -> 湖北省枣阳市 06-18 11:59 1099 2162
[success] LeavesofGrass 浙江省平湖市 07-19 08:59 -> 黑龙江省海林市 07-19 22:46 2195 5645
[success] INSCRIPTIONS 云南省安宁市 07-07 20:50 -> 新疆米泉市 07-08 14:38 1550 11589
[success] IHEARDthatyouask 新疆吐鲁番市 07-12 05:55 -> 四川省彭州市 07-12 23:13 745 10713
[pending] LeavesofGrass 宁夏石嘴山市 06-29 19:25 -> 河南省偃师市 06-30 03:28 1260 5274
[success] LeavesofGrass 辽宁省抚顺市 07-18 14:24 -> 河南省灵宝市 07-18 23:39 1893 23153
[success] IHEARDthatyouask 新疆吐鲁番市 08-06 05:55 -> 广东省云浮市 08-06 18:52 725 14501
[success] LeavesofGrass 浙江省杭州市 07-03 11:52 -> 河北省河间市 07-03 18:01 1160 14688
[pending] LeavesofGrass 湖南省衡阳市 07-31 16:20 -> 河北省河间市 07-31 18:01 513 21726
[success] LeavesofGrass 河南省灵宝市 07-04 23:45 -> 新疆伊宁市 07-05 08:52 941 2194
[success] INSCRIPTIONS 贵州省清镇市 07-24 16:24 -> 新疆米泉市 07-25 14:38 1879 12953
[success] LeavesofGrass 浙江省杭州市 07-28 11:52 -> 黑龙江省海林市 07-28 22:46 1795 14021
[success] LeavesofGrass 浙江省杭州市 07-23 11:52 -> 福建省建阳市 07-23 21:14 1781 6199
[success] LeavesofGrass 浙江省平湖市 07-20 08:59 -> 浙江省杭州市 07-20 11:46 400 16446
1
puzzletheNewWorld 辽宁省辽阳市 06-22 13:05 -> 黑龙江省尚志市 06-22 20:04 805 46269
Gummy 古米 commerce.to@navigation.to 1
0
10717392
Executor 送葬人 history.of@all.hitherto 1
Myrrh 末药 Proletariat@From.the 3
3467640
Vermeil 红云 production@The.place 1
-1
1
puzzletheNewWorld 辽宁省辽阳市 06-19 13:05 -> 四川省绵竹市 06-20 14:44 1718 37061
queue
1
INSCRIPTIONS 黑龙江省五大连池市 07-14 19:22 -> 云南省安宁市 07-14 20:42 156 70655
-1
1
puzzletheNewWorld 辽宁省辽阳市 08-05 13:05 -> 北京市 08-06 02:45 964 46686
2562174
1
TOFOREIGNLANDS 海南省通什市 07-19 13:26 -> 甘肃省敦煌市 07-19 20:48 1040 92870
1
INSCRIPTIONS 黑龙江省五大连池市 08-14 19:22 -> 北京市 08-15 06:40 856 9637
4087650
10340112
1
LeavesofGrass 广东省花都市 07-25 01:43 -> 新疆伊宁市 07-25 08:52 827 45110
1
AndtodefineAmeric 山东省乐陵市 07-05 14:14 -> 江苏省吴江市 07-05 16:50 277 80198
2646727
-1
Pramanix 初雪 means.of.exchange@and.in 1
1
INSCRIPTIONS 黑龙江省五大连池市 08-17 19:22 -> 湖北省枣阳市 08-18 11:59 1544 40845
1
LeavesofGrass 陕西省安康市 07-03 17:25 -> 新疆博乐市 07-04 06:04 1699 4980
1
TOTHEEOLDCAUSE 新疆奎屯市 07-20 11:20 -> 湖北省麻城市 07-20 20:14 743 33971
0
Angelina 安洁莉 two.great.classes@directly.fac 1
-1
Savage 暴行 guilds.now@no.longer 2
1
LeavesofGrass 广东省四会市 07-06 15:39 -> 浙江省慈溪市 07-07 09:48 2899 2598
1
IHEARDthatyouask 天津市 08-06 06:35 -> 广东省云浮市 08-06 18:52 229 73237
-1
10
[success] INSCRIPTIONS 广东省惠阳市 07-12 01:41 -> 湖北省枣阳市 07-12 11:59 1099 7830
[success] INSCRIPTIONS 广东省惠阳市 07-25 01:41 -> 江苏省扬州市 07-25 08:14 611 3053
[success] LeavesofGrass 新疆塔城市 06-28 07:38 -> 广东省四会市 06-28 15:34 1098 3506
[success] LeavesofGrass 辽宁省抚顺市 07-23 14:24 -> 湖南省衡阳市 07-23 16:17 245 7244
[success] LeavesofGrass 福建省建阳市 07-07 21:19 -> 河南省灵宝市 07-07 23:39 514 6160
[success] LeavesofGrass 浙江省杭州市 07-25 11:52 -> 浙江省慈溪市 07-26 09:48 3306 2064
[success] INSCRIPTIONS 广东省高要市 08-02 21:40 -> 新疆米泉市 08-03 14:38 1414 1485
[success] INSCRIPTIONS 云南省安宁市 07-11 20:50 -> 广东省惠阳市 07-12 01:32 289 12298
[success] LeavesofGrass 陕西省安康市 07-01 17:25 -> 河北省河间市 07-01 18:01 25 6439
[success] LeavesofGrass 辽宁省抚顺市 07-27 14:24 -> 新疆伊宁市 07-28 08:52 2834 1108
-1
Broca 布洛 independent@urban.republic 1
Cutter 刻刀 antagonisms@Society.as 1
Indra 因陀罗 ruins.of.feudal@society.has 1
1
AndtodefineAmeric 山东省胶州市 08-01 12:18 -> 北京市 08-01 22:38 1716 80198
-1
-1
SilverAsh 银灰 feudal.lords@vassals.guildmast 1
8273642
1
TOTHEEOLDCAUSE 山东省聊城市 07-01 13:46 -> 河北省唐山市 07-01 15:26 143 33971
-1
queue
Shining 闪灵 the.Spectre@of.Communism 2
10542
1
INSCRIPTIONS 云南省安宁市 06-28 20:50 -> 湖北省枣阳市 06-29 11:59 1388 53237
1
whatyouwanted 广东省揭阳市 08-07 06:37 -> 四川省华蓥市 08-07 09:33 225 30519
1
LeavesofGrass 福建省建阳市 07-24 21:19 -> 新疆博乐市 07-25 06:04 1053 38393
19640200
8642645
2204865
Firewatch 守林人 opponents.in@power.Where 2
-1
-1
-1
Steward 史都华德 society.at@large.or 1
bye
