-1
-1
-1
0
-1
-1
-1
-1
-1
-1
-1
-1
-1
-1
-1
-1
-1
-1
-1
-1
-1
-1
0
0
-1
-1
-1
-1
-1
-1
-1
0
-1
-1
-1
-1
0
Estelle 艾丝黛 Middle.Ages@We.see 3
0
-1
0
Bibeak 柏喙 in.the.development@of.the 1
Cliffheart 崖心 in.London.and@sketched.the 1
Nightingale 夜莺 of.that.class@An.oppressed 1
Scavenger 清道夫 the.common@affairs.of 1
-1
-1
-1
-1
-1
Hung 吽吽 itself.a.Power@II.It 1
-1
-1
-1
-1
-1
-1
-1
-1
-1
-1
0
-1
-1
Durin 杜林 armed.and.selfgoverning@associ 1
Purestream 清流 party.itself@To.this 1
0
Earthspirit 地灵 of.the.monarchy@as.in 3
ProjeKTRed 红红 everywhere@a.complicated 1
-1
Magallan 麦哲 existing.societies@is.the 1
-1
-1
Sora 空空 have.patricians@knights.plebei 1
0
-1
Myrtle 桃金娘 in.proportion@as.industry 1
-1
-1
-1
Spot 斑点 with.a.Manifesto@of.the 1
Spot 斑点 with.a.Manifesto@of.the 1
-1
-1
Shaw 阿消 new.conditions@of.oppression 1
0
-1
Siege 推进之王 monopolised@by.closed 1
Meteorite 陨星 bourgeoisie@was.accompanied 3
Catapult 空爆 State.exclusive@political.sway 1
Zima 凛冬 industrial@production.was 2
-1
-1
-1
Ethan 伊桑 acknowledged@by.all 3
Platinum 白金 handed.down@from.the 2
0
-1
-1
Skadi 斯卡 slaves.in.the@Middle.Ages 2
0
0
1
AndtodefineAmeric 山东省高密市 08-09 13:02 -> 江西省吉安市 08-09 21:09 1185 80198
354080
-1
-1
queue
-1
Bibeak 柏喙 in.the.development@of.the 1
4
[success] LeavesofGrass 浙江省平湖市 07-28 08:59 -> 宁夏石嘴山市 07-28 19:18 1781 20473
[success] LeavesofGrass 浙江省杭州市 07-14 11:52 -> 河北省河间市 07-14 18:01 1160 6176
[success] LeavesofGrass 浙江省平湖市 07-28 08:59 -> 辽宁省抚顺市 07-28 14:21 802 8883
[success] LeavesofGrass 湖南省衡阳市 08-04 16:20 -> 宁夏石嘴山市 08-04 19:18 734 7136
Schwarz 黑黑 of.manufacture@was.taken 1
451000
15250823
2
[success] LeavesofGrass 新疆塔城市 07-07 07:38 -> 陕西省安康市 07-07 17:15 1826 20614
[success] LeavesofGrass 广东省四会市 07-06 15:39 -> 新疆伊宁市 07-07 08:52 2829 2707
Phantom 傀影 not.done.away@with.class 1
-1
409400
-1
4202496
-1
28000
Bagpipe 风笛 bourgeoisie@is.itself 2
5656062
Cardigan 卡缇 the.markets@kept.ever 1
1
INSCRIPTIONS 黑龙江省五大连池市 08-18 19:22 -> 云南省安宁市 08-18 20:42 156 70655
1
ThereforeIsendyou 新疆喀什市 07-09 02:53 -> 安徽省宁国市 07-09 19:16 977 3759
Exusiai 能天使 of.America@the.rounding 1
queue
1
INSCRIPTIONS 黑龙江省五大连池市 08-02 19:22 -> 广东省高要市 08-02 21:36 292 70655
5077135
5409376
2335571
1
ThereforeIsendyou 湖南省汩罗市 07-31 22:12 -> 新疆喀什市 08-01 02:43 498 3759
1
AndtodefineAmeric 山东省胶州市 06-21 12:18 -> 江苏省吴江市 06-21 16:50 1215 80198
4006688
1
Ithinkallwarthr 湖北省石首市 06-28 19:21 -> 河南省濮阳市 06-29 03:47 1298 86945
-1
19
[pending] LeavesofGrass 辽宁省抚顺市 07-10 14:24 -> 浙江省慈溪市 07-11 09:48 2904 2898
[success] LeavesofGrass 福建省建阳市 07-15 21:19 -> 浙江省慈溪市 07-16 09:48 1525 3265
[success] INSCRIPTIONS 北京市 08-21 06:46 -> 新疆米泉市 08-21 14:38 850 17542
[success] INSCRIPTIONS 贵州省清镇市 07-18 16:24 -> 云南省安宁市 07-18 20:42 329 9642
[pending] LeavesofGrass 湖南省衡阳市 07-01 16:20 -> 浙江省慈溪市 07-02 09:48 2659 14037
[success] LeavesofGrass 新疆塔城市 06-28 07:38 -> 陕西省安康市 06-28 17:15 1826 11926
[success] puzzletheNewWorld 黑龙江省尚志市 06-11 20:11 -> 河南省登封市 06-12 09:52 614 839
[success] puzzletheNewWorld 北京市 07-05 02:54 -> 河南省登封市 07-05 09:52 455 6010
[success] LeavesofGrass 湖南省衡阳市 07-23 16:20 -> 宁夏石嘴山市 07-23 19:18 734 3005
[success] puzzletheNewWorld 黑龙江省尚志市 08-06 20:11 -> 河南省登封市 08-07 09:52 614 5803
[pending] LeavesofGrass 广东省四会市 07-25 15:39 -> 浙江省慈溪市 07-26 09:48 2899 5249
[success] whatyouwanted 新疆阿克苏市 08-09 15:58 -> 湖北省松滋市 08-09 21:35 1257 7599
[success] puzzletheNewWorld 湖南省岳阳市 08-03 17:01 -> 河南省登封市 08-04 09:52 1040 1078
[success] IHEARDthatyouask 天津市 08-03 06:35 -> 广东省云浮市 08-03 18:52 229 19653
[success] LeavesofGrass 浙江省杭州市 07-26 11:52 -> 福建省建阳市 07-26 21:14 1781 4781
[success] LeavesofGrass 陕西省安康市 07-22 17:25 -> 河南省偃师市 07-23 03:28 1506 22830
[success] LeavesofGrass 河北省河间市 07-07 18:11 -> 黑龙江省海林市 07-07 22:46 635 13391
[success] IHEARDthatyouask 新疆吐鲁番市 08-03 05:55 -> 广东省云浮市 08-03 18:52 725 1078
[success] LeavesofGrass 浙江省杭州市 07-29 11:52 -> 河南省灵宝市 07-29 23:39 2295 10916
1
Deathlessthroughout 湖北省黄冈市 07-09 17:45 -> 福建省长乐市 07-10 07:11 617 73160
1
whatyouwanted 四川省华蓥市 07-19 09:39 -> 广东省高州市 07-19 10:58 643 30519
1
TOTHEEOLDCAUSE 新疆库尔勒市 06-24 16:36 -> 山西省太原市 06-25 07:46 1061 33971
-1
queue
1
IHEARDthatyouask 新疆吐鲁番市 07-13 05:55 -> 广东省云浮市 07-13 18:52 725 72294
9991009
1
puzzletheNewWorld 湖南省岳阳市 08-05 17:01 -> 四川省绵竹市 08-06 14:44 1339 46686
3779195
6507968
1
Ithinkallwarthr 辽宁省沈阳市 08-01 07:11 -> 河南省汝州市 08-01 09:13 315 86945
Saria 塞雷娅 in.the.common@ruin.of 1
18595350
1
IHEARDthatyouask 新疆吐鲁番市 08-06 05:55 -> 四川省彭州市 08-06 23:13 745 50930
Aak 阿阿 in.almost.all@of.these 1
1
LeavesofGrass 黑龙江省海林市 08-01 22:56 -> 广东省花都市 08-02 01:39 614 260
1
INSCRIPTIONS 贵州省清镇市 08-17 16:24 -> 新疆米泉市 08-18 14:38 1879 40845
0
1
Afterastrangesad 贵州省清镇市 07-25 02:07 -> 山东省胶州市 07-25 11:06 1597 68496
1
Deathlessthroughout 福建省长乐市 07-13 07:14 -> 江西省南昌市 07-14 03:32 1540 73160
3647776
3
TOtheeoldcause 天津市 08-15 17:57 -> 北京市 08-16 05:48 393 90891
AndtodefineAmeric 天津市 08-15 08:57 -> 北京市 08-15 22:38 2583 80198
Afterastrangesad 天津市 08-15 16:53 -> 北京市 08-16 20:52 4494 68496
queue
-1
1
AndtodefineAmeric 江苏省吴江市 06-15 17:00 -> 湖北省黄冈市 06-16 01:07 551 80198
1114583
-1
-1
2924075
1
everwillbereally 山东省莱阳市 08-22 21:05 -> 河南省林州市 08-23 18:20 3742 91355
1
TOtheeoldcause 天津市 07-25 17:57 -> 湖北省宜昌市 07-26 10:47 817 90891
19
[success] LeavesofGrass 新疆塔城市 07-20 07:38 -> 浙江省杭州市 07-20 11:46 691 1613
[success] INSCRIPTIONS 广东省惠阳市 07-13 01:41 -> 湖北省枣阳市 07-13 11:59 1099 13877
[success] IHEARDthatyouask 广东省云浮市 07-21 19:00 -> 四川省彭州市 07-21 23:13 20 17704
[success] whatyouwanted 安徽省阜阳市 07-14 08:24 -> 四川省华蓥市 07-14 09:33 19 6277
[success] puzzletheNewWorld 辽宁省辽阳市 07-27 13:05 -> 湖南省岳阳市 07-27 16:56 379 10829
[success] puzzletheNewWorld 湖南省岳阳市 06-24 17:01 -> 四川省绵竹市 06-25 14:44 1339 5317
[success] INSCRIPTIONS 贵州省清镇市 06-27 16:24 -> 北京市 06-28 06:40 1029 10697
[pending] LeavesofGrass 广东省四会市 07-16 15:39 -> 广东省花都市 07-17 01:39 2002 7242
[success] LeavesofGrass 黑龙江省海林市 07-01 22:56 -> 新疆博乐市 07-02 06:04 1039 4322
[pending] LeavesofGrass 湖南省衡阳市 07-27 16:20 -> 新疆伊宁市 07-28 08:52 2589 14381
[success] INSCRIPTIONS 云南省安宁市 07-11 20:50 -> 广东省惠阳市 07-12 01:32 289 12405
[success] puzzletheNewWorld 辽宁省辽阳市 08-04 13:05 -> 四川省绵竹市 08-05 14:44 1718 10347
[success] LeavesofGrass 辽宁省抚顺市 07-23 14:24 -> 广东省花都市 07-24 01:39 2007 4702
[success] LeavesofGrass 浙江省平湖市 07-30 08:59 -> 浙江省杭州市 07-30 11:46 400 7918
[success] INSCRIPTIONS 黑龙江省五大连池市 07-17 19:22 -> 广东省惠阳市 07-18 01:32 445 8617
[success] INSCRIPTIONS 黑龙江省五大连池市 07-22 19:22 -> 广东省高要市 07-22 21:36 292 10060
[success] INSCRIPTIONS 广东省惠阳市 06-28 01:41 -> 湖北省枣阳市 06-28 11:59 1099 11620
[success] LeavesofGrass 新疆塔城市 06-29 07:38 -> 河南省偃师市 06-30 03:28 3332 19401
[success] LeavesofGrass 湖南省衡阳市 07-09 16:20 -> 广东省花都市 07-10 01:39 1762 21243
1
Ithinkallwarthr 北京市 07-29 07:42 -> 湖北省丹江口市 07-29 15:37 740 86945
2289225
413436
queue
Dobermann 杜宾 in.a.word.oppressor@and.oppres 1
FEater 食铁兽 the.worldmarket@conquered.for 1
-1
Bison 拜松 classes.again@subordinate.grad 1
1
puzzletheNewWorld 辽宁省辽阳市 06-25 13:05 -> 黑龙江省尚志市 06-25 20:04 805 47885
12
[success] INSCRIPTIONS 北京市 07-30 06:46 -> 湖北省枣阳市 07-30 11:59 688 5302
[success] IHEARDthatyouask 广东省云浮市 07-24 19:00 -> 四川省彭州市 07-24 23:13 20 22550
[success] INSCRIPTIONS 云南省安宁市 08-15 20:50 -> 湖北省枣阳市 08-16 11:59 1388 14150
[success] INSCRIPTIONS 黑龙江省五大连池市 06-24 19:22 -> 广东省惠阳市 06-25 01:32 445 9930
[pending] LeavesofGrass 辽宁省抚顺市 07-28 14:24 -> 宁夏石嘴山市 07-28 19:18 979 17392
[success] INSCRIPTIONS 云南省安宁市 08-17 20:50 -> 北京市 08-18 06:40 700 8192
[success] LeavesofGrass 新疆塔城市 07-03 07:38 -> 辽宁省抚顺市 07-03 14:21 1093 9058
[success] puzzletheNewWorld 湖南省岳阳市 08-04 17:01 -> 河南省登封市 08-05 09:52 1040 4478
[success] LeavesofGrass 黑龙江省海林市 08-04 22:56 -> 新疆伊宁市 08-05 08:52 1441 16615
[pending] LeavesofGrass 湖南省衡阳市 07-24 16:20 -> 宁夏石嘴山市 07-24 19:18 734 23689
[success] LeavesofGrass 浙江省杭州市 07-06 11:52 -> 广东省四会市 07-06 15:34 407 24144
[success] LeavesofGrass 湖南省衡阳市 07-31 16:20 -> 广东省花都市 08-01 01:39 1762 22133
Mostima 莫斯提马 of.the.earliest@towns.From 2
1
TOTHEEOLDCAUSE 新疆奎屯市 06-27 11:20 -> 山东省聊城市 06-27 13:37 134 33971
-1
1
Deathlessthroughout 山东省莱芜市 08-06 17:36 -> 江西省南昌市 08-07 03:32 449 73160
ShiraYuki 白雪 and.Danish@languages.I 3
1
ThereforeIsendyou 湖南省汩罗市 07-01 22:12 -> 浙江省舟山市 07-02 10:35 910 3759
-1
1
AndtodefineAmeric 辽宁省朝阳市 07-11 18:50 -> 吉林省榆树市 07-12 03:30 647 80198
19
[success] LeavesofGrass 新疆塔城市 07-20 07:38 -> 浙江省杭州市 07-20 11:46 691 1613
[success] INSCRIPTIONS 广东省惠阳市 07-13 01:41 -> 湖北省枣阳市 07-13 11:59 1099 13877
[success] IHEARDthatyouask 广东省云浮市 07-21 19:00 -> 四川省彭州市 07-21 23:13 20 17704
[success] whatyouwanted 安徽省阜阳市 07-14 08:24 -> 四川省华蓥市 07-14 09:33 19 6277
[success] puzzletheNewWorld 辽宁省辽阳市 07-27 13:05 -> 湖南省岳阳市 07-27 16:56 379 10829
[success] puzzletheNewWorld 湖南省岳阳市 06-24 17:01 -> 四川省绵竹市 06-25 14:44 1339 5317
[success] INSCRIPTIONS 贵州省清镇市 06-27 16:24 -> 北京市 06-28 06:40 1029 10697
[pending] LeavesofGrass 广东省四会市 07-16 15:39 -> 广东省花都市 07-17 01:39 2002 7242
[success] LeavesofGrass 黑龙江省海林市 07-01 22:56 -> 新疆博乐市 07-02 06:04 1039 4322
[pending] LeavesofGrass 湖南省衡阳市 07-27 16:20 -> 新疆伊宁市 07-28 08:52 2589 14381
[success] INSCRIPTIONS 云南省安宁市 07-11 20:50 -> 广东省惠阳市 07-12 01:32 289 12405
[success] puzzletheNewWorld 辽宁省辽阳市 08-04 13:05 -> 四川省绵竹市 08-05 14:44 1718 10347
[success] LeavesofGrass 辽宁省抚顺市 07-23 14:24 -> 广东省花都市 07-24 01:39 2007 4702
[success] LeavesofGrass 浙江省平湖市 07-30 08:59 -> 浙江省杭州市 07-30 11:46 400 7918
[success] INSCRIPTIONS 黑龙江省五大连池市 07-17 19:22 -> 广东省惠阳市 07-18 01:32 445 8617
[success] INSCRIPTIONS 黑龙江省五大连池市 07-22 19:22 -> 广东省高要市 07-22 21:36 292 10060
[success] INSCRIPTIONS 广东省惠阳市 06-28 01:41 -> 湖北省枣阳市 06-28 11:59 1099 11620
[success] LeavesofGrass 新疆塔城市 06-29 07:38 -> 河南省偃师市 06-30 03:28 3332 19401
[success] LeavesofGrass 湖南省衡阳市 07-09 16:20 -> 广东省花都市 07-10 01:39 1762 21243
0
1743220
22272352
Siege 推进之王 monopolised@by.closed 1
-1
-1
1
IHEARDthatyouask 新疆吐鲁番市 07-31 05:55 -> 天津市 07-31 06:30 496 75073
1
Deathlessthroughout 福建省长乐市 07-03 07:14 -> 江西省南昌市 07-04 03:32 1540 73160
-1
1
TOTHEEOLDCAUSE 新疆奎屯市 06-16 11:20 -> 安徽省桐城市 06-17 11:13 2034 33971
1
Deathlessthroughout 河北省安国市 07-03 10:54 -> 山东省威海市 07-03 21:57 1091 73160
0
1
INSCRIPTIONS 广东省高要市 06-29 21:40 -> 湖北省枣阳市 06-30 11:59 1252 54835
1
IHEARDthatyouask 新疆吐鲁番市 08-07 05:55 -> 四川省彭州市 08-07 23:13 745 72349
2404432
Bibeak 柏喙 in.the.development@of.the 1
5935980
queue
-1
0
1
TOtheeoldcause 北京市 07-26 05:54 -> 湖北省宜昌市 07-26 10:47 424 90891
4
[success] ThereforeIsendyou 新疆喀什市 06-30 02:53 -> 河南省驻马店市 06-30 13:30 789 524
[success] IHEARDthatyouask 广东省云浮市 07-17 19:00 -> 四川省彭州市 07-17 23:13 20 1400
[success] LeavesofGrass 新疆塔城市 08-01 07:38 -> 河南省灵宝市 08-01 23:39 2986 20534
[success] LeavesofGrass 陕西省安康市 07-19 17:25 -> 浙江省慈溪市 07-20 09:48 2171 4583
1
Afterastrangesad 黑龙江省绥芬河市 08-21 19:36 -> 山西省太原市 08-22 10:29 2317 68496
Indra 因陀罗 ruins.of.feudal@society.has 1
1
INSCRIPTIONS 黑龙江省五大连池市 06-17 19:22 -> 江苏省扬州市 06-18 08:14 1056 33528
Platinum 白金 handed.down@from.the 2
1
TOTHEEOLDCAUSE 湖北省麻城市 07-31 20:21 -> 广东省湛江市 08-01 19:57 1811 33971
-1
5410272
5045140
1
INSCRIPTIONS 黑龙江省五大连池市 07-05 19:22 -> 北京市 07-06 06:40 856 45203
1
Ithinkallwarthr 陕西省华阴市 07-26 12:21 -> 河南省汝州市 07-27 09:13 3342 86945
1930190
Snowsant 雪雉 new.forms.of@struggle.in 2
10
[pending] LeavesofGrass 广东省四会市 06-30 15:39 -> 新疆伊宁市 07-01 08:52 2829 9295
[success] LeavesofGrass 辽宁省抚顺市 07-23 14:24 -> 湖南省衡阳市 07-23 16:17 245 11935
[success] IHEARDthatyouask 新疆吐鲁番市 07-17 05:55 -> 天津市 07-17 06:30 496 8078
[success] LeavesofGrass 浙江省杭州市 08-03 11:52 -> 福建省建阳市 08-03 21:14 1781 7227
[pending] LeavesofGrass 陕西省安康市 07-15 17:25 -> 新疆博乐市 07-16 06:04 1699 9883
[success] IHEARDthatyouask 新疆吐鲁番市 08-05 05:55 -> 广东省云浮市 08-05 18:52 725 1625
[success] INSCRIPTIONS 贵州省清镇市 07-22 16:24 -> 广东省惠阳市 07-23 01:32 618 13451
[success] LeavesofGrass 浙江省杭州市 07-04 11:52 -> 广东省四会市 07-04 15:34 407 4129
[success] LeavesofGrass 河北省河间市 07-30 18:11 -> 河南省偃师市 07-31 03:28 1481 17
[success] LeavesofGrass 新疆博乐市 07-28 06:11 -> 浙江省慈溪市 07-28 09:48 472 20266
1
Ithinkallwarthr 湖北省石首市 08-10 19:21 -> 河南省濮阳市 08-11 03:47 1298 86945
Lappland 拉普兰德 the.mediaeval@commune.here 1
13448490
1
TOtheeoldcause 北京市 07-31 05:54 -> 湖北省宜昌市 07-31 10:47 424 90891
36540078
1
puzzletheNewWorld 辽宁省辽阳市 07-28 13:05 -> 湖南省岳阳市 07-28 16:56 379 47885
15625582
1
whatyouwanted 山东省乳山市 07-10 04:53 -> 广东省高州市 07-10 10:58 1336 30519
-1
1
Afterastrangesad 贵州省清镇市 08-04 02:07 -> 黑龙江省穆棱市 08-04 03:49 427 68496
Skadi 斯卡 slaves.in.the@Middle.Ages 2
1
ThereforeIsendyou 浙江省舟山市 07-03 10:45 -> 河南省驻马店市 07-03 13:30 377 3759
Indra 因陀罗 ruins.of.feudal@society.has 1
21089640
Midnight 月见夜 longer.sufficed@Thereupon.stea 1
1
AndtodefineAmeric 天津市 08-11 08:57 -> 江西省吉安市 08-11 21:09 2318 80198
14883190
-1
-1
133760
4
[success] TOtheeoldcause 天津市 08-10 17:57 -> 北京市 08-11 05:48 393 5825
[success] IHEARDthatyouask 天津市 07-08 06:35 -> 广东省云浮市 07-08 18:52 229 10199
[success] LeavesofGrass 新疆塔城市 07-07 07:38 -> 陕西省安康市 07-07 17:15 1826 20614
[success] LeavesofGrass 广东省四会市 07-06 15:39 -> 新疆伊宁市 07-07 08:52 2829 2707
queue
8591024
7277967
Nearl 临光 history.we@find.almost 1
8536704
queue
1
everwillbereally 云南省保山市 07-24 02:47 -> 贵州省铜仁市 07-24 03:12 346 91355
2660532
-1
1
Afterastrangesad 湖北省荆门市 07-25 00:40 -> 山西省太原市 07-25 10:29 1432 68496
170272
4893466
1
Ithinkallwarthr 黑龙江省五大连池市 07-30 09:51 -> 湖北省石首市 07-30 19:18 1085 86945
Aak 阿阿 in.almost.all@of.these 1
1
TOTHEEOLDCAUSE 吉林省长春市 07-15 04:55 -> 四川省绵阳市 07-15 17:54 1116 33971
Aak 阿阿 in.almost.all@of.these 1
TOTHEEOLDCAUSE V
新疆奎屯市 xx-xx xx:xx -> 07-09 11:20 0 33971
山东省聊城市 07-09 13:37 -> 07-09 13:46 134 33971
河北省唐山市 07-09 15:26 -> 07-09 15:34 277 33971
新疆库尔勒市 07-09 16:31 -> 07-09 16:36 604 33971
湖北省麻城市 07-09 20:14 -> 07-09 20:21 743 33971
河南省周口市 07-09 23:49 -> 07-09 23:57 1106 33971
山东省滕州市 07-10 01:56 -> 07-10 02:06 1111 33971
吉林省长春市 07-10 04:46 -> 07-10 04:55 1257 33971
山西省太原市 07-10 07:46 -> 07-10 07:56 1665 33971
安徽省桐城市 07-10 11:13 -> 07-10 11:16 2034 33971
宁夏银川市 07-10 14:45 -> 07-10 14:55 2067 33971
四川省绵阳市 07-10 17:54 -> 07-10 17:59 2373 33971
广东省湛江市 07-10 19:57 -> xx-xx xx:xx 2554 x
-1
-1
1481456
78472152
1
everwillbereally 广西贵港市 07-11 11:06 -> 山东省青州市 07-12 00:11 1438 91355
1
LeavesofGrass 浙江省杭州市 07-08 11:52 -> 广东省花都市 07-09 01:39 2409 25049
7
[success] LeavesofGrass 浙江省平湖市 07-21 08:59 -> 新疆伊宁市 07-22 08:52 3636 21582
[success] Afterastrangesad 四川省广元市 07-31 16:17 -> 山东省淄博市 07-31 19:22 466 10501
[success] LeavesofGrass 湖南省衡阳市 08-04 16:20 -> 河南省灵宝市 08-04 23:39 1648 5213
[success] TOtheeoldcause 天津市 08-10 17:57 -> 北京市 08-11 05:48 393 5825
[success] IHEARDthatyouask 天津市 07-08 06:35 -> 广东省云浮市 07-08 18:52 229 10199
[success] LeavesofGrass 新疆塔城市 07-07 07:38 -> 陕西省安康市 07-07 17:15 1826 20614
[success] LeavesofGrass 广东省四会市 07-06 15:39 -> 新疆伊宁市 07-07 08:52 2829 2707
Schwarz 黑黑 of.manufacture@was.taken 1
queue
1
Afterastrangesad 四川省广元市 08-23 16:17 -> 四川省崇州市 08-23 17:38 316 68496
queue
1
AndtodefineAmeric 山东省胶州市 08-14 12:18 -> 山东省乐陵市 08-14 14:08 938 80198
1
IHEARDthatyouask 新疆吐鲁番市 07-30 05:55 -> 四川省彭州市 07-30 23:13 745 41632
0
-1
-1
67669
2
INSCRIPTIONS 贵州省清镇市 08-01 16:24 -> 北京市 08-02 06:40 1029 60484
Afterastrangesad 贵州省清镇市 08-01 02:07 -> 北京市 08-01 20:52 3421 68496
22108347
Mayer 梅尔 colonisation@of.America 1
Specter 幽灵鲨 has.put.an@end.to 1
4590369
Executor 送葬人 history.of@all.hitherto 1
1
LeavesofGrass 陕西省安康市 07-29 17:25 -> 河北省河间市 07-29 18:01 25 16044
13904906
Mayer 梅尔 colonisation@of.America 1
-1
1
AndtodefineAmeric 江苏省吴江市 08-13 17:00 -> 湖南省吉首市 08-14 11:01 1543 80198
260208
1
Ithinkallwarthr 安徽省宣州市 07-09 20:07 -> 海南省万宁市 07-10 00:48 799 86945
-1
queue
Spot 斑点 with.a.Manifesto@of.the 1
Manticore 狮蝎 not.hurled@back.the 2
Adnachiel 安德切尔 elements.of@the.bourgeoisie 2
250420
Scavenger 清道夫 the.common@affairs.of 1
Purestream 清流 party.itself@To.this 1
1
everwillbereally 湖南省汩罗市 07-10 09:18 -> 甘肃省玉门市 07-10 16:02 789 91355
0
Istina 真理 a.counterpoise@against.the 1
5307204
17446437
0
-1
1
LeavesofGrass 浙江省平湖市 07-02 08:59 -> 福建省建阳市 07-02 21:14 2181 11670
-1
1
ThereforeIsendyou 天津市 07-24 17:39 -> 河南省驻马店市 07-25 13:30 1518 3759
-1
queue
14289982
queue
Bison 拜松 classes.again@subordinate.grad 1
9227088
queue
2
Afterastrangesad 北京市 07-23 20:55 -> 四川省绵竹市 07-23 22:36 17 68496
puzzletheNewWorld 北京市 07-23 02:54 -> 四川省绵竹市 07-23 14:44 754 40837
Glaucus 格劳克斯 the.increase@in.the 2
Bibeak 柏喙 in.the.development@of.the 1
1
INSCRIPTIONS 云南省安宁市 07-23 20:50 -> 广东省高要市 07-23 21:36 136 43520
193980
Weedy 温蒂 development@The.feudal 2
queue
1264980
15943817
-1
-1
1
everwillbereally 广西贵港市 07-27 11:06 -> 新疆乌鲁木齐市 07-27 20:24 1055 91355
-1
Durnar 坚雷 adversaries@Two.things 1
Ifrit 伊芙利特 one.another@carried.on 2
381520
Weedy 温蒂 development@The.feudal 2
1
IHEARDthatyouask 新疆吐鲁番市 07-23 05:55 -> 四川省彭州市 07-23 23:13 745 45133
-1
-1
Eyjafjalla 艾雅法拉 its.place.The@guildmasters.wer 2
-1
-1
14
[pending] LeavesofGrass 河南省灵宝市 07-15 23:45 -> 广东省花都市 07-16 01:39 114 14312
[success] INSCRIPTIONS 北京市 07-16 06:46 -> 新疆米泉市 07-16 14:38 850 1288
[success] INSCRIPTIONS 广东省高要市 08-05 21:40 -> 新疆米泉市 08-06 14:38 1414 17415
[success] INSCRIPTIONS 云南省安宁市 06-21 20:50 -> 广东省高要市 06-21 21:36 136 16093
[success] INSCRIPTIONS 云南省安宁市 08-22 20:50 -> 新疆米泉市 08-23 14:38 1550 15202
[success] LeavesofGrass 辽宁省抚顺市 07-11 14:24 -> 陕西省安康市 07-11 17:15 733 6915
[success] IHEARDthatyouask 新疆吐鲁番市 08-04 05:55 -> 广东省云浮市 08-04 18:52 725 11892
[success] IHEARDthatyouask 天津市 08-05 06:35 -> 四川省彭州市 08-05 23:13 249 9858
[success] INSCRIPTIONS 广东省高要市 06-25 21:40 -> 新疆米泉市 06-26 14:38 1414 10904
[success] LeavesofGrass 辽宁省抚顺市 07-06 14:24 -> 新疆伊宁市 07-07 08:52 2834 8777
[success] LeavesofGrass 广东省四会市 08-03 15:39 -> 广东省花都市 08-04 01:39 2002 11377
[success] INSCRIPTIONS 贵州省清镇市 07-09 16:24 -> 广东省高要市 07-09 21:36 465 15846
[success] INSCRIPTIONS 贵州省清镇市 08-14 16:24 -> 北京市 08-15 06:40 1029 17445
[success] LeavesofGrass 福建省建阳市 06-28 21:19 -> 浙江省慈溪市 06-29 09:48 1525 15842
queue
-1
0
1772204
1727811
10351432
0
738555
Skyfire 天火 published.in@the.English 1
1830626
Silence 赫默 stood.in.constant@opposition.t 1
-1
10889759
Istina 真理 a.counterpoise@against.the 1
1
LeavesofGrass 黑龙江省海林市 07-06 22:56 -> 河南省偃师市 07-07 03:28 846 2598
-1
Swire 诗怀 the.place.of@the.industrial 1
4060450
1
ThereforeIsendyou 新疆喀什市 07-30 02:53 -> 安徽省宁国市 07-30 19:16 977 3759
Greyy 格雷 a.committee@for.managing 4
-1
1
IHEARDthatyouask 天津市 07-29 06:35 -> 四川省彭州市 07-29 23:13 249 76107
1265532
-1
1
LeavesofGrass 黑龙江省海林市 07-06 22:56 -> 河南省灵宝市 07-06 23:39 500 2598
Leizi 惊蛰 this.spectre@Pope.and 1
-1
14
[pending] LeavesofGrass 河南省灵宝市 07-15 23:45 -> 广东省花都市 07-16 01:39 114 14312
[success] INSCRIPTIONS 北京市 07-16 06:46 -> 新疆米泉市 07-16 14:38 850 1288
[success] INSCRIPTIONS 广东省高要市 08-05 21:40 -> 新疆米泉市 08-06 14:38 1414 17415
[success] INSCRIPTIONS 云南省安宁市 06-21 20:50 -> 广东省高要市 06-21 21:36 136 16093
[success] INSCRIPTIONS 云南省安宁市 08-22 20:50 -> 新疆米泉市 08-23 14:38 1550 15202
[success] LeavesofGrass 辽宁省抚顺市 07-11 14:24 -> 陕西省安康市 07-11 17:15 733 6915
[success] IHEARDthatyouask 新疆吐鲁番市 08-04 05:55 -> 广东省云浮市 08-04 18:52 725 11892
[success] IHEARDthatyouask 天津市 08-05 06:35 -> 四川省彭州市 08-05 23:13 249 9858
[success] INSCRIPTIONS 广东省高要市 06-25 21:40 -> 新疆米泉市 06-26 14:38 1414 10904
[success] LeavesofGrass 辽宁省抚顺市 07-06 14:24 -> 新疆伊宁市 07-07 08:52 2834 8777
[success] LeavesofGrass 广东省四会市 08-03 15:39 -> 广东省花都市 08-04 01:39 2002 11377
[success] INSCRIPTIONS 贵州省清镇市 07-09 16:24 -> 广东省高要市 07-09 21:36 465 15846
[success] INSCRIPTIONS 贵州省清镇市 08-14 16:24 -> 北京市 08-15 06:40 1029 17445
[success] LeavesofGrass 福建省建阳市 06-28 21:19 -> 浙江省慈溪市 06-29 09:48 1525 15842
1
Afterastrangesad 四川省宜宾市 07-23 22:24 -> 四川省广元市 07-24 16:10 3006 68496
-1
queue
1
TOTHEEOLDCAUSE 吉林省长春市 07-27 04:55 -> 山西省太原市 07-27 07:46 408 33971
4206576
0
7221285
Weedy 温蒂 development@The.feudal 2
6198750
1
AndtodefineAmeric 云南省保山市 07-17 09:33 -> 辽宁省朝阳市 07-17 18:41 1721 80198
Skadi 斯卡 slaves.in.the@Middle.Ages 2
12557922
Steward 史都华德 society.at@large.or 1
1
LeavesofGrass 辽宁省抚顺市 07-23 14:24 -> 福建省建阳市 07-23 21:14 1379 5903
-1
1
Afterastrangesad 天津市 07-27 16:53 -> 黑龙江省绥芬河市 07-27 19:30 151 68496
1
Afterastrangesad 山东省淄博市 08-02 19:31 -> 云南省昆明市 08-03 01:11 641 68496
Matterhorn 角峰 an.immense@development.to 1
-1
6613056
1
INSCRIPTIONS 云南省安宁市 08-15 20:50 -> 广东省高要市 08-15 21:36 136 15649
1
AndtodefineAmeric 湖北省黄冈市 07-17 01:14 -> 河南省周口市 07-17 06:51 391 80198
252620
queue
-1
Vulcan 火神 commodities@generally.gave 2
0
1
INSCRIPTIONS 广东省惠阳市 06-22 01:41 -> 湖北省枣阳市 06-22 11:59 1099 44388
15
[pending] LeavesofGrass 湖南省衡阳市 07-14 16:20 -> 河北省河间市 07-14 18:01 513 4991
[success] IHEARDthatyouask 天津市 07-17 06:35 -> 广东省云浮市 07-17 18:52 229 7994
[success] puzzletheNewWorld 辽宁省辽阳市 06-16 13:05 -> 湖南省岳阳市 06-16 16:56 379 4676
[success] LeavesofGrass 陕西省安康市 07-14 17:25 -> 河南省偃师市 07-15 03:28 1506 24263
[success] LeavesofGrass 新疆塔城市 07-20 07:38 -> 陕西省安康市 07-20 17:15 1826 7365
[pending] LeavesofGrass 广东省四会市 06-30 15:39 -> 新疆伊宁市 07-01 08:52 2829 9295
[success] LeavesofGrass 辽宁省抚顺市 07-23 14:24 -> 湖南省衡阳市 07-23 16:17 245 11935
[success] IHEARDthatyouask 新疆吐鲁番市 07-17 05:55 -> 天津市 07-17 06:30 496 8078
[success] LeavesofGrass 浙江省杭州市 08-03 11:52 -> 福建省建阳市 08-03 21:14 1781 7227
[pending] LeavesofGrass 陕西省安康市 07-15 17:25 -> 新疆博乐市 07-16 06:04 1699 9883
[success] IHEARDthatyouask 新疆吐鲁番市 08-05 05:55 -> 广东省云浮市 08-05 18:52 725 1625
[success] INSCRIPTIONS 贵州省清镇市 07-22 16:24 -> 广东省惠阳市 07-23 01:32 618 13451
[success] LeavesofGrass 浙江省杭州市 07-04 11:52 -> 广东省四会市 07-04 15:34 407 4129
[success] LeavesofGrass 河北省河间市 07-30 18:11 -> 河南省偃师市 07-31 03:28 1481 17
[success] LeavesofGrass 新疆博乐市 07-28 06:11 -> 浙江省慈溪市 07-28 09:48 472 20266
25
[success] IHEARDthatyouask 新疆吐鲁番市 07-27 05:55 -> 天津市 07-27 06:30 496 8481
[success] LeavesofGrass 浙江省平湖市 07-07 08:59 -> 福建省建阳市 07-07 21:14 2181 580
[success] TOtheeoldcause 北京市 07-26 05:54 -> 湖北省宜昌市 07-26 10:47 424 3494
[success] TOtheeoldcause 天津市 08-08 17:57 -> 北京市 08-09 05:48 393 18519
[success] IHEARDthatyouask 新疆吐鲁番市 07-13 05:55 -> 四川省彭州市 07-13 23:13 745 6772
[success] LeavesofGrass 湖南省衡阳市 07-15 16:20 -> 河南省灵宝市 07-15 23:39 1648 1459
[success] LeavesofGrass 新疆塔城市 07-20 07:38 -> 浙江省杭州市 07-20 11:46 691 1613
[success] INSCRIPTIONS 广东省惠阳市 07-13 01:41 -> 湖北省枣阳市 07-13 11:59 1099 13877
[success] IHEARDthatyouask 广东省云浮市 07-21 19:00 -> 四川省彭州市 07-21 23:13 20 17704
[success] whatyouwanted 安徽省阜阳市 07-14 08:24 -> 四川省华蓥市 07-14 09:33 19 6277
[success] puzzletheNewWorld 辽宁省辽阳市 07-27 13:05 -> 湖南省岳阳市 07-27 16:56 379 10829
[success] puzzletheNewWorld 湖南省岳阳市 06-24 17:01 -> 四川省绵竹市 06-25 14:44 1339 5317
[success] INSCRIPTIONS 贵州省清镇市 06-27 16:24 -> 北京市 06-28 06:40 1029 10697
[pending] LeavesofGrass 广东省四会市 07-16 15:39 -> 广东省花都市 07-17 01:39 2002 7242
[success] LeavesofGrass 黑龙江省海林市 07-01 22:56 -> 新疆博乐市 07-02 06:04 1039 4322
[pending] LeavesofGrass 湖南省衡阳市 07-27 16:20 -> 新疆伊宁市 07-28 08:52 2589 14381
[success] INSCRIPTIONS 云南省安宁市 07-11 20:50 -> 广东省惠阳市 07-12 01:32 289 12405
[success] puzzletheNewWorld 辽宁省辽阳市 08-04 13:05 -> 四川省绵竹市 08-05 14:44 1718 10347
[success] LeavesofGrass 辽宁省抚顺市 07-23 14:24 -> 广东省花都市 07-24 01:39 2007 4702
[success] LeavesofGrass 浙江省平湖市 07-30 08:59 -> 浙江省杭州市 07-30 11:46 400 7918
[success] INSCRIPTIONS 黑龙江省五大连池市 07-17 19:22 -> 广东省惠阳市 07-18 01:32 445 8617
[success] INSCRIPTIONS 黑龙江省五大连池市 07-22 19:22 -> 广东省高要市 07-22 21:36 292 10060
[success] INSCRIPTIONS 广东省惠阳市 06-28 01:41 -> 湖北省枣阳市 06-28 11:59 1099 11620
[success] LeavesofGrass 新疆塔城市 06-29 07:38 -> 河南省偃师市 06-30 03:28 3332 19401
[success] LeavesofGrass 湖南省衡阳市 07-09 16:20 -> 广东省花都市 07-10 01:39 1762 21243
1250808
11200732
4181983
1
LeavesofGrass 浙江省平湖市 07-14 08:59 -> 河北省河间市 07-14 18:01 1560 1723
1
TOFOREIGNLANDS 江西省鹰潭市 07-02 08:47 -> 浙江省乐清市 07-02 16:23 850 92870
1
everwillbereally 福建省莆田市 08-08 22:28 -> 天津市 08-09 08:41 2023 91355
1
Ithinkallwarthr 陕西省华阴市 08-08 12:21 -> 山东省栖霞市 08-08 21:48 1417 86945
Vulcan 火神 commodities@generally.gave 2
queue
2202720
queue
ProjeKTRed 红红 all.feudal@patriarchal.idyllic 1
Flamebringer 炎客 nationalities@have.assembled 2
queue
Liskarm 雷蛇 of.the.feudal@nobility.an 1
1
INSCRIPTIONS 广东省惠阳市 07-25 01:41 -> 北京市 07-25 06:40 411 34660
Chen 陈陈 into.various@orders.a 2
1
IHEARDthatyouask 新疆吐鲁番市 07-28 05:55 -> 天津市 07-28 06:30 496 71499
Cardigan 卡缇 the.markets@kept.ever 1
queue
1
IHEARDthatyouask 新疆吐鲁番市 08-05 05:55 -> 四川省彭州市 08-05 23:13 745 76808
1
Afterastrangesad 四川省崇州市 08-12 17:42 -> 云南省昆明市 08-13 01:11 791 68496
1059270
9414009
4540841
1
IHEARDthatyouask 广东省云浮市 07-14 19:00 -> 四川省彭州市 07-14 23:13 20 31452
Vermeil 红云 production@The.place 1
1380954
5624993
2219350
1
everwillbereally 贵州省铜仁市 08-12 03:20 -> 天津市 08-12 08:41 1021 91355
13
[success] LeavesofGrass 浙江省平湖市 06-28 08:59 -> 辽宁省抚顺市 06-28 14:21 802 13966
[success] INSCRIPTIONS 北京市 07-21 06:46 -> 湖北省枣阳市 07-21 11:59 688 9612
[success] INSCRIPTIONS 贵州省清镇市 07-20 16:24 -> 江苏省扬州市 07-21 08:14 1229 10218
[success] LeavesofGrass 浙江省杭州市 07-26 11:52 -> 黑龙江省海林市 07-26 22:46 1795 4023
[success] INSCRIPTIONS 北京市 06-15 06:46 -> 新疆米泉市 06-15 14:38 850 4777
[success] LeavesofGrass 辽宁省抚顺市 07-08 14:24 -> 河南省灵宝市 07-08 23:39 1893 11679
[success] LeavesofGrass 浙江省平湖市 07-21 08:59 -> 新疆伊宁市 07-22 08:52 3636 21582
[success] Afterastrangesad 四川省广元市 07-31 16:17 -> 山东省淄博市 07-31 19:22 466 10501
[success] LeavesofGrass 湖南省衡阳市 08-04 16:20 -> 河南省灵宝市 08-04 23:39 1648 5213
[success] TOtheeoldcause 天津市 08-10 17:57 -> 北京市 08-11 05:48 393 5825
[success] IHEARDthatyouask 天津市 07-08 06:35 -> 广东省云浮市 07-08 18:52 229 10199
[success] LeavesofGrass 新疆塔城市 07-07 07:38 -> 陕西省安康市 07-07 17:15 1826 20614
[success] LeavesofGrass 广东省四会市 07-06 15:39 -> 新疆伊宁市 07-07 08:52 2829 2707
1
Afterastrangesad 天津市 08-22 16:53 -> 四川省绵竹市 08-23 22:36 4511 68496
-1
1
LeavesofGrass 浙江省平湖市 07-17 08:59 -> 福建省建阳市 07-17 21:14 2181 40273
25426800
1
Afterastrangesad 山西省太原市 08-04 10:36 -> 四川省绵竹市 08-04 22:36 2043 68496
1
everwillbereally 云南省保山市 06-10 02:47 -> 安徽省亳州市 06-10 22:12 3148 91355
1
everwillbereally 辽宁省朝阳市 06-28 00:55 -> 江苏省南京市 06-28 02:11 251 91355
-1
-1
6379593
1433769
0
1
puzzletheNewWorld 辽宁省辽阳市 06-29 13:05 -> 黑龙江省尚志市 06-29 20:04 805 47885
-1
1
whatyouwanted 湖北省利川市 08-03 22:30 -> 山东省莱州市 08-04 10:04 1829 23354
1
ThereforeIsendyou 新疆喀什市 07-16 02:53 -> 安徽省宁国市 07-16 19:16 977 3759
22778315
Durnar 坚雷 adversaries@Two.things 1
1
everwillbereally 云南省大理市 06-22 06:41 -> 广西贵港市 06-22 11:02 686 91355
Breeze 微风 America.paved@the.way 1
288306
0
1
IHEARDthatyouask 天津市 07-12 06:35 -> 四川省彭州市 07-12 23:13 249 46203
Lappland 拉普兰德 the.mediaeval@commune.here 1
-1
queue
1
Ithinkallwarthr 山东省栖霞市 07-20 21:55 -> 江苏省宿迁市 07-21 14:50 2222 86945
-1
1
Deathlessthroughout 湖北省黄冈市 07-15 17:45 -> 北京市 07-16 04:10 477 73160
Vermeil 红云 production@The.place 1
Meteor 流星 The.executive@of.the 1
1
TOFOREIGNLANDS 湖南省常宁市 06-29 02:20 -> 湖北省洪湖市 06-29 11:19 862 92870
-1
Frostleaf 霜叶 class.under@the.sway 1
1
LEAVESOFGRASS 四川省崇州市 07-17 09:17 -> 广东省南海市 07-18 02:03 2836 67839
26799500
1
ThereforeIsendyou 天津市 06-30 17:39 -> 安徽省宁国市 07-01 19:16 1706 3759
-1
Breeze 微风 America.paved@the.way 1
10458125
-1
Leizi 惊蛰 this.spectre@Pope.and 1
Rangers 巡林 arrangement@of.society 3
268720
1
LEAVESOFGRASS 新疆乌苏市 08-06 12:59 -> 河南省安阳市 08-06 18:14 1133 67839
1
puzzletheNewWorld 湖南省岳阳市 08-11 17:01 -> 北京市 08-12 02:45 585 47885
-1
1
TOTHEEOLDCAUSE 山西省太原市 07-22 07:56 -> 四川省绵阳市 07-22 17:54 708 33971
15422500
Bibeak 柏喙 in.the.development@of.the 1
-1
1
puzzletheNewWorld 北京市 08-04 02:54 -> 河南省登封市 08-04 09:52 455 46807
1
Afterastrangesad 湖北省荆门市 07-21 00:40 -> 北京市 07-21 20:52 3458 68496
1
LeavesofGrass 宁夏石嘴山市 07-05 19:25 -> 新疆博乐市 07-06 06:04 1453 16233
1
Thesechantsforthe 湖南省岳阳市 08-03 20:27 -> 福建省福安市 08-04 19:41 3080 60930
1
LEAVESOFGRASS 新疆乌苏市 07-22 12:59 -> 甘肃省张掖市 07-23 00:10 1910 67839
4801356
6561160
-1
Franka 芙兰 relations.It@has.pitilessly 1
3
TOtheeoldcause 天津市 08-04 17:57 -> 北京市 08-05 05:48 393 90891
AndtodefineAmeric 天津市 08-04 08:57 -> 北京市 08-04 22:38 2583 80198
Afterastrangesad 天津市 08-04 16:53 -> 北京市 08-05 20:52 4494 68496
1
Thesechantsforthe 江苏省常熟市 07-12 14:37 -> 河南省南阳市 07-12 16:26 288 60930
Bagpipe 风笛 bourgeoisie@is.itself 2
19689871
Myrtle 桃金娘 in.proportion@as.industry 1
Grani 格拉尼 serfs.of.the@Middle.Ages 1
Lava 炎熔 modern.bourgeois@Modern.indust 1
Croissant 可颂 torn.asunder@the.motley 1
1
whatyouwanted 安徽省阜阳市 07-19 08:24 -> 湖北省松滋市 07-19 21:35 2499 30519
1
TOFOREIGNLANDS 广西凭祥市 07-23 06:08 -> 四川省攀枝花市 07-23 20:01 1612 92870
1
Thesechantsforthe 浙江省江山市 08-08 16:55 -> 内蒙临河市 08-09 01:46 1209 60930
1
TOTHEEOLDCAUSE 安徽省桐城市 07-12 11:16 -> 四川省绵阳市 07-12 17:54 339 33971
15811666
1
ThereforeIsendyou 新疆喀什市 07-24 02:53 -> 安徽省宁国市 07-24 19:16 977 3759
-1
1
TOFOREIGNLANDS 河北省张家口市 07-16 22:51 -> 湖北省洪湖市 07-17 11:19 1301 92870
6722800
1914185
11902356
1
Afterastrangesad 山东省胶州市 08-03 11:16 -> 黑龙江省海伦市 08-03 13:32 432 68496
2
INSCRIPTIONS 贵州省清镇市 07-22 16:24 -> 北京市 07-23 06:40 1029 24652
Afterastrangesad 贵州省清镇市 07-22 02:07 -> 北京市 07-22 20:52 3421 68496
935136
Glaucus 格劳克斯 the.increase@in.the 2
-1
1
TOFOREIGNLANDS 湖北省洪湖市 07-31 11:29 -> 甘肃省敦煌市 07-31 20:48 1154 92870
4248615
Skadi 斯卡 slaves.in.the@Middle.Ages 2
1
TOTHEEOLDCAUSE 吉林省长春市 07-14 04:55 -> 广东省湛江市 07-14 19:57 1297 33971
1
Ithinkallwarthr 北京市 08-07 07:42 -> 安徽省宣州市 08-07 20:02 1327 86945
Saria 塞雷娅 in.the.common@ruin.of 1
1
Ithinkallwarthr 安徽省宣州市 07-21 20:07 -> 四川省绵阳市 07-22 06:27 1604 86945
queue
Cutter 刻刀 France.afterwards@in.the 1
3063296
-1
-1
4181037
1
puzzletheNewWorld 辽宁省辽阳市 07-17 13:05 -> 黑龙江省尚志市 07-17 20:04 805 47885
23669016
-1
Ptilopsis 白面鸮 this.distinctive@feature.it 2
Mayer 梅尔 colonisation@of.America 1
14979564
-1
33
[success] INSCRIPTIONS 广东省高要市 07-13 21:40 -> 江苏省扬州市 07-14 08:14 764 15579
[success] INSCRIPTIONS 贵州省清镇市 08-10 16:24 -> 江苏省扬州市 08-11 08:14 1229 12831
[success] IHEARDthatyouask 新疆吐鲁番市 07-14 05:55 -> 四川省彭州市 07-14 23:13 745 20174
[success] LeavesofGrass 福建省建阳市 07-07 21:19 -> 黑龙江省海林市 07-07 22:46 14 2380
[success] LeavesofGrass 湖南省衡阳市 07-31 16:20 -> 浙江省慈溪市 08-01 09:48 2659 639
[success] LeavesofGrass 宁夏石嘴山市 07-06 19:25 -> 河南省灵宝市 07-06 23:39 914 1423
[success] LeavesofGrass 陕西省安康市 07-07 17:25 -> 河北省河间市 07-07 18:01 25 18368
[success] LeavesofGrass 河南省偃师市 07-26 03:31 -> 浙江省慈溪市 07-26 09:48 665 15766
[success] puzzletheNewWorld 湖南省岳阳市 06-15 17:01 -> 四川省绵竹市 06-16 14:44 1339 4148
[pending] LeavesofGrass 河北省河间市 07-31 18:11 -> 河南省灵宝市 07-31 23:39 1135 14907
[success] LeavesofGrass 浙江省平湖市 08-03 08:59 -> 湖南省衡阳市 08-03 16:17 1047 24365
[pending] LeavesofGrass 辽宁省抚顺市 07-15 14:24 -> 福建省建阳市 07-15 21:14 1379 22116
[success] LeavesofGrass 广东省四会市 07-17 15:39 -> 河南省偃师市 07-18 03:28 2234 17405
[success] LeavesofGrass 浙江省平湖市 07-26 08:59 -> 新疆博乐市 07-27 06:04 3234 19221
[success] LeavesofGrass 河南省灵宝市 07-18 23:45 -> 浙江省慈溪市 07-19 09:48 1011 15960
[success] LeavesofGrass 河南省偃师市 07-29 03:31 -> 新疆伊宁市 07-29 08:52 595 14170
[success] LeavesofGrass 广东省四会市 07-30 15:39 -> 陕西省安康市 07-30 17:15 728 16112
[success] LeavesofGrass 福建省建阳市 07-18 21:19 -> 河南省偃师市 07-19 03:28 860 3894
[success] LeavesofGrass 浙江省杭州市 07-08 11:52 -> 河南省灵宝市 07-08 23:39 2295 3624
[success] IHEARDthatyouask 新疆吐鲁番市 07-09 05:55 -> 广东省云浮市 07-09 18:52 725 18440
[success] INSCRIPTIONS 湖北省枣阳市 07-11 12:03 -> 新疆米泉市 07-11 14:38 162 17176
[success] LeavesofGrass 陕西省安康市 07-22 17:25 -> 河南省偃师市 07-23 03:28 1506 3718
[success] puzzletheNewWorld 湖南省岳阳市 06-30 17:01 -> 黑龙江省尚志市 06-30 20:04 426 1454
[pending] LeavesofGrass 浙江省杭州市 07-13 11:52 -> 河南省偃师市 07-14 03:28 2641 11233
[success] LeavesofGrass 福建省建阳市 07-24 21:19 -> 浙江省慈溪市 07-25 09:48 1525 10455
[success] LeavesofGrass 广东省四会市 07-06 15:39 -> 河南省偃师市 07-07 03:28 2234 14906
[success] INSCRIPTIONS 贵州省清镇市 08-06 16:24 -> 新疆米泉市 08-07 14:38 1879 5641
[success] INSCRIPTIONS 黑龙江省五大连池市 06-17 19:22 -> 湖北省枣阳市 06-18 11:59 1544 8923
[success] LeavesofGrass 河南省灵宝市 07-15 23:45 -> 广东省花都市 07-16 01:39 114 2769
[success] LeavesofGrass 广东省四会市 07-12 15:39 -> 新疆博乐市 07-13 06:04 2427 9684
[pending] LeavesofGrass 湖南省衡阳市 07-14 16:20 -> 新疆博乐市 07-15 06:04 2187 24112
[success] INSCRIPTIONS 广东省惠阳市 07-13 01:41 -> 湖北省枣阳市 07-13 11:59 1099 9374
[success] INSCRIPTIONS 黑龙江省五大连池市 06-18 19:22 -> 江苏省扬州市 06-19 08:14 1056 8250
1
everwillbereally 北京市 06-11 18:42 -> 新疆乌鲁木齐市 06-12 20:24 3962 91355
Cardigan 卡缇 the.markets@kept.ever 1
-1
1788834
-1
Provence 普罗旺 face.of.the@whole.world 1
1
TOTHEEOLDCAUSE 山西省太原市 07-15 07:56 -> 四川省绵阳市 07-15 17:54 708 33971
14
[success] LeavesofGrass 浙江省平湖市 07-29 08:59 -> 河北省河间市 07-29 18:01 1560 1412
[pending] LeavesofGrass 辽宁省抚顺市 07-07 14:24 -> 新疆博乐市 07-08 06:04 2432 6299
[success] puzzletheNewWorld 黑龙江省尚志市 07-03 20:11 -> 北京市 07-04 02:45 159 4645
[success] LeavesofGrass 新疆塔城市 08-04 07:38 -> 浙江省慈溪市 08-05 09:48 3997 2517
[success] puzzletheNewWorld 辽宁省辽阳市 07-29 13:05 -> 河南省登封市 07-30 09:52 1419 8831
[success] LeavesofGrass 湖南省衡阳市 07-20 16:20 -> 广东省花都市 07-21 01:39 1762 1642
[success] INSCRIPTIONS 贵州省清镇市 07-02 16:24 -> 广东省惠阳市 07-03 01:32 618 4782
[success] LeavesofGrass 辽宁省抚顺市 07-20 14:24 -> 宁夏石嘴山市 07-20 19:18 979 10955
[success] LeavesofGrass 浙江省杭州市 07-16 11:52 -> 宁夏石嘴山市 07-16 19:18 1381 1292
[success] LeavesofGrass 广东省花都市 07-06 01:43 -> 河南省偃师市 07-06 03:28 232 4211
[success] LeavesofGrass 浙江省平湖市 07-25 08:59 -> 新疆博乐市 07-26 06:04 3234 18135
[success] INSCRIPTIONS 广东省惠阳市 07-05 01:41 -> 新疆米泉市 07-05 14:38 1261 11666
[success] LeavesofGrass 陕西省安康市 07-14 17:25 -> 新疆伊宁市 07-15 08:52 2101 1354
[success] LeavesofGrass 新疆博乐市 08-01 06:11 -> 新疆伊宁市 08-01 08:52 402 13810
1
whatyouwanted 湖北省利川市 07-12 22:30 -> 河南省洛阳市 07-13 12:55 2168 30519
-1
1
TOtheeoldcause 天津市 07-24 17:57 -> 湖北省宜昌市 07-25 10:47 817 90891
1
puzzletheNewWorld 辽宁省辽阳市 07-10 13:05 -> 黑龙江省尚志市 07-10 20:04 805 47885
Adnachiel 安德切尔 elements.of@the.bourgeoisie 2
24458800
queue
14156350
ShiraYuki 白雪 and.Danish@languages.I 3
0
-1
1
LEAVESOFGRASS 山西省介休市 07-13 11:40 -> 河北省霸州市 07-13 20:55 1918 67839
Myrrh 末药 Proletariat@From.the 3
57200
Ambriel 安比 itself.in.the@modern.represent 1
1
Thesechantsforthe 辽宁省凌源市 07-16 17:43 -> 福建省福安市 07-16 19:41 437 60930
1
everwillbereally 甘肃省玉门市 08-20 16:12 -> 河南省林州市 08-20 18:20 186 91355
1
puzzletheNewWorld 辽宁省辽阳市 08-07 13:05 -> 河南省登封市 08-08 09:52 1419 35708
Jessica 杰西卡 has.not.been@decried.as 2
1
LeavesofGrass 浙江省平湖市 07-14 08:59 -> 广东省花都市 07-15 01:39 2809 1723
Hoshiguma 星熊 is.high.time@that.Communists 2
360512
1121905
1
TOFOREIGNLANDS 浙江省临安市 07-31 21:04 -> 江苏省淮安市 08-01 19:12 2449 92870
-1
1
TOtheeoldcause 北京市 08-27 05:54 -> 湖北省宜昌市 08-27 10:47 424 90891
4056520
1
INSCRIPTIONS 黑龙江省五大连池市 07-13 19:22 -> 湖北省枣阳市 07-14 11:59 1544 32159
4260280
queue
1
TOTHEEOLDCAUSE 河北省唐山市 07-19 15:34 -> 广东省湛江市 07-20 19:57 2277 33971
NoirCorne 黑角 its.time.reacted@on.the 1
0
0
1
TOtheeoldcause 北京市 08-13 05:54 -> 湖北省宜昌市 08-13 10:47 424 90891
-1
1
LeavesofGrass 广东省四会市 07-28 15:39 -> 湖南省衡阳市 07-28 16:17 240 22049
1
Deathlessthroughout 河北省安国市 08-03 10:54 -> 吉林省长春市 08-03 23:22 1143 73160
29
[success] INSCRIPTIONS 黑龙江省五大连池市 08-13 19:22 -> 广东省高要市 08-13 21:36 292 14590
[success] IHEARDthatyouask 新疆吐鲁番市 07-21 05:55 -> 天津市 07-21 06:30 496 6176
[success] IHEARDthatyouask 新疆吐鲁番市 07-26 05:55 -> 广东省云浮市 07-26 18:52 725 14425
[pending] LeavesofGrass 河北省河间市 07-05 18:11 -> 浙江省慈溪市 07-06 09:48 2146 20487
[success] IHEARDthatyouask 新疆吐鲁番市 07-27 05:55 -> 天津市 07-27 06:30 496 8481
[success] LeavesofGrass 浙江省平湖市 07-07 08:59 -> 福建省建阳市 07-07 21:14 2181 580
[success] TOtheeoldcause 北京市 07-26 05:54 -> 湖北省宜昌市 07-26 10:47 424 3494
[success] TOtheeoldcause 天津市 08-08 17:57 -> 北京市 08-09 05:48 393 18519
[success] IHEARDthatyouask 新疆吐鲁番市 07-13 05:55 -> 四川省彭州市 07-13 23:13 745 6772
[success] LeavesofGrass 湖南省衡阳市 07-15 16:20 -> 河南省灵宝市 07-15 23:39 1648 1459
[success] LeavesofGrass 新疆塔城市 07-20 07:38 -> 浙江省杭州市 07-20 11:46 691 1613
[success] INSCRIPTIONS 广东省惠阳市 07-13 01:41 -> 湖北省枣阳市 07-13 11:59 1099 13877
[success] IHEARDthatyouask 广东省云浮市 07-21 19:00 -> 四川省彭州市 07-21 23:13 20 17704
[success] whatyouwanted 安徽省阜阳市 07-14 08:24 -> 四川省华蓥市 07-14 09:33 19 6277
[success] puzzletheNewWorld 辽宁省辽阳市 07-27 13:05 -> 湖南省岳阳市 07-27 16:56 379 10829
[success] puzzletheNewWorld 湖南省岳阳市 06-24 17:01 -> 四川省绵竹市 06-25 14:44 1339 5317
[success] INSCRIPTIONS 贵州省清镇市 06-27 16:24 -> 北京市 06-28 06:40 1029 10697
[pending] LeavesofGrass 广东省四会市 07-16 15:39 -> 广东省花都市 07-17 01:39 2002 7242
[success] LeavesofGrass 黑龙江省海林市 07-01 22:56 -> 新疆博乐市 07-02 06:04 1039 4322
[pending] LeavesofGrass 湖南省衡阳市 07-27 16:20 -> 新疆伊宁市 07-28 08:52 2589 14381
[success] INSCRIPTIONS 云南省安宁市 07-11 20:50 -> 广东省惠阳市 07-12 01:32 289 12405
[success] puzzletheNewWorld 辽宁省辽阳市 08-04 13:05 -> 四川省绵竹市 08-05 14:44 1718 10347
[success] LeavesofGrass 辽宁省抚顺市 07-23 14:24 -> 广东省花都市 07-24 01:39 2007 4702
[success] LeavesofGrass 浙江省平湖市 07-30 08:59 -> 浙江省杭州市 07-30 11:46 400 7918
[success] INSCRIPTIONS 黑龙江省五大连池市 07-17 19:22 -> 广东省惠阳市 07-18 01:32 445 8617
[success] INSCRIPTIONS 黑龙江省五大连池市 07-22 19:22 -> 广东省高要市 07-22 21:36 292 10060
[success] INSCRIPTIONS 广东省惠阳市 06-28 01:41 -> 湖北省枣阳市 06-28 11:59 1099 11620
[success] LeavesofGrass 新疆塔城市 06-29 07:38 -> 河南省偃师市 06-30 03:28 3332 19401
[success] LeavesofGrass 湖南省衡阳市 07-09 16:20 -> 广东省花都市 07-10 01:39 1762 21243
3561435
-1
1
Deathlessthroughout 湖北省黄冈市 07-01 17:45 -> 广东省高要市 07-02 01:11 455 73160
Istina 真理 a.counterpoise@against.the 1
1
LEAVESOFGRASS 广西河池市 08-01 17:42 -> 北京市 08-02 03:47 1236 67839
-1
Mousse 慕斯 great.monarchies@in.general 1
1
TOFOREIGNLANDS 河北省张家口市 06-25 22:51 -> 广西凭祥市 06-26 06:01 656 92870
1488591
Ansel 安赛尔 now.open.fight@a.fight 2
1
IHEARDthatyouask 广东省云浮市 07-20 19:00 -> 四川省彭州市 07-20 23:13 20 91153
1
LEAVESOFGRASS 贵州省赤水市 07-12 15:23 -> 广西河池市 07-12 17:32 263 67839
-1
WaaiFu 槐琥 French.Radicals@and.German 2
9945502
1
AwarOsoldiersno 河南省偃师市 07-25 12:00 -> 吉林省吉林市 07-26 01:09 2281 34034
-1
Bibeak 柏喙 in.the.development@of.the 1
14504064
5145916
Gravel 砾砾 that.each.time@ended.either 1
95100
1
TOFOREIGNLANDS 广西凭祥市 07-16 06:08 -> 海南省通什市 07-16 13:23 759 92870
1
Ithinkallwarthr 北京市 07-24 07:42 -> 陕西省华阴市 07-24 12:17 270 86945
1
INSCRIPTIONS 北京市 07-19 06:46 -> 江苏省扬州市 07-19 08:14 200 65879
0
Popukar 泡普卡 and.Chinese@markets.the 4
1
TOTHEEOLDCAUSE 湖北省麻城市 06-17 20:21 -> 四川省绵阳市 06-18 17:54 1630 33971
1
ThereforeIsendyou 天津市 07-12 17:39 -> 浙江省舟山市 07-13 10:35 1141 3759
1
Ithinkallwarthr 北京市 08-10 07:42 -> 浙江省东阳市 08-10 12:59 680 86945
4273089
1
INSCRIPTIONS 北京市 06-22 06:46 -> 新疆米泉市 06-22 14:38 850 56304
queue
1
INSCRIPTIONS 广东省惠阳市 07-20 01:41 -> 新疆米泉市 07-20 14:38 1261 31798
Cuora 蛇屠 there.taxable@third.estate 1
1475868
1
ThereforeIsendyou 湖南省汩罗市 07-13 22:12 -> 山东省胶南市 07-14 10:01 843 3759
0
0
Ambriel 安比 itself.in.the@modern.represent 1
-1
1266500
-1
1
ThereforeIsendyou 天津市 07-01 17:39 -> 新疆喀什市 07-02 02:43 729 3759
1
Thesechantsforthe 浙江省江山市 08-09 16:55 -> 吉林省图们市 08-10 11:16 1732 60930
1
whatyouwanted 福建省建阳市 08-02 00:03 -> 河南省洛阳市 08-02 12:55 2033 30519
3311880
-1
Nearl 临光 history.we@find.almost 1
21
[success] whatyouwanted 吉林省四平市 07-21 18:24 -> 湖北省松滋市 07-21 21:35 348 4241
[success] INSCRIPTIONS 黑龙江省五大连池市 08-17 19:22 -> 北京市 08-18 06:40 856 16944
[success] puzzletheNewWorld 辽宁省辽阳市 08-18 13:05 -> 四川省绵竹市 08-19 14:44 1718 5789
[success] INSCRIPTIONS 贵州省清镇市 07-01 16:24 -> 黑龙江省五大连池市 07-01 19:12 173 6485
[success] IHEARDthatyouask 新疆吐鲁番市 08-04 05:55 -> 广东省云浮市 08-04 18:52 725 19526
[success] puzzletheNewWorld 北京市 08-18 02:54 -> 河南省登封市 08-18 09:52 455 4207
[success] INSCRIPTIONS 云南省安宁市 08-21 20:50 -> 北京市 08-22 06:40 700 9604
[pending] LeavesofGrass 河南省灵宝市 07-15 23:45 -> 广东省花都市 07-16 01:39 114 14312
[success] INSCRIPTIONS 北京市 07-16 06:46 -> 新疆米泉市 07-16 14:38 850 1288
[success] INSCRIPTIONS 广东省高要市 08-05 21:40 -> 新疆米泉市 08-06 14:38 1414 17415
[success] INSCRIPTIONS 云南省安宁市 06-21 20:50 -> 广东省高要市 06-21 21:36 136 16093
[success] INSCRIPTIONS 云南省安宁市 08-22 20:50 -> 新疆米泉市 08-23 14:38 1550 15202
[success] LeavesofGrass 辽宁省抚顺市 07-11 14:24 -> 陕西省安康市 07-11 17:15 733 6915
[success] IHEARDthatyouask 新疆吐鲁番市 08-04 05:55 -> 广东省云浮市 08-04 18:52 725 11892
[success] IHEARDthatyouask 天津市 08-05 06:35 -> 四川省彭州市 08-05 23:13 249 9858
[success] INSCRIPTIONS 广东省高要市 06-25 21:40 -> 新疆米泉市 06-26 14:38 1414 10904
[success] LeavesofGrass 辽宁省抚顺市 07-06 14:24 -> 新疆伊宁市 07-07 08:52 2834 8777
[success] LeavesofGrass 广东省四会市 08-03 15:39 -> 广东省花都市 08-04 01:39 2002 11377
[success] INSCRIPTIONS 贵州省清镇市 07-09 16:24 -> 广东省高要市 07-09 21:36 465 15846
[success] INSCRIPTIONS 贵州省清镇市 08-14 16:24 -> 北京市 08-15 06:40 1029 17445
[success] LeavesofGrass 福建省建阳市 06-28 21:19 -> 浙江省慈溪市 06-29 09:48 1525 15842
queue
15891354
Chen 陈陈 into.various@orders.a 2
16
[success] INSCRIPTIONS 黑龙江省五大连池市 07-07 19:22 -> 广东省高要市 07-07 21:36 292 17623
[pending] LeavesofGrass 宁夏石嘴山市 07-07 19:25 -> 新疆伊宁市 07-08 08:52 1855 13113
[success] LeavesofGrass 浙江省平湖市 07-29 08:59 -> 河北省河间市 07-29 18:01 1560 1412
[pending] LeavesofGrass 辽宁省抚顺市 07-07 14:24 -> 新疆博乐市 07-08 06:04 2432 6299
[success] puzzletheNewWorld 黑龙江省尚志市 07-03 20:11 -> 北京市 07-04 02:45 159 4645
[success] LeavesofGrass 新疆塔城市 08-04 07:38 -> 浙江省慈溪市 08-05 09:48 3997 2517
[success] puzzletheNewWorld 辽宁省辽阳市 07-29 13:05 -> 河南省登封市 07-30 09:52 1419 8831
[success] LeavesofGrass 湖南省衡阳市 07-20 16:20 -> 广东省花都市 07-21 01:39 1762 1642
[success] INSCRIPTIONS 贵州省清镇市 07-02 16:24 -> 广东省惠阳市 07-03 01:32 618 4782
[success] LeavesofGrass 辽宁省抚顺市 07-20 14:24 -> 宁夏石嘴山市 07-20 19:18 979 10955
[success] LeavesofGrass 浙江省杭州市 07-16 11:52 -> 宁夏石嘴山市 07-16 19:18 1381 1292
[success] LeavesofGrass 广东省花都市 07-06 01:43 -> 河南省偃师市 07-06 03:28 232 4211
[success] LeavesofGrass 浙江省平湖市 07-25 08:59 -> 新疆博乐市 07-26 06:04 3234 18135
[success] INSCRIPTIONS 广东省惠阳市 07-05 01:41 -> 新疆米泉市 07-05 14:38 1261 11666
[success] LeavesofGrass 陕西省安康市 07-14 17:25 -> 新疆伊宁市 07-15 08:52 2101 1354
[success] LeavesofGrass 新疆博乐市 08-01 06:11 -> 新疆伊宁市 08-01 08:52 402 13810
Matoimaru 缠丸 nobility.and@in.fact 1
0
-1
1
TOtheeoldcause 北京市 08-24 05:54 -> 湖北省宜昌市 08-24 10:47 424 90891
1
puzzletheNewWorld 辽宁省辽阳市 08-07 13:05 -> 河南省登封市 08-08 09:52 1419 35708
queue
1
puzzletheNewWorld 河南省登封市 07-09 09:56 -> 四川省绵竹市 07-09 14:44 299 43263
1
LeavesofGrass 浙江省平湖市 07-16 08:59 -> 河南省灵宝市 07-16 23:39 2695 2521
6212555
-1
-1
Vermeil 红云 production@The.place 1
1
AwarOsoldiersno 广东省潮州市 07-16 22:04 -> 湖北省广水市 07-17 04:39 1603 34034
Texas 德克萨斯 of.whole.industrial@armies.the 1
-1
805968
1
INSCRIPTIONS 贵州省清镇市 07-03 16:24 -> 广东省高要市 07-03 21:36 465 59745
Beagle 米格 Europethe.spectre@of.Communism 4
Rope 暗索 pushed.on.one@side.by 1
Silence 赫默 stood.in.constant@opposition.t 1
1
TOFOREIGNLANDS 北京市 07-03 02:59 -> 江西省鹰潭市 07-03 08:37 313 92870
Mostima 莫斯提马 of.the.earliest@towns.From 2
-1
1
whatyouwanted 辽宁省盖州市 07-29 20:30 -> 广东省高州市 07-30 10:58 2508 30519
5421080
1
INSCRIPTIONS 北京市 07-22 06:46 -> 湖北省枣阳市 07-22 11:59 688 56986
2
everwillbereally 天津市 07-17 08:47 -> 湖南省汩罗市 07-17 09:12 395 91355
ThereforeIsendyou 天津市 07-17 17:39 -> 湖南省汩罗市 07-17 22:09 231 3759
1
TOFOREIGNLANDS 浙江省临安市 08-03 21:04 -> 四川省攀枝花市 08-04 20:01 2680 82002
1
LEAVESOFGRASS 山西省介休市 07-23 11:40 -> 浙江省兰溪市 07-24 09:00 3266 67839
2388540
0
1
Afterastrangesad 黑龙江省穆棱市 08-07 03:55 -> 北京市 08-07 20:52 2994 68496
Gravel 砾砾 that.each.time@ended.either 1
26779809
1
TOTHEEOLDCAUSE 山东省聊城市 06-12 13:46 -> 安徽省桐城市 06-13 11:13 1900 28590
Conviction 断罪 vanished.in@the.face 2
1
puzzletheNewWorld 湖南省岳阳市 08-11 17:01 -> 四川省绵竹市 08-12 14:44 1339 47885
1
TOtheeoldcause 北京市 08-02 05:54 -> 湖北省宜昌市 08-02 10:47 424 90891
FEater 食铁兽 the.worldmarket@conquered.for 1
1
Deathlessthroughout 河北省安国市 07-07 10:54 -> 山东省莱芜市 07-07 17:32 796 73160
1
INSCRIPTIONS 云南省安宁市 07-29 20:50 -> 广东省惠阳市 07-30 01:32 289 35865
Cutter 刻刀 France.afterwards@in.the 1
-1
Estelle 艾丝黛 Middle.Ages@We.see 3
1
TOtheeoldcause 北京市 08-15 05:54 -> 湖北省宜昌市 08-15 10:47 424 90891
-1
-1
2617020
1
Afterastrangesad 黑龙江省绥芬河市 08-23 19:36 -> 云南省昆明市 08-25 01:11 4528 68496
1
TOFOREIGNLANDS 浙江省临安市 07-11 21:04 -> 北京市 07-12 02:50 912 92870
queue
1
Deathlessthroughout 福建省长乐市 07-26 07:14 -> 山东省威海市 07-26 21:57 1386 73160
-1
35
[pending] LeavesofGrass 浙江省杭州市 07-01 11:52 -> 浙江省慈溪市 07-02 09:48 3306 20491
[success] TOFOREIGNLANDS 河北省张家口市 07-14 22:51 -> 湖北省洪湖市 07-15 11:19 1301 18800
[success] INSCRIPTIONS 广东省高要市 07-13 21:40 -> 江苏省扬州市 07-14 08:14 764 15579
[success] INSCRIPTIONS 贵州省清镇市 08-10 16:24 -> 江苏省扬州市 08-11 08:14 1229 12831
[success] IHEARDthatyouask 新疆吐鲁番市 07-14 05:55 -> 四川省彭州市 07-14 23:13 745 20174
[success] LeavesofGrass 福建省建阳市 07-07 21:19 -> 黑龙江省海林市 07-07 22:46 14 2380
[success] LeavesofGrass 湖南省衡阳市 07-31 16:20 -> 浙江省慈溪市 08-01 09:48 2659 639
[success] LeavesofGrass 宁夏石嘴山市 07-06 19:25 -> 河南省灵宝市 07-06 23:39 914 1423
[success] LeavesofGrass 陕西省安康市 07-07 17:25 -> 河北省河间市 07-07 18:01 25 18368
[success] LeavesofGrass 河南省偃师市 07-26 03:31 -> 浙江省慈溪市 07-26 09:48 665 15766
[success] puzzletheNewWorld 湖南省岳阳市 06-15 17:01 -> 四川省绵竹市 06-16 14:44 1339 4148
[pending] LeavesofGrass 河北省河间市 07-31 18:11 -> 河南省灵宝市 07-31 23:39 1135 14907
[success] LeavesofGrass 浙江省平湖市 08-03 08:59 -> 湖南省衡阳市 08-03 16:17 1047 24365
[pending] LeavesofGrass 辽宁省抚顺市 07-15 14:24 -> 福建省建阳市 07-15 21:14 1379 22116
[success] LeavesofGrass 广东省四会市 07-17 15:39 -> 河南省偃师市 07-18 03:28 2234 17405
[success] LeavesofGrass 浙江省平湖市 07-26 08:59 -> 新疆博乐市 07-27 06:04 3234 19221
[success] LeavesofGrass 河南省灵宝市 07-18 23:45 -> 浙江省慈溪市 07-19 09:48 1011 15960
[success] LeavesofGrass 河南省偃师市 07-29 03:31 -> 新疆伊宁市 07-29 08:52 595 14170
[success] LeavesofGrass 广东省四会市 07-30 15:39 -> 陕西省安康市 07-30 17:15 728 16112
[success] LeavesofGrass 福建省建阳市 07-18 21:19 -> 河南省偃师市 07-19 03:28 860 3894
[success] LeavesofGrass 浙江省杭州市 07-08 11:52 -> 河南省灵宝市 07-08 23:39 2295 3624
[success] IHEARDthatyouask 新疆吐鲁番市 07-09 05:55 -> 广东省云浮市 07-09 18:52 725 18440
[success] INSCRIPTIONS 湖北省枣阳市 07-11 12:03 -> 新疆米泉市 07-11 14:38 162 17176
[success] LeavesofGrass 陕西省安康市 07-22 17:25 -> 河南省偃师市 07-23 03:28 1506 3718
[success] puzzletheNewWorld 湖南省岳阳市 06-30 17:01 -> 黑龙江省尚志市 06-30 20:04 426 1454
[pending] LeavesofGrass 浙江省杭州市 07-13 11:52 -> 河南省偃师市 07-14 03:28 2641 11233
[success] LeavesofGrass 福建省建阳市 07-24 21:19 -> 浙江省慈溪市 07-25 09:48 1525 10455
[success] LeavesofGrass 广东省四会市 07-06 15:39 -> 河南省偃师市 07-07 03:28 2234 14906
[success] INSCRIPTIONS 贵州省清镇市 08-06 16:24 -> 新疆米泉市 08-07 14:38 1879 5641
[success] INSCRIPTIONS 黑龙江省五大连池市 06-17 19:22 -> 湖北省枣阳市 06-18 11:59 1544 8923
[success] LeavesofGrass 河南省灵宝市 07-15 23:45 -> 广东省花都市 07-16 01:39 114 2769
[success] LeavesofGrass 广东省四会市 07-12 15:39 -> 新疆博乐市 07-13 06:04 2427 9684
[pending] LeavesofGrass 湖南省衡阳市 07-14 16:20 -> 新疆博乐市 07-15 06:04 2187 24112
[success] INSCRIPTIONS 广东省惠阳市 07-13 01:41 -> 湖北省枣阳市 07-13 11:59 1099 9374
[success] INSCRIPTIONS 黑龙江省五大连池市 06-18 19:22 -> 江苏省扬州市 06-19 08:14 1056 8250
9601952
13
[success] INSCRIPTIONS 广东省高要市 06-21 21:40 -> 北京市 06-22 06:40 564 4235
[success] INSCRIPTIONS 黑龙江省五大连池市 07-24 19:22 -> 湖北省枣阳市 07-25 11:59 1544 2145
[success] LeavesofGrass 河北省河间市 07-07 18:11 -> 福建省建阳市 07-07 21:14 621 5735
[success] Afterastrangesad 天津市 08-24 16:53 -> 山东省淄博市 08-25 19:22 4038 443
[success] IHEARDthatyouask 天津市 07-28 06:35 -> 广东省云浮市 07-28 18:52 229 6261
[success] IHEARDthatyouask 新疆吐鲁番市 07-16 05:55 -> 天津市 07-16 06:30 496 18603
[success] LeavesofGrass 宁夏石嘴山市 07-11 19:25 -> 新疆伊宁市 07-12 08:52 1855 68
[success] puzzletheNewWorld 北京市 08-18 02:54 -> 河南省登封市 08-18 09:52 455 4397
[success] LeavesofGrass 陕西省安康市 06-29 17:25 -> 河北省河间市 06-29 18:01 25 18897
[success] LeavesofGrass 陕西省安康市 07-13 17:25 -> 福建省建阳市 07-13 21:14 646 2201
[success] LeavesofGrass 宁夏石嘴山市 07-03 19:25 -> 浙江省慈溪市 07-04 09:48 1925 10671
[success] LeavesofGrass 辽宁省抚顺市 07-16 14:24 -> 黑龙江省海林市 07-16 22:46 1393 906
[success] LeavesofGrass 浙江省平湖市 07-13 08:59 -> 宁夏石嘴山市 07-13 19:18 1781 12437
34610
25990404
1
AwarOsoldiersno 甘肃省临夏市 07-15 17:10 -> 河南省登封市 07-16 03:48 2086 34034
904284
1
Thesechantsforthe 吉林省梅河口市 07-10 23:57 -> 甘肃省白银市 07-11 06:13 1057 60930
0
1
Ithinkallwarthr 辽宁省沈阳市 07-18 07:11 -> 江苏省宿迁市 07-18 14:50 612 86945
Skyfire 天火 published.in@the.English 1
1
Ithinkallwarthr 湖北省丹江口市 07-17 15:47 -> 辽宁省沈阳市 07-18 07:05 2557 86945
1
INSCRIPTIONS 广东省惠阳市 06-22 01:41 -> 湖北省枣阳市 06-22 11:59 1099 40153
Skyfire 天火 published.in@the.English 1
Ethan 伊桑 acknowledged@by.all 3
queue
6065381
Yato 夜刀 meet.this.nursery@tale.of 3
1
Afterastrangesad 山西省太原市 08-07 10:36 -> 山东省胶州市 08-07 11:06 202 68496
-1
1
LeavesofGrass 河北省河间市 07-23 18:11 -> 浙江省慈溪市 07-24 09:48 2146 2008
Angelina 安洁莉 two.great.classes@directly.fac 1
-1
6759350
0
1
Thesechantsforthe 浙江省江山市 07-19 16:55 -> 天津市 07-20 13:37 2198 60930
15405855
1
TOtheeoldcause 北京市 07-31 05:54 -> 湖北省宜昌市 07-31 10:47 424 90891
-1
-1
8513227
1
IHEARDthatyouask 天津市 07-10 06:35 -> 广东省云浮市 07-10 18:52 229 89961
1
INSCRIPTIONS 广东省高要市 07-12 21:40 -> 湖北省枣阳市 07-13 11:59 1252 47404
-1
Beagle 米格 feudal.ties@that.bound 4
5
[success] LeavesofGrass 新疆塔城市 07-07 07:38 -> 浙江省杭州市 07-07 11:46 691 654
[success] INSCRIPTIONS 贵州省清镇市 07-19 16:24 -> 广东省高要市 07-19 21:36 465 7635
[success] LeavesofGrass 湖南省衡阳市 07-28 16:20 -> 陕西省安康市 07-28 17:15 488 16540
[success] LeavesofGrass 湖南省衡阳市 07-16 16:20 -> 河北省河间市 07-16 18:01 513 10010
[success] LeavesofGrass 新疆博乐市 07-31 06:11 -> 浙江省慈溪市 07-31 09:48 472 14194
-1
Gummy 古米 commerce.to@navigation.to 1
1
LeavesofGrass 湖南省衡阳市 07-16 16:20 -> 陕西省安康市 07-16 17:15 488 17784
-1
1
IHEARDthatyouask 天津市 07-15 06:35 -> 四川省彭州市 07-15 23:13 249 70683
877346
2529162
2
Deathlessthroughout 广东省高要市 08-09 01:15 -> 北京市 08-09 04:10 22 73160
INSCRIPTIONS 广东省高要市 08-09 21:40 -> 北京市 08-10 06:40 564 50245
9701980
1
LEAVESOFGRASS 贵州省赤水市 07-22 15:23 -> 广东省南海市 07-23 02:03 1374 67839
0
-1
0
queue
9
[success] IHEARDthatyouask 天津市 07-28 06:35 -> 广东省云浮市 07-28 18:52 229 17850
[success] puzzletheNewWorld 北京市 07-27 02:54 -> 四川省绵竹市 07-27 14:44 754 6514
[success] INSCRIPTIONS 广东省惠阳市 08-22 01:41 -> 新疆米泉市 08-22 14:38 1261 11178
[success] INSCRIPTIONS 云南省安宁市 07-09 20:50 -> 新疆米泉市 07-10 14:38 1550 15196
[success] LeavesofGrass 浙江省杭州市 07-13 11:52 -> 辽宁省抚顺市 07-13 14:21 402 8537
[success] IHEARDthatyouask 天津市 08-02 06:35 -> 广东省云浮市 08-02 18:52 229 4630
[success] INSCRIPTIONS 贵州省清镇市 06-25 16:24 -> 广东省惠阳市 06-26 01:32 618 2934
[success] IHEARDthatyouask 新疆吐鲁番市 07-29 05:55 -> 广东省云浮市 07-29 18:52 725 6789
[success] IHEARDthatyouask 天津市 08-01 06:35 -> 广东省云浮市 08-01 18:52 229 15893
Ethan 伊桑 acknowledged@by.all 3
415638
Gummy 古米 commerce.to@navigation.to 1
Executor 送葬人 history.of@all.hitherto 1
1
AndtodefineAmeric 吉林省图们市 08-12 10:50 -> 北京市 08-12 22:38 1809 80198
Greyy 格雷 a.committee@for.managing 4
9645753
15657222
0
1
IHEARDthatyouask 新疆吐鲁番市 08-04 05:55 -> 广东省云浮市 08-04 18:52 725 45415
14
[success] LeavesofGrass 陕西省安康市 07-13 17:25 -> 河北省河间市 07-13 18:01 25 2288
[success] LeavesofGrass 浙江省平湖市 06-28 08:59 -> 辽宁省抚顺市 06-28 14:21 802 13966
[success] INSCRIPTIONS 北京市 07-21 06:46 -> 湖北省枣阳市 07-21 11:59 688 9612
[success] INSCRIPTIONS 贵州省清镇市 07-20 16:24 -> 江苏省扬州市 07-21 08:14 1229 10218
[success] LeavesofGrass 浙江省杭州市 07-26 11:52 -> 黑龙江省海林市 07-26 22:46 1795 4023
[success] INSCRIPTIONS 北京市 06-15 06:46 -> 新疆米泉市 06-15 14:38 850 4777
[success] LeavesofGrass 辽宁省抚顺市 07-08 14:24 -> 河南省灵宝市 07-08 23:39 1893 11679
[success] LeavesofGrass 浙江省平湖市 07-21 08:59 -> 新疆伊宁市 07-22 08:52 3636 21582
[success] Afterastrangesad 四川省广元市 07-31 16:17 -> 山东省淄博市 07-31 19:22 466 10501
[success] LeavesofGrass 湖南省衡阳市 08-04 16:20 -> 河南省灵宝市 08-04 23:39 1648 5213
[success] TOtheeoldcause 天津市 08-10 17:57 -> 北京市 08-11 05:48 393 5825
[success] IHEARDthatyouask 天津市 07-08 06:35 -> 广东省云浮市 07-08 18:52 229 10199
[success] LeavesofGrass 新疆塔城市 07-07 07:38 -> 陕西省安康市 07-07 17:15 1826 20614
[success] LeavesofGrass 广东省四会市 07-06 15:39 -> 新疆伊宁市 07-07 08:52 2829 2707
2026480
1
AndtodefineAmeric 吉林省图们市 06-30 10:50 -> 湖北省孝感市 07-01 09:22 2400 80198
1
Ithinkallwarthr 海南省万宁市 07-17 00:56 -> 河南省濮阳市 07-17 03:47 419 86945
Hellagur 赫拉格 The.manufacturing@system.took 1
-1
1
TOFOREIGNLANDS 浙江省乐清市 07-13 16:28 -> 重庆市江津市 07-14 00:04 1278 92870
1
Deathlessthroughout 广东省高要市 07-18 01:15 -> 浙江省余姚市 07-18 13:09 850 73160
Beagle 米格 feudal.ties@that.bound 4
0
Aak 阿阿 in.almost.all@of.these 1
-1
-1
36375918
16438980
1
Afterastrangesad 贵州省清镇市 08-26 02:07 -> 四川省巴中市 08-26 08:20 1241 68496
1
TOFOREIGNLANDS 辽宁省铁岭市 06-16 12:14 -> 浙江省乐清市 06-16 16:23 278 92870
2039277
queue
1
Deathlessthroughout 湖北省黄冈市 07-08 17:45 -> 辽宁省沈阳市 07-08 21:47 340 73160
11538405
1167985
-1
241900
1
TOTHEEOLDCAUSE 吉林省长春市 07-18 04:55 -> 广东省湛江市 07-18 19:57 1297 33971
Ethan 伊桑 acknowledged@by.all 3
1
puzzletheNewWorld 辽宁省辽阳市 08-11 13:05 -> 北京市 08-12 02:45 964 47885
27461766
1143974
Estelle 艾丝黛 Middle.Ages@We.see 3
Lappland 拉普兰德 the.mediaeval@commune.here 1
14817301
Plume 翎羽 serf.guildmaster@and.journeyma 2
Firewatch 守林人 opponents.in@power.Where 2
13
[success] INSCRIPTIONS 广东省高要市 06-21 21:40 -> 北京市 06-22 06:40 564 4235
[success] INSCRIPTIONS 黑龙江省五大连池市 07-24 19:22 -> 湖北省枣阳市 07-25 11:59 1544 2145
[success] LeavesofGrass 河北省河间市 07-07 18:11 -> 福建省建阳市 07-07 21:14 621 5735
[success] Afterastrangesad 天津市 08-24 16:53 -> 山东省淄博市 08-25 19:22 4038 443
[success] IHEARDthatyouask 天津市 07-28 06:35 -> 广东省云浮市 07-28 18:52 229 6261
[success] IHEARDthatyouask 新疆吐鲁番市 07-16 05:55 -> 天津市 07-16 06:30 496 18603
[success] LeavesofGrass 宁夏石嘴山市 07-11 19:25 -> 新疆伊宁市 07-12 08:52 1855 68
[success] puzzletheNewWorld 北京市 08-18 02:54 -> 河南省登封市 08-18 09:52 455 4397
[success] LeavesofGrass 陕西省安康市 06-29 17:25 -> 河北省河间市 06-29 18:01 25 18897
[success] LeavesofGrass 陕西省安康市 07-13 17:25 -> 福建省建阳市 07-13 21:14 646 2201
[success] LeavesofGrass 宁夏石嘴山市 07-03 19:25 -> 浙江省慈溪市 07-04 09:48 1925 10671
[success] LeavesofGrass 辽宁省抚顺市 07-16 14:24 -> 黑龙江省海林市 07-16 22:46 1393 906
[success] LeavesofGrass 浙江省平湖市 07-13 08:59 -> 宁夏石嘴山市 07-13 19:18 1781 12437
2073691
0
-1
1
IHEARDthatyouask 新疆吐鲁番市 07-26 05:55 -> 天津市 07-26 06:30 496 24179
Shining 闪灵 the.Spectre@of.Communism 2
1786190
1
Deathlessthroughout 广东省高要市 07-13 01:15 -> 吉林省长春市 07-13 23:22 1600 73160
Ambriel 安比 itself.in.the@modern.represent 1
queue
11099040
SilverAsh 银灰 feudal.lords@vassals.guildmast 1
1724976
-1
-1
-1
Firewatch 守林人 opponents.in@power.Where 2
Cardigan 卡缇 the.markets@kept.ever 1
13372612
W 达不溜 in.each.single@workshop.Meanti 1
INSCRIPTIONS 广东省惠阳市 06-16 01:41 -> 北京市 06-16 06:40 411 67686
LEAVESOFGRASS 北京市 07-06 03:56 -> 江苏省高邮市 07-06 10:34 974 67839
-1
-1
Cuora 蛇屠 there.taxable@third.estate 1
0
-1
-1
-1
5054030
queue
25
[success] ThereforeIsendyou 新疆喀什市 07-21 02:53 -> 安徽省宁国市 07-21 19:16 977 898
[success] IHEARDthatyouask 新疆吐鲁番市 08-07 05:55 -> 四川省彭州市 08-07 23:13 745 18804
[pending] LeavesofGrass 宁夏石嘴山市 07-11 19:25 -> 福建省建阳市 07-11 21:14 400 17791
[success] IHEARDthatyouask 广东省云浮市 07-21 19:00 -> 四川省彭州市 07-21 23:13 20 12236
[success] puzzletheNewWorld 黑龙江省尚志市 07-22 20:11 -> 河南省登封市 07-23 09:52 614 7048
[pending] LeavesofGrass 辽宁省抚顺市 07-07 14:24 -> 河南省偃师市 07-08 03:28 2239 23230
[pending] LeavesofGrass 浙江省杭州市 06-29 11:52 -> 新疆博乐市 06-30 06:04 2834 4682
[success] puzzletheNewWorld 辽宁省辽阳市 07-09 13:05 -> 湖南省岳阳市 07-09 16:56 379 5788
[success] INSCRIPTIONS 广东省惠阳市 06-29 01:41 -> 新疆米泉市 06-29 14:38 1261 12891
[pending] LeavesofGrass 新疆塔城市 07-16 07:38 -> 河南省偃师市 07-17 03:28 3332 12669
[pending] LeavesofGrass 浙江省杭州市 08-01 11:52 -> 黑龙江省海林市 08-01 22:46 1795 13201
[success] LeavesofGrass 广东省花都市 08-02 01:43 -> 新疆伊宁市 08-02 08:52 827 7253
[success] INSCRIPTIONS 云南省安宁市 07-01 20:50 -> 广东省惠阳市 07-02 01:32 289 15370
[success] LeavesofGrass 浙江省平湖市 08-01 08:59 -> 湖南省衡阳市 08-01 16:17 1047 2451
[pending] LeavesofGrass 浙江省平湖市 07-04 08:59 -> 河南省偃师市 07-05 03:28 3041 16680
[success] INSCRIPTIONS 广东省高要市 07-09 21:40 -> 新疆米泉市 07-10 14:38 1414 7623
[success] puzzletheNewWorld 辽宁省辽阳市 07-27 13:05 -> 北京市 07-28 02:45 964 1457
[success] LeavesofGrass 新疆博乐市 07-31 06:11 -> 浙江省慈溪市 07-31 09:48 472 15986
[success] INSCRIPTIONS 黑龙江省五大连池市 08-04 19:22 -> 广东省惠阳市 08-05 01:32 445 1123
[pending] LeavesofGrass 河南省灵宝市 07-26 23:45 -> 新疆伊宁市 07-27 08:52 941 24332
[success] LeavesofGrass 河南省灵宝市 06-30 23:45 -> 浙江省慈溪市 07-01 09:48 1011 7239
[success] INSCRIPTIONS 云南省安宁市 08-15 20:50 -> 新疆米泉市 08-16 14:38 1550 11880
[success] IHEARDthatyouask 广东省云浮市 07-10 19:00 -> 四川省彭州市 07-10 23:13 20 12581
[success] LeavesofGrass 浙江省平湖市 07-31 08:59 -> 新疆博乐市 08-01 06:04 3234 4582
[success] LeavesofGrass 福建省建阳市 07-12 21:19 -> 新疆伊宁市 07-13 08:52 1455 22986
1401372
-1
Meteorite 陨星 bourgeoisie@was.accompanied 3
-1
10720544
412480
1
LEAVESOFGRASS 新疆乌苏市 07-27 12:59 -> 河南省安阳市 07-27 18:14 1133 67839
Angelina 安洁莉 two.great.classes@directly.fac 1
-1
1
LEAVESOFGRASS 北京市 08-10 03:56 -> 内蒙额尔古纳市 08-10 11:22 1126 67839
18
[success] LeavesofGrass 河南省偃师市 07-07 03:31 -> 新疆伊宁市 07-07 08:52 595 3002
[success] INSCRIPTIONS 云南省安宁市 08-19 20:50 -> 湖北省枣阳市 08-20 11:59 1388 1460
[success] INSCRIPTIONS 黑龙江省五大连池市 07-07 19:22 -> 广东省高要市 07-07 21:36 292 17623
[pending] LeavesofGrass 宁夏石嘴山市 07-07 19:25 -> 新疆伊宁市 07-08 08:52 1855 13113
[success] LeavesofGrass 浙江省平湖市 07-29 08:59 -> 河北省河间市 07-29 18:01 1560 1412
[pending] LeavesofGrass 辽宁省抚顺市 07-07 14:24 -> 新疆博乐市 07-08 06:04 2432 6299
[success] puzzletheNewWorld 黑龙江省尚志市 07-03 20:11 -> 北京市 07-04 02:45 159 4645
[success] LeavesofGrass 新疆塔城市 08-04 07:38 -> 浙江省慈溪市 08-05 09:48 3997 2517
[success] puzzletheNewWorld 辽宁省辽阳市 07-29 13:05 -> 河南省登封市 07-30 09:52 1419 8831
[success] LeavesofGrass 湖南省衡阳市 07-20 16:20 -> 广东省花都市 07-21 01:39 1762 1642
[success] INSCRIPTIONS 贵州省清镇市 07-02 16:24 -> 广东省惠阳市 07-03 01:32 618 4782
[success] LeavesofGrass 辽宁省抚顺市 07-20 14:24 -> 宁夏石嘴山市 07-20 19:18 979 10955
[success] LeavesofGrass 浙江省杭州市 07-16 11:52 -> 宁夏石嘴山市 07-16 19:18 1381 1292
[success] LeavesofGrass 广东省花都市 07-06 01:43 -> 河南省偃师市 07-06 03:28 232 4211
[success] LeavesofGrass 浙江省平湖市 07-25 08:59 -> 新疆博乐市 07-26 06:04 3234 18135
[success] INSCRIPTIONS 广东省惠阳市 07-05 01:41 -> 新疆米泉市 07-05 14:38 1261 11666
[success] LeavesofGrass 陕西省安康市 07-14 17:25 -> 新疆伊宁市 07-15 08:52 2101 1354
[success] LeavesofGrass 新疆博乐市 08-01 06:11 -> 新疆伊宁市 08-01 08:52 402 13810
Hibiscus 芙蓉 Communistic@by.its 1
-1
Shamare 巫恋 rising.Even@manufacture.no 1
9994128
8117613
Liskarm 雷蛇 of.the.feudal@nobility.an 1
-1
-1
20917302
129019
-1
1
TOtheeoldcause 北京市 08-29 05:54 -> 湖北省宜昌市 08-29 10:47 424 90891
0
12
[success] LeavesofGrass 河南省灵宝市 08-04 23:45 -> 新疆伊宁市 08-05 08:52 941 9047
[pending] LeavesofGrass 陕西省安康市 07-07 17:25 -> 福建省建阳市 07-07 21:14 646 22951
[pending] LeavesofGrass 浙江省平湖市 07-10 08:59 -> 福建省建阳市 07-10 21:14 2181 4392
[success] ThereforeIsendyou 湖南省汩罗市 07-31 22:12 -> 山东省胶南市 08-01 10:01 843 342
[pending] LeavesofGrass 福建省建阳市 07-30 21:19 -> 新疆伊宁市 07-31 08:52 1455 11899
[success] LeavesofGrass 河北省河间市 07-01 18:11 -> 宁夏石嘴山市 07-01 19:18 221 18923
[success] INSCRIPTIONS 广东省惠阳市 07-03 01:41 -> 新疆米泉市 07-03 14:38 1261 821
[success] LeavesofGrass 福建省建阳市 07-10 21:19 -> 河南省灵宝市 07-10 23:39 514 11446
[success] LeavesofGrass 湖南省衡阳市 06-30 16:20 -> 河南省偃师市 07-01 03:28 1994 5461
[success] LeavesofGrass 辽宁省抚顺市 07-01 14:24 -> 陕西省安康市 07-01 17:15 733 9467
[success] LeavesofGrass 广东省四会市 07-04 15:39 -> 陕西省安康市 07-04 17:15 728 719
[success] LeavesofGrass 新疆塔城市 07-16 07:38 -> 黑龙江省海林市 07-16 22:46 2486 3890
1
AndtodefineAmeric 吉林省图们市 08-11 10:50 -> 山东省胶州市 08-11 12:15 93 80198
1
Deathlessthroughout 福建省长乐市 08-06 07:14 -> 山东省威海市 08-06 21:57 1386 73160
queue
10631600
1140608
-1
queue
-1
1
IHEARDthatyouask 新疆吐鲁番市 07-17 05:55 -> 四川省彭州市 07-17 23:13 745 64835
17
[success] INSCRIPTIONS 黑龙江省五大连池市 07-11 19:22 -> 湖北省枣阳市 07-12 11:59 1544 522
[success] IHEARDthatyouask 新疆吐鲁番市 07-20 05:55 -> 四川省彭州市 07-20 23:13 745 1700
[success] INSCRIPTIONS 北京市 07-23 06:46 -> 湖北省枣阳市 07-23 11:59 688 524
[success] TOTHEEOLDCAUSE 吉林省长春市 06-13 04:55 -> 安徽省桐城市 06-13 11:13 777 5381
[success] TOTHEEOLDCAUSE 新疆库尔勒市 06-09 16:36 -> 四川省绵阳市 06-10 17:54 1769 8078
[success] INSCRIPTIONS 贵州省清镇市 06-28 16:24 -> 湖北省枣阳市 06-29 11:59 1717 10161
[success] LeavesofGrass 黑龙江省海林市 07-28 22:56 -> 浙江省慈溪市 07-29 09:48 1511 6947
[success] INSCRIPTIONS 云南省安宁市 06-19 20:50 -> 湖北省枣阳市 06-20 11:59 1388 13606
[success] IHEARDthatyouask 广东省云浮市 07-19 19:00 -> 四川省彭州市 07-19 23:13 20 12029
[success] LeavesofGrass 广东省四会市 07-08 15:39 -> 广东省花都市 07-09 01:39 2002 7390
[success] INSCRIPTIONS 贵州省清镇市 08-08 16:24 -> 江苏省扬州市 08-09 08:14 1229 8976
[success] IHEARDthatyouask 新疆吐鲁番市 07-12 05:55 -> 广东省云浮市 07-12 18:52 725 13704
[success] puzzletheNewWorld 河南省登封市 08-11 09:56 -> 四川省绵竹市 08-11 14:44 299 5067
[success] INSCRIPTIONS 黑龙江省五大连池市 08-10 19:22 -> 北京市 08-11 06:40 856 2439
[success] LeavesofGrass 浙江省平湖市 07-23 08:59 -> 福建省建阳市 07-23 21:14 2181 19980
[success] puzzletheNewWorld 湖南省岳阳市 07-20 17:01 -> 黑龙江省尚志市 07-20 20:04 426 8140
[success] LeavesofGrass 陕西省安康市 07-12 17:25 -> 广东省花都市 07-13 01:39 1274 9890
1
Ithinkallwarthr 北京市 07-07 07:42 -> 河南省濮阳市 07-08 03:47 2545 86945
queue
-1
12838606
4921020
-1
29585380
-1
478203
queue
1
puzzletheNewWorld 辽宁省辽阳市 06-29 13:05 -> 四川省绵竹市 06-30 14:44 1718 47885
16
[pending] LeavesofGrass 陕西省安康市 07-09 17:25 -> 新疆伊宁市 07-10 08:52 2101 10111
[success] LeavesofGrass 河北省河间市 07-14 18:11 -> 河南省灵宝市 07-14 23:39 1135 8548
[success] IHEARDthatyouask 新疆吐鲁番市 07-22 05:55 -> 四川省彭州市 07-22 23:13 745 20679
[success] TOFOREIGNLANDS 河北省张家口市 07-07 22:51 -> 四川省攀枝花市 07-08 20:01 2268 18348
[success] LeavesofGrass 辽宁省抚顺市 06-28 14:24 -> 黑龙江省海林市 06-28 22:46 1393 1233
[success] TOFOREIGNLANDS 浙江省临安市 07-28 21:04 -> 湖北省洪湖市 07-29 11:19 1713 12983
[success] IHEARDthatyouask 天津市 08-03 06:35 -> 广东省云浮市 08-03 18:52 229 9042
[success] LeavesofGrass 新疆塔城市 07-22 07:38 -> 浙江省杭州市 07-22 11:46 691 1160
[success] INSCRIPTIONS 江苏省扬州市 08-05 08:17 -> 新疆米泉市 08-05 14:38 650 1736
[success] INSCRIPTIONS 贵州省清镇市 08-03 16:24 -> 江苏省扬州市 08-04 08:14 1229 17489
[success] puzzletheNewWorld 湖南省岳阳市 07-11 17:01 -> 北京市 07-12 02:45 585 6682
[success] INSCRIPTIONS 北京市 08-22 06:46 -> 江苏省扬州市 08-22 08:14 200 16819
[success] LeavesofGrass 辽宁省抚顺市 07-22 14:24 -> 河南省灵宝市 07-22 23:39 1893 23313
[success] LeavesofGrass 浙江省杭州市 07-03 11:52 -> 河北省河间市 07-03 18:01 1160 1135
[success] LeavesofGrass 广东省四会市 07-22 15:39 -> 福建省建阳市 07-22 21:14 1374 1717
[success] LeavesofGrass 黑龙江省海林市 07-06 22:56 -> 广东省花都市 07-07 01:39 614 12429
0
0
1
Ithinkallwarthr 湖北省石首市 08-10 19:21 -> 安徽省宣州市 08-10 20:02 80 86945
Elysium 极境 has.simplified@the.class 3
1
AwarOsoldiersno 黑龙江省富锦市 07-06 01:02 -> 甘肃省临夏市 07-06 17:02 2295 34034
1474308
1
everwillbereally 辽宁省朝阳市 08-14 00:55 -> 云南省瑞丽市 08-14 04:32 838 91355
Sideroca 铸铁 rising.bourgeoisie@The.EastInd 1
-1
1
IHEARDthatyouask 广东省云浮市 07-25 19:00 -> 四川省彭州市 07-25 23:13 20 53174
3150225
5180370
-1
0
Vulcan 火神 commodities@generally.gave 2
-1
Beagle 米格 feudal.ties@that.bound 4
73538286
18
[success] LeavesofGrass 河南省偃师市 07-07 03:31 -> 新疆伊宁市 07-07 08:52 595 3002
[success] INSCRIPTIONS 云南省安宁市 08-19 20:50 -> 湖北省枣阳市 08-20 11:59 1388 1460
[success] INSCRIPTIONS 黑龙江省五大连池市 07-07 19:22 -> 广东省高要市 07-07 21:36 292 17623
[pending] LeavesofGrass 宁夏石嘴山市 07-07 19:25 -> 新疆伊宁市 07-08 08:52 1855 13113
[success] LeavesofGrass 浙江省平湖市 07-29 08:59 -> 河北省河间市 07-29 18:01 1560 1412
[pending] LeavesofGrass 辽宁省抚顺市 07-07 14:24 -> 新疆博乐市 07-08 06:04 2432 6299
[success] puzzletheNewWorld 黑龙江省尚志市 07-03 20:11 -> 北京市 07-04 02:45 159 4645
[success] LeavesofGrass 新疆塔城市 08-04 07:38 -> 浙江省慈溪市 08-05 09:48 3997 2517
[success] puzzletheNewWorld 辽宁省辽阳市 07-29 13:05 -> 河南省登封市 07-30 09:52 1419 8831
[success] LeavesofGrass 湖南省衡阳市 07-20 16:20 -> 广东省花都市 07-21 01:39 1762 1642
[success] INSCRIPTIONS 贵州省清镇市 07-02 16:24 -> 广东省惠阳市 07-03 01:32 618 4782
[success] LeavesofGrass 辽宁省抚顺市 07-20 14:24 -> 宁夏石嘴山市 07-20 19:18 979 10955
[success] LeavesofGrass 浙江省杭州市 07-16 11:52 -> 宁夏石嘴山市 07-16 19:18 1381 1292
[success] LeavesofGrass 广东省花都市 07-06 01:43 -> 河南省偃师市 07-06 03:28 232 4211
[success] LeavesofGrass 浙江省平湖市 07-25 08:59 -> 新疆博乐市 07-26 06:04 3234 18135
[success] INSCRIPTIONS 广东省惠阳市 07-05 01:41 -> 新疆米泉市 07-05 14:38 1261 11666
[success] LeavesofGrass 陕西省安康市 07-14 17:25 -> 新疆伊宁市 07-15 08:52 2101 1354
[success] LeavesofGrass 新疆博乐市 08-01 06:11 -> 新疆伊宁市 08-01 08:52 402 13810
17
[success] Ithinkallwarthr 浙江省东阳市 07-06 13:07 -> 江西省丰城市 07-06 16:52 481 10770
[success] puzzletheNewWorld 湖南省岳阳市 07-25 17:01 -> 北京市 07-26 02:45 585 5385
[success] INSCRIPTIONS 湖北省枣阳市 08-21 12:03 -> 新疆米泉市 08-21 14:38 162 5582
[pending] LeavesofGrass 陕西省安康市 07-06 17:25 -> 河北省河间市 07-06 18:01 25 12305
[success] whatyouwanted 安徽省阜阳市 07-11 08:24 -> 吉林省四平市 07-11 18:18 2151 6964
[pending] LeavesofGrass 辽宁省抚顺市 07-04 14:24 -> 宁夏石嘴山市 07-04 19:18 979 7709
[success] LeavesofGrass 新疆塔城市 07-22 07:38 -> 辽宁省抚顺市 07-22 14:21 1093 8613
[pending] LeavesofGrass 浙江省平湖市 07-19 08:59 -> 广东省花都市 07-20 01:39 2809 8089
[success] puzzletheNewWorld 辽宁省辽阳市 07-08 13:05 -> 北京市 07-09 02:45 964 10738
[pending] LeavesofGrass 河南省灵宝市 07-11 23:45 -> 新疆博乐市 07-12 06:04 539 14357
[success] IHEARDthatyouask 广东省云浮市 07-10 19:00 -> 四川省彭州市 07-10 23:13 20 12521
[success] INSCRIPTIONS 贵州省清镇市 07-29 16:24 -> 江苏省扬州市 07-30 08:14 1229 12110
[success] INSCRIPTIONS 贵州省清镇市 07-20 16:24 -> 江苏省扬州市 07-21 08:14 1229 17160
[success] ThereforeIsendyou 新疆喀什市 06-30 02:53 -> 河南省驻马店市 06-30 13:30 789 524
[success] IHEARDthatyouask 广东省云浮市 07-17 19:00 -> 四川省彭州市 07-17 23:13 20 1400
[success] LeavesofGrass 新疆塔城市 08-01 07:38 -> 河南省灵宝市 08-01 23:39 2986 20534
[success] LeavesofGrass 陕西省安康市 07-19 17:25 -> 浙江省慈溪市 07-20 09:48 2171 4583
0
9
[pending] LeavesofGrass 浙江省杭州市 07-26 11:52 -> 新疆伊宁市 07-27 08:52 3236 20325
[success] LeavesofGrass 辽宁省抚顺市 08-02 14:24 -> 黑龙江省海林市 08-02 22:46 1393 3985
[success] LeavesofGrass 浙江省平湖市 07-18 08:59 -> 黑龙江省海林市 07-18 22:46 2195 4800
[pending] LeavesofGrass 新疆塔城市 07-06 07:38 -> 广东省花都市 07-07 01:39 3100 13331
[success] LeavesofGrass 陕西省安康市 07-11 17:25 -> 黑龙江省海林市 07-11 22:46 660 1436
[success] INSCRIPTIONS 广东省惠阳市 06-29 01:41 -> 北京市 06-29 06:40 411 8641
[success] LeavesofGrass 辽宁省抚顺市 07-23 14:24 -> 河南省灵宝市 07-23 23:39 1893 18081
[success] LeavesofGrass 广东省四会市 07-28 15:39 -> 陕西省安康市 07-28 17:15 728 341
[success] LeavesofGrass 宁夏石嘴山市 07-19 19:25 -> 福建省建阳市 07-19 21:14 400 16862
Croissant 可颂 torn.asunder@the.motley 1
Hoshiguma 星熊 is.high.time@that.Communists 2
20647480
1
ThereforeIsendyou 天津市 08-01 17:39 -> 山东省胶南市 08-02 10:01 1074 3759
Zima 凛冬 industrial@production.was 2
Bagpipe 风笛 bourgeoisie@is.itself 2
5052032
queue
1
AndtodefineAmeric 山东省高密市 07-13 13:02 -> 辽宁省朝阳市 07-13 18:41 988 80198
4509840
4517304
1009008
1
AwarOsoldiersno 安徽省宁国市 07-29 06:18 -> 吉林省龙井市 07-29 14:03 1087 34034
-1
Matoimaru 缠丸 nobility.and@in.fact 1
0
16482875
0
Lava 炎熔 modern.bourgeois@Modern.indust 1
Grani 格拉尼 serfs.of.the@Middle.Ages 1
1
LeavesofGrass 陕西省安康市 07-22 17:25 -> 河南省灵宝市 07-22 23:39 1160 4602
-1
1580832
7486800
1
whatyouwanted 湖北省利川市 07-15 22:30 -> 四川省华蓥市 07-16 09:33 1362 25783
1
whatyouwanted 甘肃省兰州市 07-19 21:27 -> 吉林省双辽市 07-20 14:29 2306 30519
-1
Meteor 流星 The.executive@of.the 1
1
AndtodefineAmeric 山东省胶州市 07-11 12:18 -> 北京市 07-11 22:38 1716 80198
-1
Cutter 刻刀 France.afterwards@in.the 1
Sesa 慑砂 This.market@has.given 1
1
AndtodefineAmeric 云南省保山市 07-31 09:33 -> 辽宁省朝阳市 07-31 18:41 1721 80198
0
1262493
1
INSCRIPTIONS 云南省安宁市 06-22 20:50 -> 广东省惠阳市 06-23 01:32 289 43798
1
ThereforeIsendyou 湖南省汩罗市 07-01 22:12 -> 河南省驻马店市 07-02 13:30 1287 3759
Aak 阿阿 in.almost.all@of.these 1
Franka 芙兰 relations.It@has.pitilessly 1
Sussurro 苏苏 to.industry@an.impulse 2
0
1
TOFOREIGNLANDS 北京市 08-08 02:59 -> 辽宁省铁岭市 08-08 12:11 885 92870
1
whatyouwanted 湖北省利川市 08-01 22:30 -> 新疆阿克苏市 08-02 15:55 2585 30519
-1
GreyThroat 灰喉 Freeman.and@slave.patrician 1
8371565
Bagpipe 风笛 bourgeoisie@is.itself 2
1
TOtheeoldcause 北京市 08-22 05:54 -> 湖北省宜昌市 08-22 10:47 424 90891
11257216
1
Farfarmorestood 辽宁省沈阳市 07-28 18:29 -> 河南省焦作市 07-29 05:03 2382 82959
1
Thesechantsforthe 宁夏银川市 08-14 00:55 -> 吉林省图们市 08-14 11:16 839 60930
Adnachiel 安德切 and.has.left@remaining.no 2
-1
1
Ithinkallwarthr 北京市 07-05 07:42 -> 湖北省石首市 07-05 19:18 1247 86945
Firewatch 守林人 opponents.in@power.Where 2
Grani 格拉尼 serfs.of.the@Middle.Ages 1
19
[success] LeavesofGrass 湖南省衡阳市 07-08 16:20 -> 河北省河间市 07-08 18:01 513 2461
[success] LeavesofGrass 河南省偃师市 07-07 03:31 -> 新疆伊宁市 07-07 08:52 595 3002
[success] INSCRIPTIONS 云南省安宁市 08-19 20:50 -> 湖北省枣阳市 08-20 11:59 1388 1460
[success] INSCRIPTIONS 黑龙江省五大连池市 07-07 19:22 -> 广东省高要市 07-07 21:36 292 17623
[pending] LeavesofGrass 宁夏石嘴山市 07-07 19:25 -> 新疆伊宁市 07-08 08:52 1855 13113
[success] LeavesofGrass 浙江省平湖市 07-29 08:59 -> 河北省河间市 07-29 18:01 1560 1412
[pending] LeavesofGrass 辽宁省抚顺市 07-07 14:24 -> 新疆博乐市 07-08 06:04 2432 6299
[success] puzzletheNewWorld 黑龙江省尚志市 07-03 20:11 -> 北京市 07-04 02:45 159 4645
[success] LeavesofGrass 新疆塔城市 08-04 07:38 -> 浙江省慈溪市 08-05 09:48 3997 2517
[success] puzzletheNewWorld 辽宁省辽阳市 07-29 13:05 -> 河南省登封市 07-30 09:52 1419 8831
[success] LeavesofGrass 湖南省衡阳市 07-20 16:20 -> 广东省花都市 07-21 01:39 1762 1642
[success] INSCRIPTIONS 贵州省清镇市 07-02 16:24 -> 广东省惠阳市 07-03 01:32 618 4782
[success] LeavesofGrass 辽宁省抚顺市 07-20 14:24 -> 宁夏石嘴山市 07-20 19:18 979 10955
[success] LeavesofGrass 浙江省杭州市 07-16 11:52 -> 宁夏石嘴山市 07-16 19:18 1381 1292
[success] LeavesofGrass 广东省花都市 07-06 01:43 -> 河南省偃师市 07-06 03:28 232 4211
[success] LeavesofGrass 浙江省平湖市 07-25 08:59 -> 新疆博乐市 07-26 06:04 3234 18135
[success] INSCRIPTIONS 广东省惠阳市 07-05 01:41 -> 新疆米泉市 07-05 14:38 1261 11666
[success] LeavesofGrass 陕西省安康市 07-14 17:25 -> 新疆伊宁市 07-15 08:52 2101 1354
[success] LeavesofGrass 新疆博乐市 08-01 06:11 -> 新疆伊宁市 08-01 08:52 402 13810
-1
-1
1
AwarOsoldiersno 内蒙集宁市 08-10 23:00 -> 广东省潮州市 08-11 21:57 3455 34034
Reed 苇草 has.established@the.worldmarke 2
1
TOFOREIGNLANDS 广西凭祥市 07-15 06:08 -> 甘肃省敦煌市 07-15 20:48 1799 74070
-1
1
Thesechantsforthe 吉林省梅河口市 08-14 23:57 -> 黑龙江省黑河市 08-15 04:31 806 60930
2098400
1
LeavesofGrass 河北省河间市 07-23 18:11 -> 河南省灵宝市 07-23 23:39 1135 2008
3630000
Cliffheart 崖心 in.London.and@sketched.the 1
Shamare 巫恋 rising.Even@manufacture.no 1
queue
1
Thesechantsforthe 宁夏银川市 08-11 00:55 -> 黑龙江省黑河市 08-11 04:31 348 60930
13432352
Durnar 坚雷 adversaries@Two.things 1
queue
1
TOtheeoldcause 北京市 08-18 05:54 -> 湖北省宜昌市 08-18 10:47 424 90891
7292688
1
TOFOREIGNLANDS 辽宁省铁岭市 06-13 12:14 -> 江苏省淮安市 06-13 19:12 652 92870
Lappland 拉普兰德 the.mediaeval@commune.here 1
5414238
2323050
1
TOFOREIGNLANDS 北京市 08-03 02:59 -> 辽宁省铁岭市 08-03 12:11 885 92870
-1
0
1157052
1
LeavesofGrass 浙江省平湖市 07-08 08:59 -> 河南省偃师市 07-09 03:28 3041 13862
queue
Matoimaru 缠丸 nobility.and@in.fact 1
-1
Durin 杜林 armed.and.selfgoverning@associ 1
1
Farfarmorestood 广东省台山市 06-21 01:39 -> 浙江省萧山市 06-21 17:13 3440 82959
Spot 斑点 with.a.Manifesto@of.the 1
-1
-1
-1
19408424
1
Farfarmorestood 辽宁省阜新市 08-11 10:56 -> 福建省厦门市 08-11 12:19 342 82959
3247850
1
Ithinkallwarthr 黑龙江省五大连池市 06-27 09:51 -> 陕西省华阴市 06-27 12:17 108 86945
1
everwillbereally 湖南省汩罗市 07-01 09:18 -> 山东省青州市 07-02 00:11 1484 91355
10425530
389593
3739056
Croissant 可颂 torn.asunder@the.motley 1
Manticore 狮蝎 other.nexus@between.man 2
14771150
1
LeavesofGrass 黑龙江省海林市 07-07 22:56 -> 新疆伊宁市 07-08 08:52 1441 11768
16
[success] AndtodefineAmeric 山东省胶州市 06-18 12:18 -> 山东省乐陵市 06-18 14:08 938 1216
[pending] LeavesofGrass 陕西省安康市 07-25 17:25 -> 新疆伊宁市 07-26 08:52 2101 13401
[success] LeavesofGrass 浙江省杭州市 08-04 11:52 -> 河北省河间市 08-04 18:01 1160 3497
[success] INSCRIPTIONS 江苏省扬州市 07-16 08:17 -> 湖北省枣阳市 07-16 11:59 488 13445
[success] INSCRIPTIONS 黑龙江省五大连池市 08-20 19:22 -> 广东省高要市 08-20 21:36 292 16443
[success] LeavesofGrass 河南省偃师市 07-31 03:31 -> 新疆伊宁市 07-31 08:52 595 3730
[success] IHEARDthatyouask 天津市 07-26 06:35 -> 广东省云浮市 07-26 18:52 229 19829
[pending] LeavesofGrass 宁夏石嘴山市 07-16 19:25 -> 新疆博乐市 07-17 06:04 1453 12080
[success] LeavesofGrass 浙江省杭州市 06-29 11:52 -> 湖南省衡阳市 06-29 16:17 647 1956
[success] LeavesofGrass 黑龙江省海林市 08-03 22:56 -> 新疆博乐市 08-04 06:04 1039 10481
[success] INSCRIPTIONS 北京市 07-23 06:46 -> 江苏省扬州市 07-23 08:14 200 4904
[pending] LeavesofGrass 广东省四会市 07-04 15:39 -> 陕西省安康市 07-04 17:15 728 16656
[success] INSCRIPTIONS 贵州省清镇市 07-11 16:24 -> 新疆米泉市 07-12 14:38 1879 6004
[success] INSCRIPTIONS 黑龙江省五大连池市 06-21 19:22 -> 北京市 06-22 06:40 856 9686
[success] INSCRIPTIONS 云南省安宁市 07-03 20:50 -> 江苏省扬州市 07-04 08:14 900 4964
[success] LeavesofGrass 陕西省安康市 07-11 17:25 -> 河南省偃师市 07-12 03:28 1506 13565
0
1
AndtodefineAmeric 山东省胶州市 08-15 12:18 -> 江苏省吴江市 08-15 16:50 1215 80198
3159028
5943808
0
2216205
1
Afterastrangesad 贵州省清镇市 08-21 02:07 -> 四川省崇州市 08-21 17:38 2815 68496
1
AndtodefineAmeric 江西省吉安市 06-27 21:19 -> 北京市 06-27 22:38 265 80198
Sideroca 铸铁 rising.bourgeoisie@The.EastInd 1
Cliffheart 崖心 in.London.and@sketched.the 1
6152880
902643
Plume 翎羽 and.man.than@naked.selfinteres 2
Hung 吽吽 itself.a.Power@II.It 1
1
Thesechantsforthe 吉林省图们市 08-05 11:26 -> 河南省南阳市 08-05 16:26 1176 60930
Savage 暴行 guilds.now@no.longer 2
1
Afterastrangesad 山东省淄博市 07-28 19:31 -> 云南省昆明市 07-29 01:11 641 68496
Shaw 阿消 new.conditions@of.oppression 1
17701536
Gummy 古米 commerce.to@navigation.to 1
8544600
14901304
Swire 诗怀 the.place.of@the.industrial 1
8544159
Savage 暴行 guilds.now@no.longer 2
22477072
Meteorite 陨星 than.callous@cash.payment 3
1
TOFOREIGNLANDS 湖南省常宁市 06-13 02:20 -> 海南省通什市 06-13 13:23 976 92870
Gravel 砾砾 that.each.time@ended.either 1
Myrrh 末药 Proletariat@From.the 3
-1
1
TOFOREIGNLANDS 江西省鹰潭市 08-01 08:47 -> 湖北省洪湖市 08-01 11:19 488 92870
-1
1
Afterastrangesad 山东省乳山市 07-25 18:58 -> 云南省昆明市 07-27 01:11 4592 65297
-1
1
Ithinkallwarthr 江西省丰城市 08-03 17:00 -> 安徽省宣州市 08-03 20:02 166 86945
Lappland 拉普兰德 the.mediaeval@commune.here 1
343300
1
Thesechantsforthe 甘肃省白银市 07-22 06:16 -> 天津市 07-22 13:37 706 60930
1
AndtodefineAmeric 江苏省吴江市 08-22 17:00 -> 湖北省黄冈市 08-23 01:07 551 80198
1
Deathlessthroughout 辽宁省沈阳市 07-30 21:55 -> 吉林省长春市 07-31 23:22 1715 73160
1
Ithinkallwarthr 江西省丰城市 07-25 17:00 -> 海南省万宁市 07-26 00:48 965 86945
-1
queue
1
Ithinkallwarthr 辽宁省沈阳市 07-17 07:11 -> 江苏省宿迁市 07-17 14:50 612 86945
1
puzzletheNewWorld 湖南省岳阳市 06-20 17:01 -> 四川省绵竹市 06-21 14:44 1339 47885
21025738
45700
20
[success] INSCRIPTIONS 黑龙江省五大连池市 08-06 19:22 -> 北京市 08-07 06:40 856 15692
[success] LeavesofGrass 湖南省衡阳市 07-08 16:20 -> 河北省河间市 07-08 18:01 513 2461
[success] LeavesofGrass 河南省偃师市 07-07 03:31 -> 新疆伊宁市 07-07 08:52 595 3002
[success] INSCRIPTIONS 云南省安宁市 08-19 20:50 -> 湖北省枣阳市 08-20 11:59 1388 1460
[success] INSCRIPTIONS 黑龙江省五大连池市 07-07 19:22 -> 广东省高要市 07-07 21:36 292 17623
[pending] LeavesofGrass 宁夏石嘴山市 07-07 19:25 -> 新疆伊宁市 07-08 08:52 1855 13113
[success] LeavesofGrass 浙江省平湖市 07-29 08:59 -> 河北省河间市 07-29 18:01 1560 1412
[pending] LeavesofGrass 辽宁省抚顺市 07-07 14:24 -> 新疆博乐市 07-08 06:04 2432 6299
[success] puzzletheNewWorld 黑龙江省尚志市 07-03 20:11 -> 北京市 07-04 02:45 159 4645
[success] LeavesofGrass 新疆塔城市 08-04 07:38 -> 浙江省慈溪市 08-05 09:48 3997 2517
[success] puzzletheNewWorld 辽宁省辽阳市 07-29 13:05 -> 河南省登封市 07-30 09:52 1419 8831
[success] LeavesofGrass 湖南省衡阳市 07-20 16:20 -> 广东省花都市 07-21 01:39 1762 1642
[success] INSCRIPTIONS 贵州省清镇市 07-02 16:24 -> 广东省惠阳市 07-03 01:32 618 4782
[success] LeavesofGrass 辽宁省抚顺市 07-20 14:24 -> 宁夏石嘴山市 07-20 19:18 979 10955
[success] LeavesofGrass 浙江省杭州市 07-16 11:52 -> 宁夏石嘴山市 07-16 19:18 1381 1292
[success] LeavesofGrass 广东省花都市 07-06 01:43 -> 河南省偃师市 07-06 03:28 232 4211
[success] LeavesofGrass 浙江省平湖市 07-25 08:59 -> 新疆博乐市 07-26 06:04 3234 18135
[success] INSCRIPTIONS 广东省惠阳市 07-05 01:41 -> 新疆米泉市 07-05 14:38 1261 11666
[success] LeavesofGrass 陕西省安康市 07-14 17:25 -> 新疆伊宁市 07-15 08:52 2101 1354
[success] LeavesofGrass 新疆博乐市 08-01 06:11 -> 新疆伊宁市 08-01 08:52 402 13810
1
Afterastrangesad 天津市 08-16 16:53 -> 四川省崇州市 08-17 17:38 3888 68496
0
17
[success] INSCRIPTIONS 黑龙江省五大连池市 07-19 19:22 -> 新疆米泉市 07-20 14:38 1706 2482
[success] INSCRIPTIONS 黑龙江省五大连池市 07-28 19:22 -> 湖北省枣阳市 07-29 11:59 1544 9250
[success] LeavesofGrass 陕西省安康市 07-03 17:25 -> 新疆博乐市 07-04 06:04 1699 6416
[success] puzzletheNewWorld 辽宁省辽阳市 06-26 13:05 -> 河南省登封市 06-27 09:52 1419 9948
[success] puzzletheNewWorld 黑龙江省尚志市 07-06 20:11 -> 河南省登封市 07-07 09:52 614 5473
[success] IHEARDthatyouask 天津市 07-17 06:35 -> 广东省云浮市 07-17 18:52 229 18324
[success] IHEARDthatyouask 新疆吐鲁番市 07-19 05:55 -> 天津市 07-19 06:30 496 3891
[success] LeavesofGrass 黑龙江省海林市 07-11 22:56 -> 新疆伊宁市 07-12 08:52 1441 20670
[success] INSCRIPTIONS 贵州省清镇市 07-23 16:24 -> 黑龙江省五大连池市 07-23 19:12 173 2543
[success] IHEARDthatyouask 天津市 07-08 06:35 -> 四川省彭州市 07-08 23:13 249 16978
[success] INSCRIPTIONS 云南省安宁市 07-23 20:50 -> 湖北省枣阳市 07-24 11:59 1388 9613
[success] INSCRIPTIONS 黑龙江省五大连池市 07-17 19:22 -> 江苏省扬州市 07-18 08:14 1056 7832
[success] INSCRIPTIONS 广东省高要市 06-17 21:40 -> 北京市 06-18 06:40 564 1448
[success] LeavesofGrass 新疆塔城市 07-09 07:38 -> 浙江省杭州市 07-09 11:46 691 10367
[pending] LeavesofGrass 新疆塔城市 07-31 07:38 -> 浙江省慈溪市 08-01 09:48 3997 22374
[success] IHEARDthatyouask 新疆吐鲁番市 07-11 05:55 -> 四川省彭州市 07-11 23:13 745 19915
[success] LeavesofGrass 黑龙江省海林市 07-30 22:56 -> 广东省花都市 07-31 01:39 614 20787
1
LeavesofGrass 浙江省平湖市 07-30 08:59 -> 浙江省杭州市 07-30 11:46 400 79670
1
advanceinthisbook 广东省深圳市 08-01 13:47 -> 河南省济源市 08-02 09:15 2360 47673
1
AwarOsoldiersno 安徽省宁国市 07-23 06:18 -> 北京市 07-23 08:56 631 34034
1
IHEARDthatyouask 广东省云浮市 07-24 19:00 -> 四川省彭州市 07-24 23:13 20 31771
1
advanceinthisbook 广东省阳春市 07-24 05:02 -> 河南省济源市 07-24 09:15 615 47673
Vermeil 红云 production@The.place 1
Nian 年年 wants.of.the@new.markets 1
17
[success] puzzletheNewWorld 辽宁省辽阳市 07-30 13:05 -> 北京市 07-31 02:45 964 3277
[pending] LeavesofGrass 陕西省安康市 07-09 17:25 -> 新疆伊宁市 07-10 08:52 2101 10111
[success] LeavesofGrass 河北省河间市 07-14 18:11 -> 河南省灵宝市 07-14 23:39 1135 8548
[success] IHEARDthatyouask 新疆吐鲁番市 07-22 05:55 -> 四川省彭州市 07-22 23:13 745 20679
[success] TOFOREIGNLANDS 河北省张家口市 07-07 22:51 -> 四川省攀枝花市 07-08 20:01 2268 18348
[success] LeavesofGrass 辽宁省抚顺市 06-28 14:24 -> 黑龙江省海林市 06-28 22:46 1393 1233
[success] TOFOREIGNLANDS 浙江省临安市 07-28 21:04 -> 湖北省洪湖市 07-29 11:19 1713 12983
[success] IHEARDthatyouask 天津市 08-03 06:35 -> 广东省云浮市 08-03 18:52 229 9042
[success] LeavesofGrass 新疆塔城市 07-22 07:38 -> 浙江省杭州市 07-22 11:46 691 1160
[success] INSCRIPTIONS 江苏省扬州市 08-05 08:17 -> 新疆米泉市 08-05 14:38 650 1736
[success] INSCRIPTIONS 贵州省清镇市 08-03 16:24 -> 江苏省扬州市 08-04 08:14 1229 17489
[success] puzzletheNewWorld 湖南省岳阳市 07-11 17:01 -> 北京市 07-12 02:45 585 6682
[success] INSCRIPTIONS 北京市 08-22 06:46 -> 江苏省扬州市 08-22 08:14 200 16819
[success] LeavesofGrass 辽宁省抚顺市 07-22 14:24 -> 河南省灵宝市 07-22 23:39 1893 23313
[success] LeavesofGrass 浙江省杭州市 07-03 11:52 -> 河北省河间市 07-03 18:01 1160 1135
[success] LeavesofGrass 广东省四会市 07-22 15:39 -> 福建省建阳市 07-22 21:14 1374 1717
[success] LeavesofGrass 黑龙江省海林市 07-06 22:56 -> 广东省花都市 07-07 01:39 614 12429
Pramanix 初雪 means.of.exchange@and.in 1
0
Broca 布洛 independent@urban.republic 1
1
LeavesofGrass 广东省四会市 07-14 15:39 -> 黑龙江省海林市 07-14 22:46 1388 1723
1
INSCRIPTIONS 云南省安宁市 07-04 20:50 -> 湖北省枣阳市 07-05 11:59 1388 34614
-1
Blaze 煌煌 of.a.series@of.revolutions 4
0
-1
Beehunter 猎蜂 these.burgesses@the.first 2
2881288
6480240
queue
1
LeavesofGrass 河北省河间市 07-23 18:11 -> 浙江省慈溪市 07-24 09:48 2146 2008
-1
Blaze 煌煌 of.a.series@of.revolutions 4
36
[success] IHEARDthatyouask 新疆吐鲁番市 08-03 05:55 -> 四川省彭州市 08-03 23:13 745 11237
[success] LeavesofGrass 广东省花都市 07-09 01:43 -> 河南省偃师市 07-09 03:28 232 21776
[success] INSCRIPTIONS 云南省安宁市 07-19 20:50 -> 北京市 07-20 06:40 700 15188
[success] INSCRIPTIONS 广东省高要市 07-27 21:40 -> 江苏省扬州市 07-28 08:14 764 12568
[success] LeavesofGrass 新疆塔城市 08-04 07:38 -> 广东省四会市 08-04 15:34 1098 14473
[success] INSCRIPTIONS 云南省安宁市 06-29 20:50 -> 广东省高要市 06-29 21:36 136 6876
[success] TOFOREIGNLANDS 湖南省常宁市 06-28 02:20 -> 湖北省洪湖市 06-28 11:19 862 18343
[success] IHEARDthatyouask 广东省云浮市 08-01 19:00 -> 四川省彭州市 08-01 23:13 20 13436
[success] INSCRIPTIONS 云南省安宁市 07-11 20:50 -> 新疆米泉市 07-12 14:38 1550 17290
[success] LeavesofGrass 河北省河间市 07-23 18:11 -> 河南省灵宝市 07-23 23:39 1135 20069
[success] LeavesofGrass 新疆塔城市 07-03 07:38 -> 浙江省平湖市 07-03 08:52 291 21923
[success] IHEARDthatyouask 天津市 07-09 06:35 -> 四川省彭州市 07-09 23:13 249 5546
[success] LeavesofGrass 新疆博乐市 07-16 06:11 -> 新疆伊宁市 07-16 08:52 402 2635
[success] IHEARDthatyouask 新疆吐鲁番市 07-15 05:55 -> 广东省云浮市 07-15 18:52 725 8550
[success] INSCRIPTIONS 贵州省清镇市 08-15 16:24 -> 江苏省扬州市 08-16 08:14 1229 12973
[pending] LeavesofGrass 浙江省平湖市 07-07 08:59 -> 河南省灵宝市 07-07 23:39 2695 19230
[success] LeavesofGrass 浙江省杭州市 07-22 11:52 -> 宁夏石嘴山市 07-22 19:18 1381 49
[success] LeavesofGrass 河南省灵宝市 07-17 23:45 -> 广东省花都市 07-18 01:39 114 23338
[pending] LeavesofGrass 广东省四会市 06-28 15:39 -> 河南省偃师市 06-29 03:28 2234 22167
[success] puzzletheNewWorld 辽宁省辽阳市 08-07 13:05 -> 河南省登封市 08-08 09:52 1419 6016
[success] AndtodefineAmeric 江苏省吴江市 07-20 17:00 -> 江西省南康市 07-21 05:58 769 2510
[success] LeavesofGrass 广东省四会市 07-08 15:39 -> 河北省河间市 07-08 18:01 753 14
[success] IHEARDthatyouask 新疆吐鲁番市 07-25 05:55 -> 天津市 07-25 06:30 496 20847
[success] INSCRIPTIONS 广东省惠阳市 07-25 01:41 -> 新疆米泉市 07-25 14:38 1261 13466
[success] LeavesofGrass 新疆塔城市 07-26 07:38 -> 辽宁省抚顺市 07-26 14:21 1093 16057
[success] LeavesofGrass 广东省花都市 08-02 01:43 -> 浙江省慈溪市 08-02 09:48 897 18868
[pending] LeavesofGrass 辽宁省抚顺市 06-29 14:24 -> 浙江省慈溪市 06-30 09:48 2904 14607
[pending] LeavesofGrass 新疆塔城市 07-12 07:38 -> 湖南省衡阳市 07-12 16:17 1338 23030
[success] LeavesofGrass 辽宁省抚顺市 07-19 14:24 -> 河北省河间市 07-19 18:01 758 13298
[success] LeavesofGrass 浙江省杭州市 07-01 11:52 -> 新疆伊宁市 07-02 08:52 3236 17483
[pending] LeavesofGrass 新疆塔城市 07-11 07:38 -> 福建省建阳市 07-11 21:14 2472 11252
[success] LeavesofGrass 陕西省安康市 07-12 17:25 -> 河南省偃师市 07-13 03:28 1506 6505
[success] INSCRIPTIONS 江苏省扬州市 07-07 08:17 -> 湖北省枣阳市 07-07 11:59 488 14755
[pending] LeavesofGrass 辽宁省抚顺市 07-06 14:24 -> 广东省花都市 07-07 01:39 2007 10068
[success] LeavesofGrass 辽宁省抚顺市 07-25 14:24 -> 广东省花都市 07-26 01:39 2007 12999
[success] LeavesofGrass 浙江省杭州市 07-13 11:52 -> 湖南省衡阳市 07-13 16:17 647 13484
1
Afterastrangesad 四川省广元市 08-09 16:17 -> 云南省昆明市 08-10 01:11 1107 68496
1
INSCRIPTIONS 贵州省清镇市 06-17 16:24 -> 广东省惠阳市 06-18 01:32 618 33528
0
1
everwillbereally 江苏省南京市 06-30 02:19 -> 黑龙江省虎林市 06-30 05:34 894 91355
Istina 真理 a.counterpoise@against.the 1
queue
11007799
1
advanceinthisbook 广东省深圳市 07-11 13:47 -> 江西省瑞金市 07-11 16:05 523 47673
Fang 芬芬 sufficed.for@the.growing 1
4356548
queue
33555
Greyy 格雷 a.committee@for.managing 4
0
Mostima 莫斯提马 of.the.earliest@towns.From 2
1
Afterastrangesad 贵州省清镇市 08-22 02:07 -> 云南省昆明市 08-23 01:11 3606 68496
1
advanceinthisbook 北京市 07-14 13:04 -> 江西省瑞金市 07-14 16:05 620 47673
3
[success] INSCRIPTIONS 广东省高要市 06-14 21:40 -> 江苏省扬州市 06-15 08:14 764 3681
[success] LeavesofGrass 河南省灵宝市 07-23 23:45 -> 河南省偃师市 07-24 03:28 346 6277
[success] LeavesofGrass 辽宁省抚顺市 07-01 14:24 -> 广东省花都市 07-02 01:39 2007 17299
3834998
1
INSCRIPTIONS 广东省高要市 06-19 21:40 -> 新疆米泉市 06-20 14:38 1414 47120
queue
8
[success] LeavesofGrass 陕西省安康市 06-28 17:25 -> 福建省建阳市 06-28 21:14 646 6689
[pending] LeavesofGrass 河北省河间市 07-15 18:11 -> 广东省花都市 07-16 01:39 1249 22828
[success] INSCRIPTIONS 湖北省枣阳市 06-19 12:03 -> 新疆米泉市 06-19 14:38 162 792
[success] INSCRIPTIONS 广东省高要市 06-21 21:40 -> 湖北省枣阳市 06-22 11:59 1252 8856
[success] AndtodefineAmeric 云南省保山市 07-24 09:33 -> 吉林省榆树市 07-25 03:30 2368 17477
[success] LeavesofGrass 浙江省杭州市 08-01 11:52 -> 福建省建阳市 08-01 21:14 1781 7628
[success] LeavesofGrass 辽宁省抚顺市 07-15 14:24 -> 河南省偃师市 07-16 03:28 2239 19633
[success] LeavesofGrass 湖南省衡阳市 07-07 16:20 -> 宁夏石嘴山市 07-07 19:18 734 3232
1
TOTHEEOLDCAUSE 山西省太原市 06-26 07:56 -> 宁夏银川市 06-26 14:45 402 33971
1
AwarOsoldiersno 黑龙江省富锦市 07-28 01:02 -> 山东省寿光市 07-28 20:15 2675 34034
729015
queue
Hung 吽吽 itself.a.Power@II.It 1
-1
10524128
1
whatyouwanted 甘肃省兰州市 07-20 21:27 -> 山东省莱州市 07-21 10:04 1901 30519
10523201
Vulcan 火神 commodities@generally.gave 2
1
Deathlessthroughout 山东省莱芜市 07-13 17:36 -> 江西省南昌市 07-14 03:32 449 73160
bye
