0
0
0
0
I_am_the_admin 奥斯卡 foo@bar.com 10
0
0
0
0
0
-1
Reed 苇草 PARTY.A.spectre@is.haunting 8
-1
I_am_the_admin 奥斯卡 foo@bar.com 10
0
0
0
0
0
0
0
Reed 苇草 PARTY.A.spectre@is.haunting 8
0
0
0
0
0
0
Kroos 克洛丝 All.the.Powers@of.old 6
Meteor 流星 MANIFESTO.OF@THE.COMMUNIST 8
Reed 苇草 PARTY.A.spectre@is.haunting 8
Leizi 惊蛰 French.Radicals@and.German 5
Rangers 巡林者 a.holy.alliance@to.exorcise 6
0
0
0
0
0
0
Breeze 微风 has.not.been@decried.as 3
0
0
0
0
0
0
Schwarz 黑黑 is.the.Opposition@that.has 3
Hung 吽吽 Communistic@by.its 4
Hibiscus 芙蓉 not.hurled@back.the 7
0
Schwarz 黑黑 is.the.Opposition@that.has 3
Hung 吽吽 Communistic@by.its 4
Adnachiel 安德切尔 branding.reproach@of.Communism 4
-1
Hung 吽吽 Communistic@by.its 4
-1
0
0
0
0
Adnachiel 安德切尔 branding.reproach@of.Communism 4
Breeze 微风 has.not.been@decried.as 3
Breeze 微风 has.not.been@decried.as 3
0
0
Hung 吽吽 Communistic@by.its 4
0
0
Lava 炎熔 adversaries@Two.things 2
0
0
0
0
-1
0
0
0
0
0
0
0
0
Liskarm 雷蛇 result.from@this.fact 4
Liskarm 雷蛇 result.from@this.fact 4
0
0
ProjeKTRed 红红 European.Powers@to.be 2
0
0
0
0
Lava 炎熔 adversaries@Two.things 2
0
-1
Matterhorn 角峰 itself.a.Power@II.It 3
0
-1
Adnachiel 安德切尔 branding.reproach@of.Communism 4
0
0
0
0
Adnachiel 安德切尔 branding.reproach@of.Communism 4
Liskarm 雷蛇 result.from@this.fact 4
Breeze 微风 has.not.been@decried.as 3
0
0
0
0
-1
Astesia 星极 face.of.the@whole.world 3
0
0
0
0
Myrtle 桃金娘 meet.this.nursery@tale.of 3
Astesia 星极 face.of.the@whole.world 3
0
0
0
Broca 布洛卡 publish.their@views.their 2
Myrtle 桃金娘 meet.this.nursery@tale.of 3
0
0
Provence 普罗旺斯 in.London.and@sketched.the 3
Breeze 微风 has.not.been@decried.as 3
0
0
0
0
0
0
0
0
Sideroca 铸铁 aims.their@tendencies.and 4
0
0
0
0
0
0
0
Myrtle 桃金娘 meet.this.nursery@tale.of 3
Lava 炎熔 adversaries@Two.things 2
0
0
Liskarm 雷蛇 result.from@this.fact 4
0
0
1
LeavesofGrass 浙江省海宁市 06-20 02:24 -> 安徽省宿州市 06-20 08:24 775 66757
0
0
5303009
0
0
1
LeavesofGrass 湖北省荆州市 08-07 21:20 -> 安徽省宿州市 08-08 08:24 1150 66757
0
Siege 推进之王 history.of@class.struggles 2
4998000
0
123662
0
0
0
0
Amiya 阿米娅 Freeman.and@slave.patrician 2
0
8176745
16927750
Plume 翎羽 and.Danish@languages.I 1
0
11610585
1673100
Plume 翎羽 and.Danish@languages.I 1
0
5664475
0
0
0
0
6738572
Lava 炎熔 in.a.word.oppressor@and.oppres 2
0
1
LeavesofGrass 天津市 07-27 15:43 -> 山东省兖州市 07-27 16:14 326 66757
0
4221750
0
0
0
2305798
11921474
Lava 炎熔 in.a.word.oppressor@and.oppres 2
0
0
7058065
1
LeavesofGrass 湖北省荆州市 06-18 21:20 -> 吉林省松原市 06-19 06:42 712 66757
0
Plume 翎羽 and.Danish@languages.I 1
0
0
0
-1
2846048
0
12276775
0
Liskarm 雷蛇 result.from@this.fact 4
363324
Hung 吽吽 Communistic@by.its 4
0
7517872
Breeze 微风 has.not.been@decried.as 3
12337500
0
0
0
1
LeavesofGrass 山东省兖州市 08-30 16:23 -> 安徽省宿州市 08-31 08:24 1271 66757
4038488
5365500
2680560
6821850
0
0
0
Broca 布洛卡 publish.their@views.their 2
0
12538047
3159918
Breeze 微风 has.not.been@decried.as 3
0
0
0
0
-1
2540512
Rope 暗索 and.plebeian@lord.and 3
0
0
837375
0
0
18242660
3055050
0
2109656
0
0
0
Matterhorn 角峰 itself.a.Power@II.It 3
28608
6149654
0
0
0
0
0
21479500
Flamebringer 炎客 that.each.time@ended.either 3
Skadi 斯卡蒂 the.contending@classes.In 1
Schwarz 黑黑 is.the.Opposition@that.has 3
0
0
2953446
1
LeavesofGrass 北京市 08-06 14:47 -> 天津市 08-06 15:36 153 66757
5451499
11693888
4465800
666831
0
Flamebringer 炎客 that.each.time@ended.either 3
0
0
0
0
0
0
0
Myrtle 桃金娘 meet.this.nursery@tale.of 3
1767600
0
0
5436991
Siege 推进之王 history.of@class.struggles 2
0
0
3824925
1
LeavesofGrass 山东省兖州市 08-04 16:23 -> 安徽省宿州市 08-05 08:24 1271 66757
3110016
4048395
5227500
0
Siege 推进之王 manifold.gradation@of.social 2
0
0
2
[success] LeavesofGrass 天津市 07-11 15:43 -> 安徽省宿州市 07-12 08:24 1597 2535
[success] LeavesofGrass 山东省兖州市 06-22 16:23 -> 浙江省海宁市 06-23 02:15 496 5738
0
Hung 吽吽 Communistic@by.its 4
1
LeavesofGrass 天津市 08-08 15:43 -> 安徽省宿州市 08-09 08:24 1597 63901
1
LeavesofGrass 湖北省荆州市 08-02 21:20 -> 浙江省海宁市 08-03 02:15 375 66757
SilverAsh 银灰 following.Manifesto@to.be 4
6101502
11752260
16800160
0
5257200
9362920
417606
0
3515381
0
-1
Lava 炎熔 in.a.word.oppressor@and.oppres 2
0
0
0
0
Hung 吽吽 Communistic@by.its 4
0
0
11943660
1256517
0
25352375
Breeze 微风 has.not.been@decried.as 3
9239548
4859400
Liskarm 雷蛇 result.from@this.fact 4
12346827
1
LeavesofGrass 北京市 07-26 14:47 -> 山东省兖州市 07-26 16:14 479 50882
0
0
13857004
0
1671024
4125750
0
0
0
0
0
ProjeKTRed 红红 European.Powers@to.be 2
0
0
4160115
21434934
19081776
0
0
0
ProjeKTRed 红红 European.Powers@to.be 2
3185325
5169000
0
0
4893600
1070650
5438609
0
Bison 拜松 feudal.lords@vassals.guildmast 4
1178177
Shining 闪灵 society.at@large.or 4
8683875
11359359
Amiya 阿米娅 Freeman.and@slave.patrician 2
Platinum 白金 classes.again@subordinate.grad 1
Vigna 红豆 The.modern@bourgeois.society 4
1
LeavesofGrass 湖北省荆州市 07-01 21:20 -> 浙江省海宁市 07-02 02:15 375 33147
9724133
14519904
6868050
0
0
188802
0
21070818
Bagpipe 风笛 that.has.sprouted@from.the 3
2897162
2054525
13425696
0
0
3898734
20909521
0
6726624
5517008
3103230
26262250
10313320
673552
1
LeavesofGrass 天津市 06-24 15:43 -> 安徽省宿州市 06-25 08:24 1597 59932
0
ProjeKTRed 红红 European.Powers@to.be 2
0
2265900
0
0
1625319
0
0
830705
-1
-1
0
0
4
[success] LeavesofGrass 北京市 07-08 14:47 -> 湖北省荆州市 07-08 21:14 600 8615
[success] LeavesofGrass 北京市 08-12 14:47 -> 湖北省荆州市 08-12 21:14 600 2946
[success] LeavesofGrass 北京市 08-15 14:47 -> 山东省兖州市 08-15 16:14 479 11381
[success] LeavesofGrass 北京市 08-08 14:47 -> 安徽省宿州市 08-09 08:24 1750 2856
3195597
0
0
Shining 闪灵 society.at@large.or 4
2054452
0
0
0
13973750
2686976
0
0
0
10158635
4
[success] LeavesofGrass 天津市 06-23 15:43 -> 吉林省松原市 06-24 06:42 1159 10140
[success] LeavesofGrass 北京市 07-01 14:47 -> 浙江省海宁市 07-02 02:15 975 3923
[success] LeavesofGrass 天津市 08-11 15:43 -> 湖北省荆州市 08-11 21:14 447 64
[success] LeavesofGrass 吉林省松原市 07-02 06:49 -> 安徽省宿州市 07-02 08:24 438 15575
1
LeavesofGrass 山东省兖州市 07-21 16:23 -> 浙江省海宁市 07-22 02:15 496 56673
0
17771122
0
0
Broca 布洛卡 publish.their@views.their 2
0
25721500
0
18324007
0
Scavenger 清道夫 new.forms.of@struggle.in 1
Mayer 梅尔 now.open.fight@a.fight 4
32200
5573400
1
LeavesofGrass 山东省兖州市 08-04 16:23 -> 浙江省海宁市 08-05 02:15 496 66757
16712950
0
0
Adnachiel 安德切尔 branding.reproach@of.Communism 4
20473760
ProjeKTRed 红红 European.Powers@to.be 2
1
LeavesofGrass 天津市 08-31 15:43 -> 湖北省荆州市 08-31 21:14 447 66757
0
3998592
11143866
5473360
0
Broca 布洛卡 publish.their@views.their 2
16412599
0
Beagle 米格鲁 serf.guildmaster@and.journeyma 2
839467
6158926
0
0
4
[success] LeavesofGrass 北京市 07-08 14:47 -> 湖北省荆州市 07-08 21:14 600 8615
[success] LeavesofGrass 北京市 08-12 14:47 -> 湖北省荆州市 08-12 21:14 600 2946
[success] LeavesofGrass 北京市 08-15 14:47 -> 山东省兖州市 08-15 16:14 479 11381
[success] LeavesofGrass 北京市 08-08 14:47 -> 安徽省宿州市 08-09 08:24 1750 2856
1482975
0
0
Schwarz 黑黑 is.the.Opposition@that.has 3
0
-1
3011688
0
Lava 炎熔 in.a.word.oppressor@and.oppres 2
0
0
649116
0
Astesia 星极 face.of.the@whole.world 3
0
0
21085152
28563500
1565135
0
19101250
-1
0
1
LeavesofGrass 山东省兖州市 07-16 16:23 -> 浙江省海宁市 07-17 02:15 496 66757
0
0
1
LeavesofGrass 北京市 08-29 14:47 -> 浙江省海宁市 08-30 02:15 975 60668
Amiya 阿米娅 Freeman.and@slave.patrician 2
Hung 吽吽 Communistic@by.its 4
0
0
SilverAsh 银灰 following.Manifesto@to.be 4
0
0
0
0
0
Siege 推进之 manifold.gradation@of.social 2
2152756
0
0
4625200
0
4428288
0
0
0
0
543375
3
[success] LeavesofGrass 湖北省荆州市 07-04 21:20 -> 浙江省海宁市 07-05 02:15 375 1449
[success] LeavesofGrass 山东省兖州市 08-07 16:23 -> 吉林省松原市 08-08 06:42 833 11240
[success] LeavesofGrass 天津市 08-21 15:43 -> 吉林省松原市 08-22 06:42 1159 5306
0
1360500
4246500
0
0
0
0
SilverAsh 银灰 following.Manifesto@to.be 4
12123482
3
[success] LeavesofGrass 山东省兖州市 07-02 16:23 -> 吉林省松原市 07-03 06:42 833 6527
[success] LeavesofGrass 北京市 06-29 14:47 -> 湖北省荆州市 06-29 21:14 600 7443
[success] LeavesofGrass 北京市 08-14 14:47 -> 浙江省海宁市 08-15 02:15 975 1716
0
0
Schwarz 黑黑 is.the.Opposition@that.has 3
0
0
0
0
1060081
8951418
0
10221475
5556657
0
Astesia 星极 face.of.the@whole.world 3
0
Matterhorn 角峰 itself.a.Power@II.It 3
1542636
7001365
0
0
0
-1
5375250
0
3
[success] LeavesofGrass 天津市 08-01 15:43 -> 安徽省宿州市 08-02 08:24 1597 13093
[success] LeavesofGrass 天津市 08-28 15:43 -> 吉林省松原市 08-29 06:42 1159 11956
[success] LeavesofGrass 山东省兖州市 07-23 16:23 -> 湖北省荆州市 07-23 21:14 121 5511
0
Broca 布洛 two.great.hostile@camps.into 2
Snowsant 雪雉 nationalities@have.assembled 3
Meteorite 陨星 has.simplified@the.class 4
Broca 布洛 two.great.hostile@camps.into 2
1
LeavesofGrass 北京市 07-12 14:47 -> 天津市 07-12 15:36 153 66757
Popukar 泡普卡 more.splitting@up.into 5
0
5056464
Midnight 月见夜 journeymen@apprentices.serfs 2
-1
0
0
0
0
Scavenger 清道夫 new.forms.of@struggle.in 1
24648098
0
0
1
LeavesofGrass 山东省兖州市 06-28 16:23 -> 浙江省海宁市 06-29 02:15 496 66757
492704
0
0
Vigna 红豆 The.modern@bourgeois.society 4
0
0
0
1
LeavesofGrass 山东省兖州市 07-24 16:23 -> 吉林省松原市 07-25 06:42 833 52817
Shining 闪灵 society.at@large.or 4
Bison 拜松 feudal.lords@vassals.guildmast 4
3
[success] LeavesofGrass 北京市 07-10 14:47 -> 浙江省海宁市 07-11 02:15 975 2324
[success] LeavesofGrass 天津市 08-29 15:43 -> 安徽省宿州市 08-30 08:24 1597 6089
[success] LeavesofGrass 天津市 07-06 15:43 -> 吉林省松原市 07-07 06:42 1159 10653
0
0
4676625
ProjeKTRed 红红 European.Powers@to.be 2
-1
8113
0
3681725
0
Matterhorn 角峰 itself.a.Power@II.It 3
Liskarm 雷蛇 sprang.the@chartered.burghers 4
1751100
0
0
-1
0
Sideroca 铸铁 aims.their@tendencies.and 4
1518834
0
0
0
Platinum 白金 classes.again@subordinate.grad 1
Siege 推进 elements.of@the.bourgeoisie 2
0
0
3357982
1418798
0
348712
6082200
0
1
LeavesofGrass 湖北省荆州市 06-17 21:20 -> 浙江省海宁市 06-18 02:15 375 66757
0
Bagpipe 风笛 that.has.sprouted@from.the 3
1
LeavesofGrass 北京市 08-03 14:47 -> 山东省兖州市 08-03 16:14 479 66315
349605
0
6154275
144126
4676016
8571570
18123189
6491304
0
0
0
0
Platinum 白金 classes.again@subordinate.grad 1
0
0
0
847000
567477
0
0
3796979
1
LeavesofGrass 湖北省荆州市 07-13 21:20 -> 吉林省松原市 07-14 06:42 712 66757
0
1
LeavesofGrass 天津市 08-31 15:43 -> 山东省兖州市 08-31 16:14 326 66757
0
0
1881135
0
0
Provence 普罗旺斯 in.London.and@sketched.the 3
0
3650874
0
0
-1
0
0
Matterhorn 角峰 itself.a.Power@II.It 3
0
-1
0
0
Executor 送葬人 place.of.the@old.ones 4
0
1
LeavesofGrass 山东省兖州市 07-25 16:23 -> 吉林省松原市 07-26 06:42 833 52775
1
LeavesofGrass 山东省兖州市 06-21 16:23 -> 浙江省海宁市 06-22 02:15 496 52449
0
5564500
ProjeKTRed 红红 European.Powers@to.be 2
0
0
0
1
LeavesofGrass 湖北省荆州市 06-29 21:20 -> 吉林省松原市 06-30 06:42 712 51152
5248500
14543520
0
3037818
5960928
0
19210425
0
0
7904352
4
[success] LeavesofGrass 北京市 07-08 14:47 -> 湖北省荆州市 07-08 21:14 600 8615
[success] LeavesofGrass 北京市 08-12 14:47 -> 湖北省荆州市 08-12 21:14 600 2946
[success] LeavesofGrass 北京市 08-15 14:47 -> 山东省兖州市 08-15 16:14 479 11381
[success] LeavesofGrass 北京市 08-08 14:47 -> 安徽省宿州市 08-09 08:24 1750 2856
0
10791600
1628721
0
10948275
5548752
0
8683472
17100500
3
[success] LeavesofGrass 山东省兖州市 08-04 16:23 -> 吉林省松原市 08-05 06:42 833 14554
[success] LeavesofGrass 湖北省荆州市 06-21 21:20 -> 浙江省海宁市 06-22 02:15 375 14308
[success] LeavesofGrass 北京市 06-22 14:47 -> 山东省兖州市 06-22 16:14 479 14735
ShiraYuki 白雪 in.almost.all@of.these 1
4
[success] LeavesofGrass 天津市 06-23 15:43 -> 吉林省松原市 06-24 06:42 1159 10140
[success] LeavesofGrass 北京市 07-01 14:47 -> 浙江省海宁市 07-02 02:15 975 3923
[success] LeavesofGrass 天津市 08-11 15:43 -> 湖北省荆州市 08-11 21:14 447 64
[success] LeavesofGrass 吉林省松原市 07-02 06:49 -> 安徽省宿州市 07-02 08:24 438 15575
730825
0
Hellagur 赫拉格 not.done.away@with.class 2
0
Astesia 星极 face.of.the@whole.world 3
0
297381
333540
Sideroca 铸铁 aims.their@tendencies.and 4
4
[success] LeavesofGrass 山东省兖州市 07-23 16:23 -> 湖北省荆州市 07-23 21:14 121 8761
[success] LeavesofGrass 天津市 07-30 15:43 -> 安徽省宿州市 07-31 08:24 1597 6978
[success] LeavesofGrass 湖北省荆州市 07-06 21:20 -> 吉林省松原市 07-07 06:42 712 946
[success] LeavesofGrass 北京市 08-09 14:47 -> 安徽省宿州市 08-10 08:24 1750 15007
1929176
2603504
0
Beagle 米格鲁 serf.guildmaster@and.journeyma 2
Blaze 煌煌 each.other@Bourgeoisie.and 2
1
LeavesofGrass 天津市 08-30 15:43 -> 安徽省宿州市 08-31 08:24 1597 64106
12189203
Adnachiel 安德切尔 branding.reproach@of.Communism 4
573444
Hung 吽吽 Communistic@by.its 4
1
LeavesofGrass 山东省兖州市 07-16 16:23 -> 湖北省荆州市 07-16 21:14 121 66757
22650251
0
5713554
0
0
0
8061984
0
14385350
Gavial 嘉维尔 serfs.of.the@Middle.Ages 1
0
Flamebringer 炎客 that.each.time@ended.either 3
3992416
4663125
2491782
1
LeavesofGrass 天津市 08-17 15:43 -> 吉林省松原市 08-18 06:42 1159 45275
0
1
LeavesofGrass 山东省兖州市 08-11 16:23 -> 湖北省荆州市 08-11 21:14 121 50118
1894860
Myrtle 桃金娘 meet.this.nursery@tale.of 3
0
0
3205468
Adnachiel 安德切尔 branding.reproach@of.Communism 4
1
LeavesofGrass 山东省兖州市 07-13 16:23 -> 浙江省海宁市 07-14 02:15 496 39938
0
Flamebringer 炎客 that.each.time@ended.either 3
Vanilla 香草 of.the.Cape@opened.up 2
19918500
11658883
Hung 吽吽 Communistic@by.its 4
0
Vanilla 香草 of.the.Cape@opened.up 2
0
20730912
0
6198667
15658500
0
0
5157972
1
LeavesofGrass 湖北省荆州市 07-24 21:20 -> 浙江省海宁市 07-25 02:15 375 52817
20468184
0
Frostleaf 霜叶 fresh.ground@for.the 4
0
Croissant 可颂 rising.bourgeoisie@The.EastInd 4
Gavial 嘉维尔 serfs.of.the@Middle.Ages 1
Platinum 白金 classes.again@subordinate.grad 1
16216689
3660450
0
Mayer 梅尔 now.open.fight@a.fight 4
1
LeavesofGrass 天津市 06-24 15:43 -> 安徽省宿州市 06-25 08:24 1597 59932
0
0
0
6789744
0
0
Rope 暗索 and.plebeian@lord.and 3
1
LeavesofGrass 天津市 07-29 15:43 -> 吉林省松原市 07-30 06:42 1159 56524
0
0
0
3435000
Beagle 米格 the.increase@in.the 2
16602250
Liskarm 雷蛇 sprang.the@chartered.burghers 4
0
0
0
9612750
2574600
3
[success] LeavesofGrass 吉林省松原市 07-22 06:49 -> 安徽省宿州市 07-22 08:24 438 5689
[success] LeavesofGrass 北京市 07-03 14:47 -> 湖北省荆州市 07-03 21:14 600 9289
[success] LeavesofGrass 湖北省荆州市 08-17 21:20 -> 吉林省松原市 08-18 06:42 712 4368
Vigna 红豆 The.modern@bourgeois.society 4
0
3294600
0
0
1997105
0
1
LeavesofGrass 山东省兖州市 08-14 16:23 -> 吉林省松原市 08-15 06:42 833 55554
1493019
Astesia 星极 face.of.the@whole.world 3
Hellagur 赫拉格 not.done.away@with.class 2
0
0
2091290
0
0
0
10164900
1
LeavesofGrass 天津市 07-23 15:43 -> 安徽省宿州市 07-24 08:24 1597 13789
3373792
Blaze 煌煌 each.other@Bourgeoisie.and 2
Vanilla 香草 of.the.Cape@opened.up 2
0
19692607
1334267
2342250
Aak 阿阿 were.developed@The.discovery 3
0
4620900
7469047
0
Scavenger 清道夫 new.forms.of@struggle.in 1
865755
5475309
0
0
4869718
Bison 拜松 feudal.lords@vassals.guildmast 4
-1
Myrtle 桃金娘 meet.this.nursery@tale.of 3
1
LeavesofGrass 北京市 08-11 14:47 -> 天津市 08-11 15:36 153 64472
0
queue
1035598
Perfumer 调香师 a.whole.is@more.and 2
0
0
1
LeavesofGrass 湖北省荆州市 08-07 21:20 -> 安徽省宿州市 08-08 08:24 1150 49549
0
0
Ethan 伊桑 party.itself@To.this 3
2709400
queue
1
LeavesofGrass 北京市 08-04 14:47 -> 吉林省松原市 08-05 06:42 1312 30848
0
0
1013013
2974338
1
LeavesofGrass 浙江省海宁市 08-21 02:24 -> 吉林省松原市 08-21 06:42 337 66757
Provence 普罗旺斯 in.London.and@sketched.the 3
1
LeavesofGrass 湖北省荆州市 07-28 21:20 -> 浙江省海宁市 07-29 02:15 375 66757
0
468391
3
[success] LeavesofGrass 北京市 08-02 14:47 -> 天津市 08-02 15:36 153 3748
[success] LeavesofGrass 北京市 08-30 14:47 -> 浙江省海宁市 08-31 02:15 975 1796
[success] LeavesofGrass 北京市 07-09 14:47 -> 吉林省松原市 07-10 06:42 1312 2048
397394
0
1293768
1
LeavesofGrass 北京市 08-09 14:47 -> 浙江省海宁市 08-10 02:15 975 51750
1
LeavesofGrass 天津市 08-14 15:43 -> 湖北省荆州市 08-14 21:14 447 48981
Vanilla 香草 of.the.Cape@opened.up 2
3228060
0
14319445
8060532
2218461
0
0
0
Beagle 米格 the.increase@in.the 2
11176275
Hung 吽吽 Communistic@by.its 4
6417775
0
0
0
0
872250
1
LeavesofGrass 山东省兖州市 08-20 16:23 -> 湖北省荆州市 08-20 21:14 121 58601
0
queue
Matterhorn 角峰 itself.a.Power@II.It 3
1
LeavesofGrass 天津市 08-23 15:43 -> 浙江省海宁市 08-24 02:15 822 55683
0
0
15818400
0
1
LeavesofGrass 山东省兖州市 08-30 16:23 -> 浙江省海宁市 08-31 02:15 496 64961
5759754
0
0
0
0
5
[success] LeavesofGrass 湖北省荆州市 08-05 21:20 -> 浙江省海宁市 08-06 02:15 375 6246
[success] LeavesofGrass 山东省兖州市 08-06 16:23 -> 安徽省宿州市 08-07 08:24 1271 16104
[success] LeavesofGrass 北京市 07-07 14:47 -> 山东省兖州市 07-07 16:14 479 6692
[success] LeavesofGrass 天津市 08-27 15:43 -> 山东省兖州市 08-27 16:14 326 6302
[success] LeavesofGrass 湖北省荆州市 08-19 21:20 -> 吉林省松原市 08-20 06:42 712 2963
Meteorite 陨星 has.simplified@the.class 4
4407420
2831298
2491758
5
[success] LeavesofGrass 北京市 07-31 14:47 -> 天津市 07-31 15:36 153 942
[success] LeavesofGrass 湖北省荆州市 06-27 21:20 -> 浙江省海宁市 06-28 02:15 375 3628
[success] LeavesofGrass 吉林省松原市 07-18 06:49 -> 安徽省宿州市 07-18 08:24 438 6975
[success] LeavesofGrass 天津市 07-14 15:43 -> 吉林省松原市 07-15 06:42 1159 10286
[success] LeavesofGrass 北京市 08-16 14:47 -> 山东省兖州市 08-16 16:14 479 11071
0
0
0
0
15707018
Amiya 阿米娅 Freeman.and@slave.patrician 2
464640
7961792
448512
0
Magallan 麦哲伦 commodities@generally.gave 4
5786418
0
536151
0
2059200
Plume 翎羽 and.Danish@languages.I 1
4
[pending] LeavesofGrass 天津市 07-10 15:43 -> 安徽省宿州市 07-11 08:24 1597 16317
[success] LeavesofGrass 北京市 08-16 14:47 -> 天津市 08-16 15:36 153 3709
[success] LeavesofGrass 北京市 07-13 14:47 -> 湖北省荆州市 07-13 21:14 600 10137
[success] LeavesofGrass 天津市 07-23 15:43 -> 安徽省宿州市 07-24 08:24 1597 13422
0
1
LeavesofGrass 浙江省海宁市 08-20 02:24 -> 安徽省宿州市 08-20 08:24 775 53020
4310250
0
0
2571821
1
LeavesofGrass 山东省兖州市 07-11 16:23 -> 浙江省海宁市 07-12 02:15 496 64222
0
Scavenger 清道夫 new.forms.of@struggle.in 1
7446000
5416053
Hellagur 赫拉格 not.done.away@with.class 2
14481596
0
ShiraYuki 白雪 thereby.to@the.revolutionary 1
1
LeavesofGrass 山东省兖州市 08-23 16:23 -> 湖北省荆州市 08-23 21:14 121 66757
3367875
7590000
0
11501916
1
LeavesofGrass 天津市 07-24 15:43 -> 吉林省松原市 07-25 06:42 1159 40486
0
0
0
10182974
Astesia 星极 face.of.the@whole.world 3
0
Sideroca 铸铁 aims.their@tendencies.and 4
5751832
8682128
0
1199594
0
7782333
3332385
4072066
Rope 暗索 and.plebeian@lord.and 3
queue
16913050
queue
0
11492068
0
0
5382000
607611
1
LeavesofGrass 北京市 07-04 14:47 -> 湖北省荆州市 07-04 21:14 600 41214
Astesia 星极 face.of.the@whole.world 3
28875
16963650
1
LeavesofGrass 山东省兖州市 06-29 16:23 -> 安徽省宿州市 06-30 08:24 1271 25176
0
0
7907400
0
4416606
0
0
1
LeavesofGrass 天津市 08-25 15:43 -> 吉林省松原市 08-26 06:42 1159 35594
0
0
ProjeKTRed 红红 European.Powers@to.be 2
0
1
LeavesofGrass 湖北省荆州市 08-09 21:20 -> 安徽省宿州市 08-10 08:24 1150 51750
9192000
2734488
8030450
0
14527909
Aak 阿阿 were.developed@The.discovery 3
0
Magallan 麦哲伦 commodities@generally.gave 4
3
[success] LeavesofGrass 天津市 07-06 15:43 -> 吉林省松原市 07-07 06:42 1159 10517
[success] LeavesofGrass 天津市 08-25 15:43 -> 浙江省海宁市 08-26 02:15 822 9616
[success] LeavesofGrass 山东省兖州市 08-04 16:23 -> 浙江省海宁市 08-05 02:15 496 8928
4
[success] LeavesofGrass 天津市 08-06 15:43 -> 湖北省荆州市 08-06 21:14 447 6334
[success] LeavesofGrass 天津市 08-30 15:43 -> 山东省兖州市 08-30 16:14 326 1219
[success] LeavesofGrass 北京市 07-05 14:47 -> 湖北省荆州市 07-05 21:14 600 5491
[success] LeavesofGrass 山东省兖州市 07-06 16:23 -> 浙江省海宁市 07-07 02:15 496 13689
Broca 布洛 two.great.hostile@camps.into 2
1367663
1
LeavesofGrass 北京市 08-21 14:47 -> 浙江省海宁市 08-22 02:15 975 61451
Matterhorn 角峰 itself.a.Power@II.It 3
SilverAsh 银灰 following.Manifesto@to.be 4
0
18577611
0
450456
0
20638498
0
3634760
539784
ProjeKTRed 红红 European.Powers@to.be 2
5045307
0
16844768
5906658
183300
0
0
Sideroca 铸铁 aims.their@tendencies.and 4
1
LeavesofGrass 北京市 07-06 14:47 -> 山东省兖州市 07-06 16:14 479 38580
67473
5872266
0
0
0
9197700
0
0
Meteorite 陨星 has.simplified@the.class 4
0
0
6142960
0
2788500
0
1
LeavesofGrass 北京市 08-24 14:47 -> 安徽省宿州市 08-25 08:24 1750 44907
6805700
1
LeavesofGrass 天津市 07-05 15:43 -> 浙江省海宁市 07-06 02:15 822 41834
WaaiFu 槐琥 never.before@known.and 4
0
1
LeavesofGrass 浙江省海宁市 07-05 02:24 -> 吉林省松原市 07-05 06:42 337 45671
195375
3443132
Schwarz 黑黑 is.the.Opposition@that.has 3
0
1
LeavesofGrass 天津市 08-12 15:43 -> 山东省兖州市 08-12 16:14 326 44419
14377350
0
0
7545648
4333875
5
[success] LeavesofGrass 湖北省荆州市 08-17 21:20 -> 安徽省宿州市 08-18 08:24 1150 6876
[success] LeavesofGrass 湖北省荆州市 06-17 21:20 -> 浙江省海宁市 06-18 02:15 375 14352
[pending] LeavesofGrass 山东省兖州市 07-01 16:23 -> 湖北省荆州市 07-01 21:14 121 8603
[success] LeavesofGrass 天津市 07-13 15:43 -> 湖北省荆州市 07-13 21:14 447 9860
[success] LeavesofGrass 北京市 08-27 14:47 -> 山东省兖州市 08-27 16:14 479 6342
17938976
0
0
0
0
3907398
Myrtle 桃金娘 meet.this.nursery@tale.of 3
13188261
Platinum 白金 classes.again@subordinate.grad 1
0
0
0
8692471
788557
Executor 送葬人 place.of.the@old.ones 4
Croissant 可颂 feudal.society@a.rapid 4
10467478
1516995
Adnachiel 安德切尔 branding.reproach@of.Communism 4
0
718619
0
0
1916519
Gavial 嘉维尔 serfs.of.the@Middle.Ages 1
Vigna 红豆 The.modern@bourgeois.society 4
Hung 吽吽 Communistic@by.its 4
0
16245250
0
Executor 送葬人 place.of.the@old.ones 4
0
4973475
0
Perfumer 调香师 a.whole.is@more.and 2
Hellagur 赫拉格 not.done.away@with.class 2
13127340
7207200
1
LeavesofGrass 北京市 07-24 14:47 -> 天津市 07-24 15:36 153 66757
1
LeavesofGrass 浙江省海宁市 08-30 02:24 -> 安徽省宿州市 08-30 08:24 775 60668
0
0
707625
0
1
LeavesofGrass 北京市 06-24 14:47 -> 浙江省海宁市 06-25 02:15 975 43708
0
0
16910750
0
0
0
Shining 闪灵 society.at@large.or 4
0
17027587
Platinum 白金 classes.again@subordinate.grad 1
0
0
0
1
LeavesofGrass 北京市 08-02 14:47 -> 天津市 08-02 15:36 153 56388
8444400
0
855112
Chen 陈陈 colonisation@of.America 4
Gavial 嘉维尔 serfs.of.the@Middle.Ages 1
10387325
0
-1
0
Scavenger 清道夫 new.forms.of@struggle.in 1
13665792
0
0
0
0
1
INSCRIPTIONS 贵州省都匀市 07-20 06:12 -> 河南省漯河市 07-20 19:50 1848 84654
597658
Myrtle 桃金娘 meet.this.nursery@tale.of 3
46639224
0
3980400
0
0
1
INSCRIPTIONS 安徽省淮北市 07-02 00:08 -> 北京市 07-02 12:58 1424 84654
6806052
0
0
0
2
[success] LeavesofGrass 北京市 07-30 14:47 -> 吉林省松原市 07-31 06:42 1312 10416
[success] LeavesofGrass 浙江省海宁市 08-07 02:24 -> 安徽省宿州市 08-07 08:24 775 10896
4208512
Warfarin 华法琳 well.as.against@its.reactionar 6
0
0
0
Astesia 星极 face.of.the@whole.world 3
0
0
0
2183636
15831940
0
0
0
0
0
0
12040740
Croissant 可颂 feudal.society@a.rapid 4
-1
2171250
ProjeKTRed 红红 European.Powers@to.be 2
6
[success] LeavesofGrass 浙江省海宁市 08-25 02:24 -> 安徽省宿州市 08-25 08:24 775 11868
[success] LeavesofGrass 湖北省荆州市 08-27 21:20 -> 安徽省宿州市 08-28 08:24 1150 14870
[success] LeavesofGrass 北京市 07-08 14:47 -> 湖北省荆州市 07-08 21:14 600 8615
[success] LeavesofGrass 北京市 08-12 14:47 -> 湖北省荆州市 08-12 21:14 600 2946
[success] LeavesofGrass 北京市 08-15 14:47 -> 山东省兖州市 08-15 16:14 479 11381
[success] LeavesofGrass 北京市 08-08 14:47 -> 安徽省宿州市 08-09 08:24 1750 2856
Croissant 可颂 feudal.society@a.rapid 4
0
802112
15839325
Breeze 微风 has.not.been@decried.as 3
28028886
Adnachiel 安德切尔 branding.reproach@of.Communism 4
1
LeavesofGrass 北京市 06-18 14:47 -> 山东省兖州市 06-18 16:14 479 63897
65088275
2971692
Amiya 阿米娅 Freeman.and@slave.patrician 2
0
0
5
[success] LeavesofGrass 山东省兖州市 07-22 16:23 -> 浙江省海宁市 07-23 02:15 496 6802
[success] LeavesofGrass 天津市 07-17 15:43 -> 安徽省宿州市 07-18 08:24 1597 14183
[success] LeavesofGrass 山东省兖州市 08-08 16:23 -> 浙江省海宁市 08-09 02:15 496 5249
[success] LeavesofGrass 北京市 06-27 14:47 -> 吉林省松原市 06-28 06:42 1312 16071
[success] LeavesofGrass 山东省兖州市 07-27 16:23 -> 安徽省宿州市 07-28 08:24 1271 14417
0
0
8203200
0
Bison 拜松 feudal.lords@vassals.guildmast 4
0
Vigna 红豆 The.modern@bourgeois.society 4
0
Chen 陈陈 colonisation@of.America 4
Croissant 可颂 feudal.society@a.rapid 4
1
LeavesofGrass 北京市 07-17 14:47 -> 吉林省松原市 07-18 06:42 1312 24144
0
1
LeavesofGrass 吉林省松原市 08-09 06:49 -> 安徽省宿州市 08-09 08:24 438 63901
5
[success] LeavesofGrass 北京市 08-09 14:47 -> 湖北省荆州市 08-09 21:14 600 13672
[success] LeavesofGrass 天津市 08-03 15:43 -> 安徽省宿州市 08-04 08:24 1597 1208
[success] LeavesofGrass 山东省兖州市 08-15 16:23 -> 浙江省海宁市 08-16 02:15 496 11035
[success] LeavesofGrass 北京市 07-29 14:47 -> 吉林省松原市 07-30 06:42 1312 10233
[success] LeavesofGrass 浙江省海宁市 07-02 02:24 -> 吉林省松原市 07-02 06:42 337 15600
1662064
0
0
0
4195082
6642308
23383544
8993400
0
1
LeavesofGrass 浙江省海宁市 06-23 02:24 -> 吉林省松原市 06-23 06:42 337 53998
0
4410780
518976
WaaiFu 槐琥 never.before@known.and 4
Schwarz 黑黑 is.the.Opposition@that.has 3
0
-1
1
LeavesofGrass 湖北省荆州市 08-30 21:20 -> 浙江省海宁市 08-31 02:15 375 64961
0
1285440
8383500
8022000
2227104
1
LeavesofGrass 天津市 08-21 15:43 -> 浙江省海宁市 08-22 02:15 822 54934
0
0
4663104
33727032
4315950
0
0
0
0
11234648
12720750
1841661
17716469
0
0
3730592
1
INSCRIPTIONS 河南省洛阳市 06-20 10:26 -> 福建省龙海市 06-21 03:20 2091 84654
8867315
0
2753706
Vanilla 香草 of.the.Cape@opened.up 2
0
1262514
Magallan 麦哲伦 commodities@generally.gave 4
1085790
Myrtle 桃金娘 meet.this.nursery@tale.of 3
3254625
0
Breeze 微风 has.not.been@decried.as 3
1
LeavesofGrass 浙江省海宁市 07-06 02:24 -> 吉林省松原市 07-06 06:42 337 53768
Vigna 红豆 wants.of.the@new.markets 4
Blaze 煌煌 each.other@Bourgeoisie.and 2
5017206
4410928
0
5006056
1
INSCRIPTIONS 广东省澄海市 07-02 15:57 -> 福建省龙海市 07-03 03:20 1436 84654
0
725142
3179496
401136
12929238
17562678
0
0
0
0
6986163
6333918
0
0
0
7024644
2
[success] LeavesofGrass 山东省兖州市 07-12 16:23 -> 安徽省宿州市 07-13 08:24 1271 4279
[success] LeavesofGrass 浙江省海宁市 07-22 02:24 -> 安徽省宿州市 07-22 08:24 775 15841
386340
Vanilla 香草 of.the.Cape@opened.up 2
0
0
1717158
Executor 送葬人 place.of.the@old.ones 4
40086981
0
0
Phantom 傀影 monopolised@by.closed 4
0
0
1615241
5466825
27340284
0
0
ProjeKTRed 红红 the.manufacturing@middle.class 2
1157250
0
0
Conviction 断罪者 pushed.on.one@side.by 2
18561000
1
INSCRIPTIONS 广西防城港市 06-12 03:19 -> 福建省龙海市 06-13 03:20 2649 69657
8134800
0
Meteorite 陨星 has.simplified@the.class 4
0
2
[success] LeavesofGrass 北京市 07-29 14:47 -> 安徽省宿州市 07-30 08:24 1750 7269
[success] LeavesofGrass 山东省兖州市 08-03 16:23 -> 吉林省松原市 08-04 06:42 833 5846
8360700
Shining 闪灵 division.of@labour.between 4
Mayer 梅尔 now.open.fight@a.fight 4
0
Sideroca 铸铁 aims.their@tendencies.and 4
1195339
2428800
18614410
17282734
0
31824773
9861534
0
2253600
Lava 炎熔 in.a.word.oppressor@and.oppres 2
1
INSCRIPTIONS 山西省霍州市 07-08 09:31 -> 江苏省吴县市 07-08 17:57 1217 84654
2739625
519350
1
LeavesofGrass 北京市 07-23 14:47 -> 天津市 07-23 15:36 153 66757
0
4883626
3870445
4813800
1556940
0
0
0
1
INSCRIPTIONS 广西防城港市 06-20 03:19 -> 广东省澄海市 06-20 15:53 1213 67173
Specter 幽灵鲨 the.bourgeoisie@possesses.howe 4
12953140
594864
14603976
5730987
0
0
1247109
0
Broca 布洛 two.great.hostile@camps.into 2
0
2
[success] LeavesofGrass 浙江省海宁市 08-17 02:24 -> 吉林省松原市 08-17 06:42 337 3547
[success] LeavesofGrass 山东省兖州市 08-16 16:23 -> 湖北省荆州市 08-16 21:14 121 4431
755820
6
[success] INSCRIPTIONS 河南省洛阳市 06-20 10:26 -> 广东省新会市 06-20 23:42 1564 17481
[success] LeavesofGrass 吉林省松原市 08-22 06:49 -> 安徽省宿州市 08-22 08:24 438 6287
[success] LeavesofGrass 天津市 07-03 15:43 -> 浙江省海宁市 07-04 02:15 822 548
[success] LeavesofGrass 山东省兖州市 07-30 16:23 -> 安徽省宿州市 07-31 08:24 1271 12358
[success] LeavesofGrass 北京市 07-20 14:47 -> 浙江省海宁市 07-21 02:15 975 1521
[success] LeavesofGrass 吉林省松原市 08-21 06:49 -> 安徽省宿州市 08-21 08:24 438 7085
276012
0
0
Ethan 伊桑 party.itself@To.this 3
17805450
8017344
10562940
16206521
0
0
0
0
0
Gavial 嘉维尔 serfs.of.the@Middle.Ages 1
Shining 闪灵 division.of@labour.between 4
Frostleaf 霜叶 fresh.ground@for.the 4
1
LeavesofGrass 山东省兖州市 07-15 16:23 -> 安徽省宿州市 07-16 08:24 1271 46129
1412955
0
17848072
1154154
1
INSCRIPTIONS 广东省澄海市 07-16 15:57 -> 河南省长葛市 07-17 07:31 1817 84654
0
0
1
INSCRIPTIONS 广西防城港市 06-24 03:19 -> 北京市 06-24 12:58 843 64719
0
Matterhorn 角峰 itself.a.Power@II.It 3
21339668
0
8
[success] LeavesofGrass 山东省兖州市 07-24 16:23 -> 湖北省荆州市 07-24 21:14 121 5939
[success] LeavesofGrass 山东省兖州市 08-16 16:23 -> 吉林省松原市 08-17 06:42 833 12566
[success] LeavesofGrass 山东省兖州市 07-12 16:23 -> 吉林省松原市 07-13 06:42 833 13796
[success] LeavesofGrass 北京市 06-20 14:47 -> 湖北省荆州市 06-20 21:14 600 5725
[success] LeavesofGrass 北京市 08-11 14:47 -> 天津市 08-11 15:36 153 2285
[success] LeavesofGrass 北京市 07-10 14:47 -> 浙江省海宁市 07-11 02:15 975 2324
[success] LeavesofGrass 天津市 08-29 15:43 -> 安徽省宿州市 08-30 08:24 1597 6089
[success] LeavesofGrass 天津市 07-06 15:43 -> 吉林省松原市 07-07 06:42 1159 10653
0
0
Skadi 斯卡蒂 the.contending@classes.In 1
20034000
Ethan 伊桑 party.itself@To.this 3
0
3473772
0
0
37704660
9743175
0
Liskarm 雷蛇 sprang.the@chartered.burghers 4
0
Sideroca 铸铁 aims.their@tendencies.and 4
0
Beagle 米格 the.increase@in.the 2
11348568
0
0
16324572
0
1
INSCRIPTIONS 山西省霍州市 07-14 09:31 -> 河南省洛阳市 07-14 10:21 182 82952
Siege 推进 elements.of@the.bourgeoisie 2
3220714
0
6815996
1
LeavesofGrass 浙江省海宁市 07-21 02:24 -> 吉林省松原市 07-21 06:42 337 64954
28598427
4530687
0
0
16003776
GreyThroat 灰喉 industrial@production.was 3
Amiya 阿米娅 Freeman.and@slave.patrician 2
0
0
Siege 推进 elements.of@the.bourgeoisie 2
14870254
2053344
1977858
1481996
Nightingale 夜莺 trade.with@the.colonies 3
898338
1696178
0
0
0
0
Skadi 斯卡 the.contending@classes.In 1
11434694
194834
0
0
5662305
0
0
0
Frostleaf 霜叶 fresh.ground@for.the 4
Midnight 月见夜 journeymen@apprentices.serfs 2
2363487
Bagpipe 风笛 that.has.sprouted@from.the 3
0
0
0
0
0
0
0
8316000
1
INSCRIPTIONS 广东省澄海市 06-27 15:57 -> 广东省佛山市 06-27 20:46 824 84654
Perfumer 调香师 a.whole.is@more.and 2
22156016
0
0
14369926
0
1
INSCRIPTIONS 河南省洛阳市 06-18 10:26 -> 河南省漯河市 06-18 19:50 1409 76901
Provence 普罗旺斯 in.London.and@sketched.the 3
0
2860618
2786032
0
0
0
4112250
Blaze 煌煌 each.other@Bourgeoisie.and 2
1
LeavesofGrass 浙江省海宁市 06-18 02:24 -> 安徽省宿州市 06-18 08:24 775 49749
949312
1
LeavesofGrass 北京市 08-30 14:47 -> 浙江省海宁市 08-31 02:15 975 50184
4078875
32324382
0
Meteorite 陨星 has.simplified@the.class 4
Steward 史都华德 its.place.The@guildmasters.wer 1
12553125
Perfumer 调香师 a.whole.is@more.and 2
11458944
1107249
0
3313648
5107908
1008330
-1
Amiya 阿米娅 Freeman.and@slave.patrician 2
12882060
1
[success] LeavesofGrass 山东省兖州市 08-27 16:23 -> 安徽省宿州市 08-28 08:24 1271 4455
19759189
0
9922696
1
LeavesofGrass 浙江省海宁市 07-31 02:24 -> 安徽省宿州市 07-31 08:24 775 6772
0
0
0
0
2197173
19071500
4655255
4903687
1190799
23091250
2504316
Frostleaf 霜叶 fresh.ground@for.the 4
4126508
0
0
Sora 空空 of.America@the.rounding 2
0
0
1
INSCRIPTIONS 广东省新会市 07-22 23:52 -> 河北省任丘市 07-23 06:25 576 84654
423000
1010880
Plume 翎羽 and.Danish@languages.I 1
5760393
queue
0
ShiraYuki 白雪 thereby.to@the.revolutionary 1
0
15163200
0
0
Sideroca 铸铁 aims.their@tendencies.and 4
11665332
14825600
1454265
7
[pending] LeavesofGrass 天津市 07-30 15:43 -> 吉林省松原市 07-31 06:42 1159 11878
[success] INSCRIPTIONS 安徽省淮北市 07-13 00:08 -> 河南省漯河市 07-13 19:50 2548 857
[success] LeavesofGrass 山东省兖州市 08-29 16:23 -> 安徽省宿州市 08-30 08:24 1271 13397
[pending] LeavesofGrass 天津市 07-10 15:43 -> 安徽省宿州市 07-11 08:24 1597 16317
[success] LeavesofGrass 北京市 08-16 14:47 -> 天津市 08-16 15:36 153 3709
[success] LeavesofGrass 北京市 07-13 14:47 -> 湖北省荆州市 07-13 21:14 600 10137
[success] LeavesofGrass 天津市 07-23 15:43 -> 安徽省宿州市 07-24 08:24 1597 13422
0
1
INSCRIPTIONS 福建省龙海市 06-23 03:30 -> 河南省长葛市 06-23 07:31 381 84654
933283
Executor 送葬人 place.of.the@old.ones 4
1091846
Shining 闪灵 division.of@labour.between 4
7
[success] LeavesofGrass 北京市 06-28 14:47 -> 山东省兖州市 06-28 16:14 479 8758
[success] LeavesofGrass 山东省兖州市 08-21 16:23 -> 湖北省荆州市 08-21 21:14 121 6517
[success] LeavesofGrass 天津市 08-25 15:43 -> 湖北省荆州市 08-25 21:14 447 12782
[success] LeavesofGrass 山东省兖州市 08-16 16:23 -> 安徽省宿州市 08-17 08:24 1271 6832
[success] LeavesofGrass 北京市 06-28 14:47 -> 安徽省宿州市 06-29 08:24 1750 484
[success] LeavesofGrass 浙江省海宁市 08-23 02:24 -> 吉林省松原市 08-23 06:42 337 10925
[success] LeavesofGrass 天津市 08-12 15:43 -> 吉林省松原市 08-13 06:42 1159 16464
Hung 吽吽 Communistic@by.its 4
45628305
2044845
0
0
Rope 暗索 and.plebeian@lord.and 3
9997155
0
39449872
1
LeavesofGrass 天津市 07-22 15:43 -> 浙江省海宁市 07-23 02:15 822 32299
Myrtle 桃金娘 meet.this.nursery@tale.of 3
0
0
0
12803040
1
INSCRIPTIONS 河南省禹州市 06-29 01:17 -> 辽宁省沈阳市 06-29 08:04 744 84654
ProjeKTRed 红红 rising.Even@manufacture.no 2
Broca 布洛 two.great.hostile@camps.into 2
2139514
0
23124500
0
1522746
0
0
0
Platinum 白金 classes.again@subordinate.grad 1
3901040
0
2627066
0
17239530
4685100
queue
Melantha 玫兰莎 The.manufacturing@system.took 1
11316474
0
Schwarz 黑黑 is.the.Opposition@that.has 3
1
LeavesofGrass 北京市 07-21 14:47 -> 吉林省松原市 07-22 06:42 1312 27036
51578646
Phantom 傀影 and.machinery@revolutionised.i 4
Ethan 伊桑 party.itself@To.this 3
0
0
0
-1
0
Steward 史都华德 its.place.The@guildmasters.wer 1
18963500
0
1
LeavesofGrass 北京市 08-27 14:47 -> 吉林省松原市 08-28 06:42 1312 18927
0
2507617
0
18772323
0
0
196605
4643676
Melantha 玫兰莎 The.manufacturing@system.took 1
91512
0
Steward 史都华德 its.place.The@guildmasters.wer 1
0
INSCRIPTIONS X
安徽省淮北市 xx-xx xx:xx -> 07-15 00:08 0 84654
河南省禹州市 07-15 01:12 -> 07-15 01:17 96 83326
广西防城港市 07-15 03:11 -> 07-15 03:19 581 83326
贵州省都匀市 07-15 06:08 -> 07-15 06:12 700 84654
辽宁省沈阳市 07-15 08:04 -> 07-15 08:14 840 84654
山西省霍州市 07-15 09:27 -> 07-15 09:31 957 84654
河南省洛阳市 07-15 10:21 -> 07-15 10:26 1139 84654
北京市 07-15 12:58 -> 07-15 13:06 1424 84654
广东省澄海市 07-15 15:53 -> 07-15 15:57 1794 84654
江苏省吴县市 07-15 17:57 -> 07-15 18:06 2174 84654
河南省漯河市 07-15 19:50 -> 07-15 19:59 2548 84654
广东省佛山市 07-15 20:46 -> 07-15 20:54 2618 84654
广东省新会市 07-15 23:42 -> 07-15 23:52 2703 84654
吉林省九台市 07-16 01:32 -> 07-16 01:42 2769 84654
福建省龙海市 07-16 03:20 -> 07-16 03:30 3230 84654
河北省任丘市 07-16 06:25 -> 07-16 06:31 3279 84654
河南省长葛市 07-16 07:31 -> xx-xx xx:xx 3611 x
1
LeavesofGrass 北京市 08-13 14:47 -> 浙江省海宁市 08-14 02:15 975 35284
31729282
0
0
35806620
27655155
1
LeavesofGrass 北京市 07-05 14:47 -> 安徽省宿州市 07-06 08:24 1750 37250
4
[success] INSCRIPTIONS 广西防城港市 07-07 03:19 -> 河南省洛阳市 07-07 10:21 558 18930
[success] INSCRIPTIONS 河南省洛阳市 06-23 10:26 -> 福建省龙海市 06-24 03:20 2091 7575
[success] LeavesofGrass 山东省兖州市 07-16 16:23 -> 湖北省荆州市 07-16 21:14 121 3871
[success] LeavesofGrass 天津市 07-03 15:43 -> 安徽省宿州市 07-04 08:24 1597 15434
Sora 空空 of.America@the.rounding 2
16611970
0
4737575
Bagpipe 风笛 that.has.sprouted@from.the 3
1
INSCRIPTIONS 河南省漯河市 07-10 19:59 -> 河南省长葛市 07-11 07:31 1063 83094
0
1
INSCRIPTIONS 广西防城港市 06-13 03:19 -> 福建省龙海市 06-14 03:20 2649 71946
Croissant 可颂 feudal.society@a.rapid 4
0
Sideroca 铸铁 aims.their@tendencies.and 4
7039170
Flamebringer 炎客 that.each.time@ended.either 3
1
INSCRIPTIONS 河南省禹州市 06-19 01:17 -> 北京市 06-19 12:58 1328 84654
5850504
0
queue
Astesia 星极 face.of.the@whole.world 3
0
0
SilverAsh 银灰 following.Manifesto@to.be 4
11593694
2371050
19483156
Ethan 伊桑 party.itself@To.this 3
50651497
3121968
Chen 陈陈 colonisation@of.America 4
GreyThroat 灰喉 industrial@production.was 3
8
[success] LeavesofGrass 山东省兖州市 07-04 16:23 -> 安徽省宿州市 07-05 08:24 1271 13070
[success] LeavesofGrass 北京市 07-02 14:47 -> 吉林省松原市 07-03 06:42 1312 11300
[success] LeavesofGrass 北京市 07-30 14:47 -> 湖北省荆州市 07-30 21:14 600 8023
[success] LeavesofGrass 山东省兖州市 07-22 16:23 -> 浙江省海宁市 07-23 02:15 496 6802
[success] LeavesofGrass 天津市 07-17 15:43 -> 安徽省宿州市 07-18 08:24 1597 14183
[success] LeavesofGrass 山东省兖州市 08-08 16:23 -> 浙江省海宁市 08-09 02:15 496 5249
[success] LeavesofGrass 北京市 06-27 14:47 -> 吉林省松原市 06-28 06:42 1312 16071
[success] LeavesofGrass 山东省兖州市 07-27 16:23 -> 安徽省宿州市 07-28 08:24 1271 14417
1807524
-1
363720
0
1
INSCRIPTIONS 贵州省都匀市 07-18 06:12 -> 江苏省吴县市 07-18 17:57 1474 71052
188247
6
[success] LeavesofGrass 北京市 08-24 14:47 -> 湖北省荆州市 08-24 21:14 600 3756
[success] LeavesofGrass 湖北省荆州市 08-18 21:20 -> 浙江省海宁市 08-19 02:15 375 8679
[success] LeavesofGrass 山东省兖州市 08-26 16:23 -> 安徽省宿州市 08-27 08:24 1271 9173
[success] LeavesofGrass 山东省兖州市 08-28 16:23 -> 安徽省宿州市 08-29 08:24 1271 14259
[success] LeavesofGrass 天津市 07-10 15:43 -> 湖北省荆州市 07-10 21:14 447 12431
[refunded] LeavesofGrass 天津市 06-18 15:43 -> 湖北省荆州市 06-18 21:14 447 2811
0
2288448
16936432
0
33595851
5455352
0
Astesia 星极 face.of.the@whole.world 3
Bagpipe 风笛 of.manufacture@was.taken 3
0
0
9992850
3412020
0
Beagle 米格 the.increase@in.the 2
Durnar 坚雷 of.the.earliest@towns.From 3
6207361
0
Mayer 梅尔 now.open.fight@a.fight 4
20168750
0
0
Flamebringer 炎客 that.each.time@ended.either 3
7111806
1
TOFOREIGNLANDS 吉林省长春市 07-20 21:34 -> 天津市 07-21 18:55 364 7812
Sideroca 铸铁 aims.their@tendencies.and 4
8
[success] LeavesofGrass 山东省兖州市 08-27 16:23 -> 吉林省松原市 08-28 06:42 833 13918
[success] INSCRIPTIONS 安徽省淮北市 06-12 00:08 -> 广东省新会市 06-12 23:42 2703 19082
[success] INSCRIPTIONS 河南省洛阳市 06-20 10:26 -> 广东省新会市 06-20 23:42 1564 17481
[success] LeavesofGrass 吉林省松原市 08-22 06:49 -> 安徽省宿州市 08-22 08:24 438 6287
[success] LeavesofGrass 天津市 07-03 15:43 -> 浙江省海宁市 07-04 02:15 822 548
[success] LeavesofGrass 山东省兖州市 07-30 16:23 -> 安徽省宿州市 07-31 08:24 1271 12358
[success] LeavesofGrass 北京市 07-20 14:47 -> 浙江省海宁市 07-21 02:15 975 1521
[success] LeavesofGrass 吉林省松原市 08-21 06:49 -> 安徽省宿州市 08-21 08:24 438 7085
0
Myrtle 桃金娘 meet.this.nursery@tale.of 3
0
2817920
0
Flamebringer 炎客 that.each.time@ended.either 3
0
664640
0
0
0
0
34125328
4489668
0
7860783
4686000
12667700
5708960
8962800
0
0
30906
0
1
TOFOREIGNLANDS 吉林省长春市 06-27 21:34 -> 天津市 06-28 18:55 364 7812
5774824
158730
queue
Rope 暗索 and.plebeian@lord.and 3
0
Melantha 玫兰 The.manufacturing@system.took 1
Utage 宴宴 the.markets@kept.ever 2
32860212
0
GreyThroat 灰喉 industrial@production.was 3
13033408
0
Savage 暴行 vanished.in@the.face 4
1
INSCRIPTIONS 河南省洛阳市 06-19 10:26 -> 北京市 06-19 12:58 285 84654
Rope 暗索 and.plebeian@lord.and 3
2379150
0
23338320
Gavial 嘉维尔 serfs.of.the@Middle.Ages 1
5651868
0
0
2869218
15360576
0
235206
527800
5575877
2173794
4804875
1621647
Conviction 断罪者 pushed.on.one@side.by 2
0
306432
665820
0
Franka 芙兰 in.a.revolutionary@reconstitut 7
3942312
Skadi 斯卡 the.contending@classes.In 1
0
251108
0
27634812
0
Specter 幽灵鲨 the.bourgeoisie@possesses.howe 4
1
TOFOREIGNLANDS 山东省滕州市 06-25 02:54 -> 山西省潞城市 06-25 08:19 168 7812
0
67085158
0
0
23669137
0
2015400
0
queue
2378250
0
Siege 推进 elements.of@the.bourgeoisie 2
10888500
Vigna 红豆 wants.of.the@new.markets 4
128945
10037450
3383
1
LeavesofGrass 天津市 08-27 15:43 -> 湖北省荆州市 08-27 21:14 447 35456
0
531440
0
0
1
INSCRIPTIONS 河南省禹州市 06-21 01:17 -> 河南省长葛市 06-22 07:31 3515 51574
Liskarm 雷蛇 sprang.the@chartered.burghers 4
12158950
0
260904
Rope 暗索 and.plebeian@lord.and 3
8
[success] INSCRIPTIONS 安徽省淮北市 07-10 00:08 -> 河南省长葛市 07-11 07:31 3611 14027
[success] INSCRIPTIONS 河南省禹州市 07-15 01:17 -> 贵州省都匀市 07-15 06:08 604 1328
[success] LeavesofGrass 北京市 08-08 14:47 -> 浙江省海宁市 08-09 02:15 975 5101
[success] LeavesofGrass 湖北省荆州市 08-08 21:20 -> 吉林省松原市 08-09 06:42 712 12194
[success] LeavesofGrass 北京市 08-14 14:47 -> 湖北省荆州市 08-14 21:14 600 12650
[success] LeavesofGrass 吉林省松原市 07-05 06:49 -> 安徽省宿州市 07-05 08:24 438 13211
[success] LeavesofGrass 北京市 07-02 14:47 -> 安徽省宿州市 07-03 08:24 1750 12274
[success] LeavesofGrass 天津市 06-23 15:43 -> 吉林省松原市 06-24 06:42 1159 7055
0
Blaze 煌煌 each.other@Bourgeoisie.and 2
Meteor 流星 MANIFESTO.OF@THE.COMMUNIST 8
ShiraYuki 白雪 thereby.to@the.revolutionary 1
2471568
0
1002368
22174345
GreyThroat 灰喉 industrial@production.was 3
0
35708750
1
TOFOREIGNLANDS 山东省滕州市 06-29 02:54 -> 山西省潞城市 06-29 08:19 168 7812
0
Scavenger 清道夫 new.forms.of@struggle.in 1
Provence 普罗旺斯 in.London.and@sketched.the 3
6
[success] LeavesofGrass 北京市 08-24 14:47 -> 湖北省荆州市 08-24 21:14 600 3756
[success] LeavesofGrass 湖北省荆州市 08-18 21:20 -> 浙江省海宁市 08-19 02:15 375 8679
[success] LeavesofGrass 山东省兖州市 08-26 16:23 -> 安徽省宿州市 08-27 08:24 1271 9173
[success] LeavesofGrass 山东省兖州市 08-28 16:23 -> 安徽省宿州市 08-29 08:24 1271 14259
[success] LeavesofGrass 天津市 07-10 15:43 -> 湖北省荆州市 07-10 21:14 447 12431
[refunded] LeavesofGrass 天津市 06-18 15:43 -> 湖北省荆州市 06-18 21:14 447 2811
Executor 送葬人 place.of.the@old.ones 4
1
TOFOREIGNLANDS 山东省滕州市 06-29 02:54 -> 天津市 06-29 18:55 185 7812
214368
0
0
8752650
1
INSCRIPTIONS 安徽省淮北市 07-21 00:08 -> 广东省澄海市 07-21 15:53 1794 60044
queue
Midnight 月见夜 journeymen@apprentices.serfs 2
0
910160
0
356587
5300373
0
0
Midnight 月见夜 journeymen@apprentices.serfs 2
1
puzzletheNewWorld 广东省顺德市 06-15 09:38 -> 河北省丰南市 06-15 16:34 1186 28380
-1
5480552
Aak 阿阿 were.developed@The.discovery 3
Ambriel 安比尔 in.each.single@workshop.Meanti 2
Matterhorn 角峰 itself.a.Power@II.It 3
queue
4
[success] INSCRIPTIONS 贵州省都匀市 07-09 06:12 -> 北京市 07-09 12:58 724 3459
[success] INSCRIPTIONS 河南省禹州市 06-23 01:17 -> 吉林省九台市 06-24 01:32 2673 10699
[success] LeavesofGrass 山东省兖州市 07-12 16:23 -> 安徽省宿州市 07-13 08:24 1271 4279
[success] LeavesofGrass 浙江省海宁市 07-22 02:24 -> 安徽省宿州市 07-22 08:24 775 15841
1
INSCRIPTIONS 河南省禹州市 06-24 01:17 -> 河南省洛阳市 06-24 10:21 1043 54324
0
0
1
TOFOREIGNLANDS 山东省滕州市 06-19 02:54 -> 山西省潞城市 06-19 08:19 168 7812
0
1
INSCRIPTIONS 安徽省淮北市 07-21 00:08 -> 吉林省九台市 07-22 01:32 2769 55821
0
queue
0
1
LeavesofGrass 天津市 07-15 15:43 -> 安徽省宿州市 07-16 08:24 1597 37444
791250
2637248
Amiya 阿米娅 Freeman.and@slave.patrician 2
Mousse 慕斯 longer.sufficed@Thereupon.stea 3
2637374
207144
1
puzzletheNewWorld 辽宁省盘锦市 08-12 17:56 -> 广东省顺德市 08-13 09:31 1559 28380
Phantom 傀影 and.machinery@revolutionised.i 4
Perfumer 调香师 a.whole.is@more.and 2
0
2198588
3893791
7377465
Conviction 断罪者 pushed.on.one@side.by 2
0
30566172
Flamebringer 炎客 that.each.time@ended.either 3
475839
0
-1
1287864
316830
8543028
7508944
8546670
1086825
16262750
17888054
queue
5023860
Beagle 米格 the.increase@in.the 2
37767609
1863999
7287260
5985536
1820017
5
[success] LeavesofGrass 湖北省荆州市 08-09 21:20 -> 吉林省松原市 08-10 06:42 712 3704
[success] INSCRIPTIONS 河南省漯河市 06-16 19:59 -> 广东省佛山市 06-16 20:46 70 5196
[success] LeavesofGrass 天津市 07-18 15:43 -> 湖北省荆州市 07-18 21:14 447 15629
[success] LeavesofGrass 天津市 07-04 15:43 -> 安徽省宿州市 07-05 08:24 1597 5443
[success] LeavesofGrass 北京市 06-26 14:47 -> 吉林省松原市 06-27 06:42 1312 13673
0
0
1
TOFOREIGNLANDS 吉林省长春市 07-02 21:34 -> 山东省滕州市 07-03 02:46 179 7812
0
1
puzzletheNewWorld 黑龙江省齐齐哈尔市 07-28 15:11 -> 广西河池市 07-29 05:09 1572 28380
Amiya 阿米娅 Freeman.and@slave.patrician 2
Courier 讯使 two.great.classes@directly.fac 3
0
Frostleaf 霜叶 fresh.ground@for.the 4
Platinum 白金 classes.again@subordinate.grad 1
3968403
0
11554032
0
10364256
Mousse 慕斯 longer.sufficed@Thereupon.stea 3
0
779740
0
190344
1
puzzletheNewWorld 浙江省瑞安市 07-01 10:56 -> 山东省泰安市 07-01 12:26 418 28380
0
0
Durnar 坚雷 of.the.earliest@towns.From 3
Vigna 红豆 middle.class@by.industrial 4
0
8178553
0
0
18182775
5
[success] puzzletheNewWorld 吉林省长春市 07-02 22:42 -> 江苏省金坛市 07-03 04:27 744 1731
[success] INSCRIPTIONS 贵州省都匀市 06-12 06:12 -> 河南省漯河市 06-12 19:50 1848 8312
[success] INSCRIPTIONS 贵州省都匀市 07-01 06:12 -> 吉林省九台市 07-02 01:32 2069 11280
[success] LeavesofGrass 浙江省海宁市 06-22 02:24 -> 吉林省松原市 06-22 06:42 337 9264
[success] INSCRIPTIONS 广东省澄海市 07-20 15:57 -> 河北省任丘市 07-21 06:25 1485 18623
Bagpipe 风笛 of.manufacture@was.taken 3
28934
0
20615022
0
0
Provence 普罗旺斯 in.London.and@sketched.the 3
8450269
8695
0
Melantha 玫兰 The.manufacturing@system.took 1
911040
Savage 暴行 vanished.in@the.face 4
Vanilla 香草 of.the.Cape@opened.up 2
1
puzzletheNewWorld 江苏省金坛市 07-17 04:36 -> 广西河池市 07-17 05:09 65 28380
Flamebringer 炎客 that.each.time@ended.either 3
0
4136091
6118229
4988073
11765600
25377858
1
INSCRIPTIONS 安徽省淮北市 06-27 00:08 -> 广东省新会市 06-27 23:42 2703 66193
1
INSCRIPTIONS 北京市 07-07 13:06 -> 广东省澄海市 07-07 15:53 370 84654
-1
0
Specter 幽灵鲨 the.bourgeoisie@possesses.howe 4
Snowsant 雪雉 nationalities@have.assembled 3
0
0
0
Savage 暴行 vanished.in@the.face 4
1
puzzletheNewWorld 北京市 07-23 01:22 -> 河北省河间市 07-23 01:52 297 28380
1
INSCRIPTIONS 广西防城港市 07-08 03:19 -> 山西省霍州市 07-08 09:27 376 35307
1656127
2701408
1
IHEARDthatyouask 湖南省邵阳市 07-12 05:57 -> 天津市 07-12 15:51 1145 12443
0
1
INSCRIPTIONS 安徽省淮北市 06-14 00:08 -> 江苏省吴县市 06-14 17:57 2174 51069
0
Broca 布洛 two.great.hostile@camps.into 2
0
Siege 推进 elements.of@the.bourgeoisie 2
1
TOFOREIGNLANDS 吉林省长春市 06-28 21:34 -> 山东省滕州市 06-29 02:46 179 6498
0
9
[success] LeavesofGrass 吉林省松原市 08-10 06:49 -> 安徽省宿州市 08-10 08:24 438 11470
[success] LeavesofGrass 山东省兖州市 07-24 16:23 -> 安徽省宿州市 07-25 08:24 1271 4312
[success] INSCRIPTIONS 广东省新会市 06-16 23:52 -> 吉林省九台市 06-17 01:32 66 10987
[success] LeavesofGrass 浙江省海宁市 08-25 02:24 -> 安徽省宿州市 08-25 08:24 775 11868
[success] LeavesofGrass 湖北省荆州市 08-27 21:20 -> 安徽省宿州市 08-28 08:24 1150 14870
[success] LeavesofGrass 北京市 07-08 14:47 -> 湖北省荆州市 07-08 21:14 600 8615
[success] LeavesofGrass 北京市 08-12 14:47 -> 湖北省荆州市 08-12 21:14 600 2946
[success] LeavesofGrass 北京市 08-15 14:47 -> 山东省兖州市 08-15 16:14 479 11381
[success] LeavesofGrass 北京市 08-08 14:47 -> 安徽省宿州市 08-09 08:24 1750 2856
4866000
0
2849520
4335
0
19010862
7438690
Breeze 微风 has.not.been@decried.as 3
Beagle 米格 the.increase@in.the 2
8440145
Aak 阿阿 were.developed@The.discovery 3
-1
10379840
Steward 史都华德 its.place.The@guildmasters.wer 1
0
571162
0
2484112
22219920
6014750
6171544
497224
Executor 送葬人 place.of.the@old.ones 4
0
3621000
Skadi 斯卡 the.contending@classes.In 1
1
TOFOREIGNLANDS 吉林省长春市 07-18 21:34 -> 山东省滕州市 07-19 02:46 179 7812
0
Perfumer 调香师 a.whole.is@more.and 2
15530130
17731530
0
0
0
22035891
0
0
0
SilverAsh 银灰 following.Manifesto@to.be 4
0
0
0
5696685
1
INSCRIPTIONS 贵州省都匀市 07-15 06:12 -> 辽宁省沈阳市 07-15 08:04 140 84654
914260
8995200
Specter 幽灵鲨 the.bourgeoisie@possesses.howe 4
0
0
0
0
Phantom 傀影 and.machinery@revolutionised.i 4
200910
16587140
1
TOFOREIGNLANDS 山东省滕州市 06-27 02:54 -> 天津市 06-27 18:55 185 6446
Snowsant 雪雉 nationalities@have.assembled 3
6878955
0
12260130
4285875
5109072
0
GreyThroat 灰喉 industrial@production.was 3
1807982
1
LeavesofGrass 山东省兖州市 07-13 16:23 -> 吉林省松原市 07-14 06:42 833 4550
4998063
Myrtle 桃金娘 meet.this.nursery@tale.of 3
24148360
7125814
Nightingale 夜莺 trade.with@the.colonies 3
0
8967744
1789492
6159594
22056908
0
0
Blaze 煌煌 each.other@Bourgeoisie.and 2
0
0
0
Provence 普罗旺斯 in.London.and@sketched.the 3
Mousse 慕斯 longer.sufficed@Thereupon.stea 3
Indra 因陀罗 millionaires@the.leaders 1
4937136
1
INSCRIPTIONS 辽宁省沈阳市 06-30 08:14 -> 河南省漯河市 06-30 19:50 1708 84654
5103416
0
0
1
puzzletheNewWorld 江西省九江市 07-03 19:49 -> 广西河池市 07-04 05:09 1046 28380
23530104
0
0
1297368
0
1
IHEARDthatyouask 湖北省老河口市 07-11 21:39 -> 黑龙江省五常市 07-12 09:09 1369 12443
422406
2710800
2943038
Matterhorn 角峰 itself.a.Power@II.It 3
43204030
0
1
puzzletheNewWorld 吉林省长春市 08-02 22:42 -> 山东省泰安市 08-03 12:26 1733 28380
0
0
0
1868878
0
0
0
3734656
Specter 幽灵鲨 the.bourgeoisie@possesses.howe 4
3807120
Phantom 傀影 and.machinery@revolutionised.i 4
3909984
0
0
5
[success] INSCRIPTIONS 河南省禹州市 06-20 01:17 -> 广东省新会市 06-20 23:42 2607 14487
[success] LeavesofGrass 北京市 08-01 14:47 -> 天津市 08-01 15:36 153 9235
[success] INSCRIPTIONS 广东省佛山市 07-01 20:54 -> 福建省龙海市 07-02 03:20 612 11121
[success] LeavesofGrass 天津市 07-23 15:43 -> 安徽省宿州市 07-24 08:24 1597 8220
[success] LeavesofGrass 山东省兖州市 07-25 16:23 -> 安徽省宿州市 07-26 08:24 1271 13982
0
1
LeavesofGrass 天津市 07-17 15:43 -> 安徽省宿州市 07-18 08:24 1597 24144
Breeze 微风 has.not.been@decried.as 3
Amiya 阿米娅 Freeman.and@slave.patrician 2
1
INSCRIPTIONS 广东省新会市 06-15 23:52 -> 吉林省九台市 06-16 01:32 66 43183
0
2419074
0
4616304
0
0
-1
10646654
Hellagur 赫拉格 not.done.away@with.class 2
Flamebringer 炎客 that.each.time@ended.either 3
May 梅梅 means.of.exchange@and.in 4
0
5397256
7226946
Executor 送葬人 place.of.the@old.ones 4
3549990
35976150
35371
1
LeavesofGrass 天津市 07-08 15:43 -> 安徽省宿州市 07-09 08:24 1597 30255
8732502
0
0
550740
Phantom 傀影 and.machinery@revolutionised.i 4
Meteorite 陨星 has.simplified@the.class 4
0
2849625
6484410
1
puzzletheNewWorld 江西省九江市 07-28 19:49 -> 浙江省瑞安市 07-29 10:49 1552 28380
13234200
1
LeavesofGrass 北京市 08-28 14:47 -> 天津市 08-28 15:36 153 59707
Shining 闪灵 division.of@labour.between 4
1874327
1
TOFOREIGNLANDS 吉林省长春市 07-13 21:34 -> 山西省潞城市 07-14 08:19 347 6536
1696365
8537307
2413200
1
LeavesofGrass 天津市 07-01 15:43 -> 湖北省荆州市 07-01 21:14 447 7846
May 梅梅 America.paved@the.way 4
0
2
puzzletheNewWorld 吉林省长春市 06-15 22:42 -> 天津市 06-16 07:44 1001 28380
TOFOREIGNLANDS 吉林省长春市 06-15 21:34 -> 天津市 06-16 18:55 364 7812
1
INSCRIPTIONS 北京市 07-05 13:06 -> 广东省澄海市 07-05 15:53 370 84654
2750462
0
637439
Croissant 可颂 This.market@has.given 4
0
0
1
IHEARDthatyouask 天津市 06-30 15:54 -> 广东省韶关市 06-30 18:48 122 12443
20385151
1855890
16056288
0
10980184
3827875
189168
1
TOFOREIGNLANDS 吉林省长春市 07-03 21:34 -> 山西省潞城市 07-04 08:19 347 6726
-1
2483142
-1
-1
0
1346544
Amiya 阿米娅 Freeman.and@slave.patrician 2
Blaze 煌煌 each.other@Bourgeoisie.and 2
0
Ethan 伊桑 party.itself@To.this 3
2845875
7
[success] INSCRIPTIONS 安徽省淮北市 07-02 00:08 -> 广东省澄海市 07-02 15:53 1794 13116
[success] INSCRIPTIONS 安徽省淮北市 06-13 00:08 -> 广东省澄海市 06-13 15:53 1794 4762
[success] LeavesofGrass 北京市 06-19 14:47 -> 吉林省松原市 06-20 06:42 1312 764
[success] LeavesofGrass 北京市 07-28 14:47 -> 安徽省宿州市 07-29 08:24 1750 6222
[success] INSCRIPTIONS 贵州省都匀市 06-24 06:12 -> 河南省长葛市 06-25 07:31 2911 11541
[pending] LeavesofGrass 北京市 07-01 14:47 -> 湖北省荆州市 07-01 21:14 600 11370
[success] LeavesofGrass 北京市 08-02 14:47 -> 天津市 08-02 15:36 153 6621
1
puzzletheNewWorld 辽宁省盘锦市 07-09 17:56 -> 吉林省长春市 07-09 22:34 504 27732
1
TOFOREIGNLANDS 吉林省长春市 06-28 21:34 -> 山西省潞城市 06-29 08:19 347 6498
Ambriel 安比尔 in.each.single@workshop.Meanti 2
2698092
0
0
8410622
Steward 史都华德 its.place.The@guildmasters.wer 1
3733302
1
INSCRIPTIONS 安徽省淮北市 07-21 00:08 -> 辽宁省沈阳市 07-21 08:04 840 60044
5
[success] LeavesofGrass 山东省兖州市 08-08 16:23 -> 安徽省宿州市 08-09 08:24 1271 14074
[success] INSCRIPTIONS 贵州省都匀市 07-09 06:12 -> 北京市 07-09 12:58 724 3459
[success] INSCRIPTIONS 河南省禹州市 06-23 01:17 -> 吉林省九台市 06-24 01:32 2673 10699
[success] LeavesofGrass 山东省兖州市 07-12 16:23 -> 安徽省宿州市 07-13 08:24 1271 4279
[success] LeavesofGrass 浙江省海宁市 07-22 02:24 -> 安徽省宿州市 07-22 08:24 775 15841
0
0
2208024
Flamebringer 炎客 that.each.time@ended.either 3
9995520
0
Spot 斑点 guilds.now@no.longer 2
Spot 斑点 guilds.now@no.longer 2
0
1
IHEARDthatyouask 新疆和田市 06-24 18:31 -> 湖北省应城市 06-25 02:25 1704 12443
29959160
Meteorite 陨星 has.simplified@the.class 4
Adnachiel 安德切尔 branding.reproach@of.Communism 4
1
TOFOREIGNLANDS 山西省潞城市 06-26 08:22 -> 天津市 06-26 18:55 17 7812
Ambriel 安比尔 in.each.single@workshop.Meanti 2
1
puzzletheNewWorld 浙江省瑞安市 06-25 10:56 -> 湖北省枝江市 06-25 12:57 710 28380
3
[success] LeavesofGrass 山东省兖州市 07-26 16:23 -> 浙江省海宁市 07-27 02:15 496 1835
[success] LeavesofGrass 浙江省海宁市 08-18 02:24 -> 安徽省宿州市 08-18 08:24 775 6113
[success] INSCRIPTIONS 河南省禹州市 06-24 01:17 -> 贵州省都匀市 06-24 06:08 604 19935
Sideroca 铸铁 aims.their@tendencies.and 4
519428
1
LeavesofGrass 山东省兖州市 07-19 16:23 -> 湖北省荆州市 07-19 21:14 121 57084
1
puzzletheNewWorld 江西省九江市 08-13 19:49 -> 河北省丰南市 08-14 16:34 2478 28380
0
6143175
Indra 因陀罗 millionaires@the.leaders 1
1496040
293232
Adnachiel 安德切 branding.reproach@of.Communism 4
332377
8673025
0
0
563836
1520637
1
INSCRIPTIONS 贵州省都匀市 06-25 06:12 -> 福建省龙海市 06-26 03:20 2530 84654
0
Chen 陈陈 colonisation@of.America 4
14467
0
3994122
Shining 闪灵 division.of@labour.between 4
3629925
20537420
Bison 拜松 feudal.lords@vassals.guildmast 4
5164992
0
2065125
0
3232873
0
1
TOFOREIGNLANDS 山西省潞城市 07-08 08:22 -> 天津市 07-08 18:55 17 7812
0
1406690
Platinum 白金 classes.again@subordinate.grad 1
0
0
9258590
Savage 暴行 vanished.in@the.face 4
Schwarz 黑黑 an.immense@development.to 3
1
LeavesofGrass 山东省兖州市 08-29 16:23 -> 湖北省荆州市 08-29 21:14 121 3362
0
0
1
TOFOREIGNLANDS 山西省潞城市 06-29 08:22 -> 天津市 06-29 18:55 17 7812
0
169336
702156
2
[success] INSCRIPTIONS 河南省禹州市 07-01 01:17 -> 广东省澄海市 07-01 15:53 1698 9456
[success] IHEARDthatyouask 黑龙江省五常市 07-11 09:18 -> 广东省韶关市 07-11 18:48 734 2438
0
853770
3247
10916053
2811900
0
4240808
1
TOFOREIGNLANDS 山西省潞城市 07-17 08:22 -> 天津市 07-17 18:55 17 7812
0
0
-1
6579
0
275723
0
0
1
INSCRIPTIONS 河南省洛阳市 06-13 10:26 -> 河南省长葛市 06-14 07:31 2472 67184
2
LeavesofGrass 北京市 07-30 14:47 -> 天津市 07-30 15:36 153 22705
puzzletheNewWorld 北京市 07-30 01:22 -> 天津市 07-30 07:44 879 28380
1535628
7
[success] LeavesofGrass 北京市 08-19 14:47 -> 山东省兖州市 08-19 16:14 479 12056
[success] LeavesofGrass 山东省兖州市 07-22 16:23 -> 浙江省海宁市 07-23 02:15 496 1340
[success] INSCRIPTIONS 广东省新会市 06-15 23:52 -> 河北省任丘市 06-16 06:25 576 19894
[success] LeavesofGrass 天津市 07-08 15:43 -> 山东省兖州市 07-08 16:14 326 4546
[success] LeavesofGrass 北京市 08-30 14:47 -> 湖北省荆州市 08-30 21:14 600 13558
[success] INSCRIPTIONS 河南省禹州市 07-12 01:17 -> 广东省澄海市 07-12 15:53 1698 16507
[success] LeavesofGrass 北京市 07-07 14:47 -> 天津市 07-07 15:36 153 8456
0
0
0
May 梅梅 communication@by.land 4
1
[success] INSCRIPTIONS 贵州省都匀市 07-11 06:12 -> 河北省任丘市 07-12 06:25 2579 13232
0
6618976
Silence 赫默 commerce.to@navigation.to 1
2565657
0
Sideroca 铸铁 This.development@has.in 4
12416800
0
1
LeavesofGrass 天津市 08-20 15:43 -> 吉林省松原市 08-21 06:42 1159 35435
Platinum 白金 classes.again@subordinate.grad 1
8
[success] TOFOREIGNLANDS 山东省滕州市 07-07 02:54 -> 天津市 07-07 18:55 185 47
[success] LeavesofGrass 山东省兖州市 07-13 16:23 -> 安徽省宿州市 07-14 08:24 1271 4387
[success] LeavesofGrass 天津市 07-15 15:43 -> 安徽省宿州市 07-16 08:24 1597 10822
[success] LeavesofGrass 天津市 08-20 15:43 -> 山东省兖州市 08-20 16:14 326 15356
[success] LeavesofGrass 天津市 07-16 15:43 -> 湖北省荆州市 07-16 21:14 447 13214
[success] LeavesofGrass 天津市 07-17 15:43 -> 吉林省松原市 07-18 06:42 1159 14161
[success] LeavesofGrass 天津市 08-24 15:43 -> 山东省兖州市 08-24 16:14 326 8887
[success] LeavesofGrass 湖北省荆州市 07-26 21:20 -> 安徽省宿州市 07-27 08:24 1150 931
queue
0
1
LeavesofGrass 北京市 08-31 14:47 -> 天津市 08-31 15:36 153 49321
Bison 拜松 feudal.lords@vassals.guildmast 4
0
1
INSCRIPTIONS 安徽省淮北市 06-24 00:08 -> 河南省长葛市 06-25 07:31 3611 41290
39569276
0
Provence 普罗旺斯 in.London.and@sketched.the 3
0
Sideroca 铸铁 This.development@has.in 4
0
Frostleaf 霜叶 fresh.ground@for.the 4
1
LeavesofGrass 天津市 07-30 15:43 -> 湖北省荆州市 07-30 21:14 447 3369
1
TOFOREIGNLANDS 山东省滕州市 06-19 02:54 -> 山西省潞城市 06-19 08:19 168 7812
1688707
0
Croissant 可颂 This.market@has.given 4
6048000
1
INSCRIPTIONS 河南省漯河市 07-19 19:59 -> 吉林省九台市 07-20 01:32 221 72073
6
[success] INSCRIPTIONS 河南省洛阳市 07-20 10:26 -> 河北省任丘市 07-21 06:25 2140 7751
[success] TOFOREIGNLANDS 山东省滕州市 07-09 02:54 -> 山西省潞城市 07-09 08:19 168 1233
[success] LeavesofGrass 浙江省海宁市 07-21 02:24 -> 吉林省松原市 07-21 06:42 337 14551
[success] LeavesofGrass 吉林省松原市 07-02 06:49 -> 安徽省宿州市 07-02 08:24 438 2051
[success] LeavesofGrass 山东省兖州市 08-10 16:23 -> 湖北省荆州市 08-10 21:14 121 11303
[pending] LeavesofGrass 天津市 07-23 15:43 -> 湖北省荆州市 07-23 21:14 447 15035
0
1
IHEARDthatyouask 广东省清远市 06-27 20:11 -> 江苏省东台市 06-28 12:53 2316 9796
3827210
Rope 暗索 and.plebeian@lord.and 3
0
Steward 史都华德 its.place.The@guildmasters.wer 1
0
0
0
0
0
5
[success] LeavesofGrass 北京市 07-27 14:47 -> 浙江省海宁市 07-28 02:15 975 2884
[success] LeavesofGrass 湖北省荆州市 08-22 21:20 -> 安徽省宿州市 08-23 08:24 1150 4074
[success] INSCRIPTIONS 安徽省淮北市 06-25 00:08 -> 河南省禹州市 06-25 01:12 96 10530
[success] LeavesofGrass 吉林省松原市 06-25 06:49 -> 安徽省宿州市 06-25 08:24 438 4688
[success] LeavesofGrass 吉林省松原市 08-07 06:49 -> 安徽省宿州市 08-07 08:24 438 14461
13412000
1
TOFOREIGNLANDS 吉林省长春市 07-09 21:34 -> 山西省潞城市 07-10 08:19 347 5988
Phantom 傀影 and.machinery@revolutionised.i 4
Beagle 米格 the.increase@in.the 2
0
1936632
5562000
queue
17819584
0
0
3029100
0
2285892
0
0
479752
10
[success] LeavesofGrass 北京市 08-20 14:47 -> 吉林省松原市 08-21 06:42 1312 13582
[success] LeavesofGrass 北京市 07-22 14:47 -> 安徽省宿州市 07-23 08:24 1750 9293
[success] LeavesofGrass 山东省兖州市 08-27 16:23 -> 吉林省松原市 08-28 06:42 833 13918
[success] INSCRIPTIONS 安徽省淮北市 06-12 00:08 -> 广东省新会市 06-12 23:42 2703 19082
[success] INSCRIPTIONS 河南省洛阳市 06-20 10:26 -> 广东省新会市 06-20 23:42 1564 17481
[success] LeavesofGrass 吉林省松原市 08-22 06:49 -> 安徽省宿州市 08-22 08:24 438 6287
[success] LeavesofGrass 天津市 07-03 15:43 -> 浙江省海宁市 07-04 02:15 822 548
[success] LeavesofGrass 山东省兖州市 07-30 16:23 -> 安徽省宿州市 07-31 08:24 1271 12358
[success] LeavesofGrass 北京市 07-20 14:47 -> 浙江省海宁市 07-21 02:15 975 1521
[success] LeavesofGrass 吉林省松原市 08-21 06:49 -> 安徽省宿州市 08-21 08:24 438 7085
1
LeavesofGrass 天津市 06-26 15:43 -> 湖北省荆州市 06-26 21:14 447 24025
0
Breeze 微风 has.not.been@decried.as 3
7193516
-1
4547141
20839316
Ethan 伊桑 party.itself@To.this 3
10698048
62266
99703
Phantom 傀影 and.machinery@revolutionised.i 4
0
0
0
0
0
17077156
0
4
[success] LeavesofGrass 天津市 08-17 15:43 -> 湖北省荆州市 08-17 21:14 447 11159
[success] TOFOREIGNLANDS 吉林省长春市 07-16 21:34 -> 山东省滕州市 07-17 02:46 179 1770
[success] puzzletheNewWorld 北京市 06-11 01:22 -> 广东省顺德市 06-11 09:31 933 5681
[success] INSCRIPTIONS 河南省漯河市 07-21 19:59 -> 吉林省九台市 07-22 01:32 221 4223
2725814
10895100
Bagpipe 风笛 of.manufacture@was.taken 3
0
0
Midnight 月见夜 journeymen@apprentices.serfs 2
0
May 梅梅 communication@by.land 4
0
10
[success] TOFOREIGNLANDS 吉林省长春市 06-27 21:34 -> 天津市 06-28 18:55 364 1427
[pending] LeavesofGrass 北京市 07-23 14:47 -> 安徽省宿州市 07-24 08:24 1750 12580
[success] LeavesofGrass 天津市 07-11 15:43 -> 湖北省荆州市 07-11 21:14 447 9125
[success] LeavesofGrass 浙江省海宁市 07-28 02:24 -> 安徽省宿州市 07-28 08:24 775 10788
[success] LeavesofGrass 天津市 06-20 15:43 -> 浙江省海宁市 06-21 02:15 822 2089
[success] INSCRIPTIONS 山西省霍州市 07-14 09:31 -> 广东省新会市 07-14 23:42 1746 1702
[success] LeavesofGrass 天津市 08-06 15:43 -> 湖北省荆州市 08-06 21:14 447 6334
[success] LeavesofGrass 天津市 08-30 15:43 -> 山东省兖州市 08-30 16:14 326 1219
[success] LeavesofGrass 北京市 07-05 14:47 -> 湖北省荆州市 07-05 21:14 600 5491
[success] LeavesofGrass 山东省兖州市 07-06 16:23 -> 浙江省海宁市 07-07 02:15 496 13689
Chen 陈陈 colonisation@of.America 4
10968699
643200
NoirCorne 黑角 of.division@of.labour 4
5119280
0
1672307
0
0
1
puzzletheNewWorld 山东省泰安市 08-07 12:36 -> 湖北省枝江市 08-07 12:57 292 28380
1
INSCRIPTIONS 贵州省都匀市 07-16 06:12 -> 河北省任丘市 07-17 06:25 2579 65025
Chen 陈陈 colonisation@of.America 4
3503040
2749764
0
0
5354349
0
12810707
0
Shining 闪灵 division.of@labour.between 4
puzzletheNewWorld N
黑龙江省齐齐哈尔市 xx-xx xx:xx -> 08-06 15:11 0 28380
山西省永济市 08-06 17:13 -> 08-06 17:17 35 28380
辽宁省盘锦市 08-06 17:48 -> 08-06 17:56 259 28380
江西省九江市 08-06 19:41 -> 08-06 19:49 526 28380
吉林省长春市 08-06 22:34 -> 08-06 22:42 763 28380
北京市 08-07 01:16 -> 08-07 01:22 885 28380
河北省河间市 08-07 01:52 -> 08-07 02:02 1182 28380
江苏省金坛市 08-07 04:27 -> 08-07 04:36 1507 28380
广西河池市 08-07 05:09 -> 08-07 05:15 1572 28380
天津市 08-07 07:44 -> 08-07 07:51 1764 28380
广东省顺德市 08-07 09:31 -> 08-07 09:38 1818 28380
浙江省瑞安市 08-07 10:49 -> 08-07 10:56 2078 28380
山东省泰安市 08-07 12:26 -> 08-07 12:36 2496 28380
湖北省枝江市 08-07 12:57 -> 08-07 13:05 2788 28380
安徽省阜阳市 08-07 14:37 -> 08-07 14:46 2964 28380
河北省丰南市 08-07 16:34 -> 08-07 16:42 3004 28380
江西省上饶市 08-07 18:45 -> xx-xx xx:xx 3446 x
0
0
Myrtle 桃金娘 meet.this.nursery@tale.of 3
0
0
0
ShiraYuki 白雪 thereby.to@the.revolutionary 1
0
Hung 吽吽 Communistic@by.its 4
732450
2676000
Chen 陈陈 colonisation@of.America 4
0
6149400
1065864
Midnight 月见夜 journeymen@apprentices.serfs 2
0
6306175
11662
0
0
1
puzzletheNewWorld 广东省顺德市 07-14 09:38 -> 湖北省枝江市 07-14 12:57 970 28380
Savage 暴行 vanished.in@the.face 4
0
8118072
0
0
0
Plume 翎羽 and.Danish@languages.I 1
3149487
4044030
Perfumer 调香师 a.whole.is@more.and 2
Mousse 慕斯 longer.sufficed@Thereupon.stea 3
1
LeavesofGrass 北京市 06-26 14:47 -> 湖北省荆州市 06-26 21:14 600 24025
14253855
57602
506143
0
Schwarz 黑黑 an.immense@development.to 3
1
LeavesofGrass 北京市 06-19 14:47 -> 吉林省松原市 06-20 06:42 1312 15351
1
INSCRIPTIONS 贵州省都匀市 07-21 06:12 -> 北京市 07-21 12:58 724 60044
0
0
Lappland 拉普兰德 modern.bourgeois@Modern.indust 4
20308448
0
10418850
Savage 暴行 vanished.in@the.face 4
0
Melantha 玫兰 The.manufacturing@system.took 1
16202781
1
TOFOREIGNLANDS 山东省滕州市 07-13 02:54 -> 山西省潞城市 07-13 08:19 168 7812
5398880
6934004
1024749
0
-1
Gummy 古米 of.whole.industrial@armies.the 3
Astesia 星极 face.of.the@whole.world 3
Nightingale 夜莺 trade.with@the.colonies 3
0
Jessica 杰西卡 for.which.the@discovery.of 2
0
13
[success] LeavesofGrass 浙江省海宁市 08-08 02:24 -> 安徽省宿州市 08-08 08:24 775 8137
[success] puzzletheNewWorld 河北省河间市 06-20 02:02 -> 湖北省枝江市 06-20 12:57 1606 5765
[success] INSCRIPTIONS 江苏省吴县市 06-22 18:06 -> 河南省长葛市 06-23 07:31 1437 4275
[success] INSCRIPTIONS 贵州省都匀市 06-21 06:12 -> 广东省佛山市 06-21 20:46 1918 15620
[success] TOFOREIGNLANDS 吉林省长春市 07-10 21:34 -> 山西省潞城市 07-11 08:19 347 1646
[success] LeavesofGrass 浙江省海宁市 07-31 02:24 -> 吉林省松原市 07-31 06:42 337 4620
[success] LeavesofGrass 天津市 07-23 15:43 -> 浙江省海宁市 07-24 02:15 822 5373
[success] LeavesofGrass 北京市 06-25 14:47 -> 山东省兖州市 06-25 16:14 479 11307
[success] LeavesofGrass 吉林省松原市 07-02 06:49 -> 安徽省宿州市 07-02 08:24 438 10550
[success] LeavesofGrass 天津市 06-23 15:43 -> 吉林省松原市 06-24 06:42 1159 10140
[success] LeavesofGrass 北京市 07-01 14:47 -> 浙江省海宁市 07-02 02:15 975 3923
[success] LeavesofGrass 天津市 08-11 15:43 -> 湖北省荆州市 08-11 21:14 447 64
[refunded] LeavesofGrass 吉林省松原市 07-02 06:49 -> 安徽省宿州市 07-02 08:24 438 15575
0
Indra 因陀 millionaires@the.leaders 1
0
1
puzzletheNewWorld 江苏省金坛市 08-13 04:36 -> 山东省泰安市 08-13 12:26 989 24188
0
0
4
[success] TOFOREIGNLANDS 吉林省长春市 06-26 21:34 -> 天津市 06-27 18:55 364 1549
[success] INSCRIPTIONS 河南省洛阳市 07-15 10:26 -> 河南省漯河市 07-15 19:50 1409 3504
[success] INSCRIPTIONS 广东省佛山市 07-22 20:54 -> 广东省新会市 07-22 23:42 85 2313
[success] INSCRIPTIONS 辽宁省沈阳市 07-01 08:14 -> 河南省漯河市 07-01 19:50 1708 2464
0
Amiya 阿米娅 Freeman.and@slave.patrician 2
0
0
1
puzzletheNewWorld 辽宁省盘锦市 07-11 17:56 -> 河北省丰南市 07-12 16:34 2745 28380
Savage 暴行 vanished.in@the.face 4
2
LeavesofGrass 北京市 07-31 14:47 -> 天津市 07-31 15:36 153 65422
puzzletheNewWorld 北京市 07-31 01:22 -> 天津市 07-31 07:44 879 28380
25833888
6
[success] LeavesofGrass 山东省兖州市 07-12 16:23 -> 吉林省松原市 07-13 06:42 833 15379
[success] LeavesofGrass 天津市 08-10 15:43 -> 山东省兖州市 08-10 16:14 326 15672
[pending] LeavesofGrass 天津市 07-01 15:43 -> 安徽省宿州市 07-02 08:24 1597 8420
[success] TOFOREIGNLANDS 山东省滕州市 06-24 02:54 -> 天津市 06-24 18:55 185 697
[success] LeavesofGrass 北京市 08-29 14:47 -> 湖北省荆州市 08-29 21:14 600 14989
[success] LeavesofGrass 天津市 08-18 15:43 -> 吉林省松原市 08-19 06:42 1159 5314
407378
19076439
queue
0
0
5202
13419630
Sora 空空 of.America@the.rounding 2
190680
Melantha 玫兰 The.manufacturing@system.took 1
0
130150
Amiya 阿米 Freeman.and@slave.patrician 2
0
1
INSCRIPTIONS 贵州省都匀市 06-26 06:12 -> 辽宁省沈阳市 06-26 08:04 140 84654
300625
-1
Breeze 微风 has.not.been@decried.as 3
1
LeavesofGrass 天津市 08-03 15:43 -> 浙江省海宁市 08-04 02:15 822 45699
0
0
22260000
bye
